#
# There is insufficient memory for the Java Runtime Environment to continue.
# Native memory allocation (mmap) failed to map 123731968 bytes for G1 virtual space
# Possible reasons:
#   The system is out of physical RAM or swap space
#   The process is running with CompressedOops enabled, and the Java Heap may be blocking the growth of the native heap
# Possible solutions:
#   Reduce memory load on the system
#   Increase physical memory or swap space
#   Check if swap backing store is full
#   Decrease Java heap size (-Xmx/-Xms)
#   Decrease number of Java threads
#   Decrease Java thread stack sizes (-Xss)
#   Set larger code cache with -XX:ReservedCodeCacheSize=
#   JVM is running with Unscaled Compressed Oops mode in which the Java heap is
#     placed in the first 4GB address space. The Java Heap base address is the
#     maximum limit for the native heap growth. Please use -XX:HeapBaseMinAddress
#     to set the Java Heap base and to place the Java Heap above 4GB virtual address.
# This output file may be truncated or incomplete.
#
#  Out of Memory Error (os_windows.cpp:3528), pid=29460, tid=12712
#
# JRE version:  (20.0.1+9) (build )
# Java VM: Java HotSpot(TM) 64-Bit Server VM (20.0.1+9-29, mixed mode, sharing, tiered, compressed oops, compressed class ptrs, g1 gc, windows-amd64)
# No core dump will be written. Minidumps are not enabled by default on client versions of Windows
#

---------------  S U M M A R Y ------------

Command Line: -Dfile.encoding=UTF-8 --module-path=C:\Users\Acer\Documents\NetBeansProjects\Trial1\build\classes View

Host: AMD Ryzen 5 5500U with Radeon Graphics         , 12 cores, 7G,  Windows 11 , 64 bit Build 22621 (10.0.22621.2428)
Time: Wed Oct 25 01:13:17 2023 India Standard Time elapsed time: 0.012726 seconds (0d 0h 0m 0s)

---------------  T H R E A D  ---------------

Current thread (0x0000019475227b60):  JavaThread "Unknown thread" [_thread_in_vm, id=12712, stack(0x0000007fb7100000,0x0000007fb7200000)]

Stack: [0x0000007fb7100000,0x0000007fb7200000]
Native frames: (J=compiled Java code, j=interpreted, Vv=VM code, C=native code)
V  [jvm.dll+0x6bb95a]
V  [jvm.dll+0x8485fa]
V  [jvm.dll+0x84a1f5]
V  [jvm.dll+0x84a8f3]
V  [jvm.dll+0x280b0f]
V  [jvm.dll+0x6b86e9]
V  [jvm.dll+0x6ad2da]
V  [jvm.dll+0x35adf5]
V  [jvm.dll+0x363016]
V  [jvm.dll+0x3b3b3e]
V  [jvm.dll+0x3b3dc5]
V  [jvm.dll+0x32b50a]
V  [jvm.dll+0x32c32b]
V  [jvm.dll+0x8112bf]
V  [jvm.dll+0x3c0d91]
V  [jvm.dll+0x7fcfe3]
V  [jvm.dll+0x44c76f]
V  [jvm.dll+0x44e0e1]
C  [jli.dll+0x5287]
C  [ucrtbase.dll+0x29363]
C  [KERNEL32.DLL+0x1257d]
C  [ntdll.dll+0x5aa78]


---------------  P R O C E S S  ---------------

Threads class SMR info:
_java_thread_list=0x00007fffca2ba098, length=0, elements={
}

Java Threads: ( => current thread )

Other Threads:
  0x00000194752843e0 WorkerThread "GC Thread#0" [stack: 0x0000007fb7200000,0x0000007fb7300000] [id=20216]
  0x00000194752944b0 ConcurrentGCThread "G1 Main Marker" [stack: 0x0000007fb7300000,0x0000007fb7400000] [id=11776]
  0x00000194752965a0 WorkerThread "G1 Conc#0" [stack: 0x0000007fb7400000,0x0000007fb7500000] [id=3784]

[error occurred during error reporting (printing all threads), id 0xc0000005, EXCEPTION_ACCESS_VIOLATION (0xc0000005) at pc=0x00007fffc9a9eb47]
VM state: not at safepoint (not fully initialized)

VM Mutex/Monitor currently owned by a thread:  ([mutex/lock_event])
[0x00000194752238d0] Heap_lock - owner thread: 0x0000019475227b60

Heap address: 0x000000008a800000, size: 1880 MB, Compressed Oops mode: 32-bit

CDS archive(s) mapped at: [0x0000000000000000-0x0000000000000000-0x0000000000000000), size 0, SharedBaseAddress: 0x0000000800000000, ArchiveRelocationMode: 0.
Narrow klass base: 0x0000000000000000, Narrow klass shift: 0, Narrow klass range: 0x0

GC Precious Log:
 CardTable entry size: 512
 Card Set container configuration: InlinePtr #cards 5 size 8 Array Of Cards #cards 12 size 40 Howl #buckets 4 coarsen threshold 1843 Howl Bitmap #cards 512 size 80 coarsen threshold 460 Card regions per heap region 1 cards per card region 2048

Heap:
 garbage-first heap   total 0K, used 0K [0x000000008a800000, 0x0000000100000000)
  region size 1024K, 0 young (0K), 0 survivors (0K)

[error occurred during error reporting (printing heap information), id 0xc0000005, EXCEPTION_ACCESS_VIOLATION (0xc0000005) at pc=0x00007fffc9e73c59]
GC Heap History (0 events):
No events

Dll operation events (1 events):
Event: 0.008 Loaded shared library C:\Program Files\Java\jdk-20\bin\java.dll

Deoptimization events (0 events):
No events

Classes loaded (0 events):
No events

Classes unloaded (0 events):
No events

Classes redefined (0 events):
No events

Internal exceptions (0 events):
No events

VM Operations (0 events):
No events

Events (0 events):
No events


Dynamic libraries:
0x00007ff77fed0000 - 0x00007ff77fee0000 	C:\Program Files\Java\jdk-20\bin\java.exe
0x00007fffe6050000 - 0x00007fffe6267000 	C:\WINDOWS\SYSTEM32\ntdll.dll
0x00007fffe58b0000 - 0x00007fffe5974000 	C:\WINDOWS\System32\KERNEL32.DLL
0x00007fffe3730000 - 0x00007fffe3ad6000 	C:\WINDOWS\System32\KERNELBASE.dll
0x00007fffe3b60000 - 0x00007fffe3c71000 	C:\WINDOWS\System32\ucrtbase.dll
0x00007fffd7b70000 - 0x00007fffd7b8b000 	C:\Program Files\Java\jdk-20\bin\VCRUNTIME140.dll
0x00007fffe06f0000 - 0x00007fffe0709000 	C:\Program Files\Java\jdk-20\bin\jli.dll
0x00007fffe5c80000 - 0x00007fffe5d30000 	C:\WINDOWS\System32\ADVAPI32.dll
0x00007fffe5bc0000 - 0x00007fffe5c67000 	C:\WINDOWS\System32\msvcrt.dll
0x00007fffe5720000 - 0x00007fffe57c6000 	C:\WINDOWS\System32\sechost.dll
0x00007fffe3e30000 - 0x00007fffe3f47000 	C:\WINDOWS\System32\RPCRT4.dll
0x00007fffe3f50000 - 0x00007fffe40fd000 	C:\WINDOWS\System32\USER32.dll
0x00007fffd2600000 - 0x00007fffd2893000 	C:\WINDOWS\WinSxS\amd64_microsoft.windows.common-controls_6595b64144ccf1df_6.0.22621.2361_none_2712ced57382f843\COMCTL32.dll
0x00007fffe33d0000 - 0x00007fffe33f6000 	C:\WINDOWS\System32\win32u.dll
0x00007fffe5de0000 - 0x00007fffe5e09000 	C:\WINDOWS\System32\GDI32.dll
0x00007fffe3400000 - 0x00007fffe3518000 	C:\WINDOWS\System32\gdi32full.dll
0x00007fffe3520000 - 0x00007fffe35ba000 	C:\WINDOWS\System32\msvcp_win.dll
0x00007fffda820000 - 0x00007fffda82a000 	C:\WINDOWS\SYSTEM32\VERSION.dll
0x00007fffe4100000 - 0x00007fffe4131000 	C:\WINDOWS\System32\IMM32.DLL
0x00007fffdcc30000 - 0x00007fffdcc3c000 	C:\Program Files\Java\jdk-20\bin\vcruntime140_1.dll
0x00007fffc2ea0000 - 0x00007fffc2f2e000 	C:\Program Files\Java\jdk-20\bin\msvcp140.dll
0x00007fffc9760000 - 0x00007fffca3f7000 	C:\Program Files\Java\jdk-20\bin\server\jvm.dll
0x00007fffdc510000 - 0x00007fffdc544000 	C:\WINDOWS\SYSTEM32\WINMM.dll
0x00007fffc95d0000 - 0x00007fffc95d9000 	C:\WINDOWS\SYSTEM32\WSOCK32.dll
0x00007fffe5d40000 - 0x00007fffe5db1000 	C:\WINDOWS\System32\WS2_32.dll
0x00007fffe23b0000 - 0x00007fffe23c8000 	C:\WINDOWS\SYSTEM32\kernel.appcore.dll
0x00007fffca480000 - 0x00007fffca48a000 	C:\Program Files\Java\jdk-20\bin\jimage.dll
0x00007fffd9b10000 - 0x00007fffd9d3e000 	C:\WINDOWS\SYSTEM32\DBGHELP.DLL
0x00007fffe4950000 - 0x00007fffe4cda000 	C:\WINDOWS\System32\combase.dll
0x00007fffe57d0000 - 0x00007fffe58a7000 	C:\WINDOWS\System32\OLEAUT32.dll
0x00007fffce9e0000 - 0x00007fffcea12000 	C:\WINDOWS\SYSTEM32\dbgcore.DLL
0x00007fffe3ae0000 - 0x00007fffe3b5a000 	C:\WINDOWS\System32\bcryptPrimitives.dll
0x00007fffc95e0000 - 0x00007fffc9606000 	C:\Program Files\Java\jdk-20\bin\java.dll

dbghelp: loaded successfully - version: 4.0.5 - missing functions: none
symbol engine: initialized successfully - sym options: 0x614 - pdb path: .;C:\Program Files\Java\jdk-20\bin;C:\WINDOWS\SYSTEM32;C:\WINDOWS\WinSxS\amd64_microsoft.windows.common-controls_6595b64144ccf1df_6.0.22621.2361_none_2712ced57382f843;C:\Program Files\Java\jdk-20\bin\server

VM Arguments:
jvm_args: -Dfile.encoding=UTF-8 --module-path=C:\Users\Acer\Documents\NetBeansProjects\Trial1\build\classes 
java_command: View
java_class_path (initial): C:\Users\Acer\Desktop\mysql-connector-j-8.1.0\mysql-connector-j-8.1.0\mysql-connector-j-8.1.0.jar;C:\Users\Acer\Desktop\rs2xml.jar;C:\Users\Acer\Documents\NetBeansProjects\Trial1\build\classes
Launcher Type: SUN_STANDARD

[Global flags]
     intx CICompilerCount                          = 4                                         {product} {ergonomic}
     uint ConcGCThreads                            = 3                                         {product} {ergonomic}
     uint G1ConcRefinementThreads                  = 10                                        {product} {ergonomic}
   size_t G1HeapRegionSize                         = 1048576                                   {product} {ergonomic}
    uintx GCDrainStackTargetSize                   = 64                                        {product} {ergonomic}
   size_t InitialHeapSize                          = 123731968                                 {product} {ergonomic}
   size_t MarkStackSize                            = 4194304                                   {product} {ergonomic}
   size_t MaxHeapSize                              = 1971322880                                {product} {ergonomic}
   size_t MinHeapDeltaBytes                        = 1048576                                   {product} {ergonomic}
   size_t MinHeapSize                              = 8388608                                   {product} {ergonomic}
    uintx NonNMethodCodeHeapSize                   = 5839372                                {pd product} {ergonomic}
    uintx NonProfiledCodeHeapSize                  = 122909434                              {pd product} {ergonomic}
    uintx ProfiledCodeHeapSize                     = 122909434                              {pd product} {ergonomic}
    uintx ReservedCodeCacheSize                    = 251658240                              {pd product} {ergonomic}
     bool SegmentedCodeCache                       = true                                      {product} {ergonomic}
   size_t SoftMaxHeapSize                          = 1971322880                             {manageable} {ergonomic}
     bool UseCompressedClassPointers               = true                           {product lp64_product} {ergonomic}
     bool UseCompressedOops                        = true                           {product lp64_product} {ergonomic}
     bool UseG1GC                                  = true                                      {product} {ergonomic}
     bool UseLargePagesIndividualAllocation        = false                                  {pd product} {ergonomic}

Logging:
Log output configuration:
 #0: stdout all=warning uptime,level,tags foldmultilines=false
 #1: stderr all=off uptime,level,tags foldmultilines=false

Environment Variables:
PATH=C:\Python311\Scripts\;C:\Python311\;C:\Users\Acer\Documents\JAVA-CODES;C:\Program Files\MySQL\MySQL Shell 8.0\bin\;C:\Users\Acer\AppData\Local\Microsoft\WindowsApps;C:\Users\Acer\AppData\Local\Programs\Microsoft VS Code\bin;C:\MinGW\bin;C:\Program Files\MongoDB\Tools\100\bin;C:\Users\Acer\AppData\Roaming\npm;C:\Program Files\MongoDB\Server\6.0\bin\;C:\Program Files\mongosh\mongosh-1.10.3-win32-x64\bin;C:\Program Files\Java\jdk-20\bin\;C:\Program Files\nodejs;C:\Users\Acer\AppData\Roaming\nvm;C:\Program Files\nodejs;C:\Users\Acer\Desktop\mongodb-database-tools-windows-x86_64-100.7.5\mongodb-database-tools-windows-x86_64-100.7.5\bin;C:\Program Files\Git\cmd;C:\Program Files\nodejs\;C:\Program Files\nodejs\node_modules\npm\bin;C:\Program Files\NetBeans-18\netbeans\bin;C:\Program Files\MySQL\MySQL Shell 8.0\bin;C:\Program Files\MySQL;C:\Program Files\MySQL\MySQL Shell 8.0\bin\;C:\Users\Acer\AppData\Local\Microsoft\WindowsApps;C:\Users\Acer\AppData\Local\Programs\Microsoft VS Code\bin;C:\MinGW\bin;C:\Program Files\MongoDB\Tools\100\bin;C:\Program Files\MongoDB\Server\6.0\bin\;C:\Program Files\mongosh\mongosh-1.10.3-win32-x64\bin;C:\Users\Acer\AppData\Roaming\nvm;C:\Program Files\nodejs;C:\Users\Acer\AppData\Roaming\npm
USERNAME=Acer
OS=Windows_NT
PROCESSOR_IDENTIFIER=AMD64 Family 23 Model 104 Stepping 1, AuthenticAMD
TMP=C:\Users\Acer\AppData\Local\Temp
TEMP=C:\Users\Acer\AppData\Local\Temp




---------------  S Y S T E M  ---------------

OS:
 Windows 11 , 64 bit Build 22621 (10.0.22621.2428)
OS uptime: 1 days 0:06 hours

CPU: total 12 (initial active 12) (12 cores per cpu, 2 threads per core) family 23 model 104 stepping 1 microcode 0x0, cx8, cmov, fxsr, ht, mmx, 3dnowpref, sse, sse2, sse3, ssse3, sse4a, sse4.1, sse4.2, popcnt, lzcnt, tsc, tscinvbit, avx, avx2, aes, clmul, bmi1, bmi2, adx, sha, fma, vzeroupper, clflush, clflushopt, rdtscp, rdpid, f16c

Memory: 4k page, system-wide physical 7514M (501M free)
TotalPageFile size 31066M (AvailPageFile size 11M)
current process WorkingSet (physical memory assigned to process): 11M, peak: 11M
current process commit charge ("private bytes"): 64M, peak: 182M

vm_info: Java HotSpot(TM) 64-Bit Server VM (20.0.1+9-29) for windows-amd64 JRE (20.0.1+9-29), built on 2023-03-07T13:56:11Z by "mach5one" with MS VC++ 17.1 (VS2022)

END.
