#
# There is insufficient memory for the Java Runtime Environment to continue.
# Native memory allocation (mmap) failed to map 123731968 bytes for G1 virtual space
# Possible reasons:
#   The system is out of physical RAM or swap space
#   The process is running with CompressedOops enabled, and the Java Heap may be blocking the growth of the native heap
# Possible solutions:
#   Reduce memory load on the system
#   Increase physical memory or swap space
#   Check if swap backing store is full
#   Decrease Java heap size (-Xmx/-Xms)
#   Decrease number of Java threads
#   Decrease Java thread stack sizes (-Xss)
#   Set larger code cache with -XX:ReservedCodeCacheSize=
#   JVM is running with Unscaled Compressed Oops mode in which the Java heap is
#     placed in the first 4GB address space. The Java Heap base address is the
#     maximum limit for the native heap growth. Please use -XX:HeapBaseMinAddress
#     to set the Java Heap base and to place the Java Heap above 4GB virtual address.
# This output file may be truncated or incomplete.
#
#  Out of Memory Error (os_windows.cpp:3528), pid=21276, tid=21804
#
# JRE version:  (20.0.1+9) (build )
# Java VM: Java HotSpot(TM) 64-Bit Server VM (20.0.1+9-29, mixed mode, sharing, tiered, compressed oops, compressed class ptrs, g1 gc, windows-amd64)
# No core dump will be written. Minidumps are not enabled by default on client versions of Windows
#

---------------  S U M M A R Y ------------

Command Line: -Dfile.encoding=UTF-8 --module-path=C:\Users\Acer\Documents\NetBeansProjects\Trial1\build\classes LandingPage

Host: AMD Ryzen 5 5500U with Radeon Graphics         , 12 cores, 7G,  Windows 11 , 64 bit Build 22621 (10.0.22621.2428)
Time: Mon Oct 16 01:21:47 2023 India Standard Time elapsed time: 0.018733 seconds (0d 0h 0m 0s)

---------------  T H R E A D  ---------------

Current thread (0x000001c162e38e70):  JavaThread "Unknown thread" [_thread_in_vm, id=21804, stack(0x000000837fa00000,0x000000837fb00000)]

Stack: [0x000000837fa00000,0x000000837fb00000]
Native frames: (J=compiled Java code, j=interpreted, Vv=VM code, C=native code)
V  [jvm.dll+0x6bb95a]
V  [jvm.dll+0x8485fa]
V  [jvm.dll+0x84a1f5]
V  [jvm.dll+0x84a8f3]
V  [jvm.dll+0x280b0f]
V  [jvm.dll+0x6b86e9]
V  [jvm.dll+0x6ad2da]
V  [jvm.dll+0x35adf5]
V  [jvm.dll+0x363016]
V  [jvm.dll+0x3b3b3e]
V  [jvm.dll+0x3b3dc5]
V  [jvm.dll+0x32b50a]
V  [jvm.dll+0x32c32b]
V  [jvm.dll+0x8112bf]
V  [jvm.dll+0x3c0d91]
V  [jvm.dll+0x7fcfe3]
V  [jvm.dll+0x44c76f]
V  [jvm.dll+0x44e0e1]
C  [jli.dll+0x5287]
C  [ucrtbase.dll+0x29363]
C  [KERNEL32.DLL+0x1257d]
C  [ntdll.dll+0x5aa78]


---------------  P R O C E S S  ---------------

Threads class SMR info:
_java_thread_list=0x00007ff9ad29a098, length=0, elements={
}

Java Threads: ( => current thread )

Other Threads:
  0x000001c162e95490 WorkerThread "GC Thread#0" [stack: 0x000000837fb00000,0x000000837fc00000] [id=13152]
  0x000001c162ea4f50 ConcurrentGCThread "G1 Main Marker" [stack: 0x000000837fc00000,0x000000837fd00000] [id=21360]
  0x000001c162ea6030 WorkerThread "G1 Conc#0" [stack: 0x000000837fd00000,0x000000837fe00000] [id=22652]

[error occurred during error reporting (printing all threads), id 0xc0000005, EXCEPTION_ACCESS_VIOLATION (0xc0000005) at pc=0x00007ff9aca7eb47]
VM state: not at safepoint (not fully initialized)

VM Mutex/Monitor currently owned by a thread:  ([mutex/lock_event])
[0x000001c162e34500] Heap_lock - owner thread: 0x000001c162e38e70

Heap address: 0x000000008a800000, size: 1880 MB, Compressed Oops mode: 32-bit

CDS archive(s) mapped at: [0x0000000000000000-0x0000000000000000-0x0000000000000000), size 0, SharedBaseAddress: 0x0000000800000000, ArchiveRelocationMode: 0.
Narrow klass base: 0x0000000000000000, Narrow klass shift: 0, Narrow klass range: 0x0

GC Precious Log:
 CardTable entry size: 512
 Card Set container configuration: InlinePtr #cards 5 size 8 Array Of Cards #cards 12 size 40 Howl #buckets 4 coarsen threshold 1843 Howl Bitmap #cards 512 size 80 coarsen threshold 460 Card regions per heap region 1 cards per card region 2048

Heap:
 garbage-first heap   total 0K, used 0K [0x000000008a800000, 0x0000000100000000)
  region size 1024K, 0 young (0K), 0 survivors (0K)

[error occurred during error reporting (printing heap information), id 0xc0000005, EXCEPTION_ACCESS_VIOLATION (0xc0000005) at pc=0x00007ff9ace53c59]
GC Heap History (0 events):
No events

Dll operation events (1 events):
Event: 0.012 Loaded shared library C:\Program Files\Java\jdk-20\bin\java.dll

Deoptimization events (0 events):
No events

Classes loaded (0 events):
No events

Classes unloaded (0 events):
No events

Classes redefined (0 events):
No events

Internal exceptions (0 events):
No events

VM Operations (0 events):
No events

Events (0 events):
No events


Dynamic libraries:
0x00007ff76eb30000 - 0x00007ff76eb40000 	C:\Program Files\Java\jdk-20\bin\java.exe
0x00007ff9c9bb0000 - 0x00007ff9c9dc7000 	C:\WINDOWS\SYSTEM32\ntdll.dll
0x00007ff9c8500000 - 0x00007ff9c85c4000 	C:\WINDOWS\System32\KERNEL32.DLL
0x00007ff9c7440000 - 0x00007ff9c77e6000 	C:\WINDOWS\System32\KERNELBASE.dll
0x00007ff9c6f60000 - 0x00007ff9c7071000 	C:\WINDOWS\System32\ucrtbase.dll
0x00007ff9c0960000 - 0x00007ff9c097b000 	C:\Program Files\Java\jdk-20\bin\VCRUNTIME140.dll
0x00007ff99b250000 - 0x00007ff99b269000 	C:\Program Files\Java\jdk-20\bin\jli.dll
0x00007ff9c80b0000 - 0x00007ff9c8160000 	C:\WINDOWS\System32\ADVAPI32.dll
0x00007ff9c8790000 - 0x00007ff9c8837000 	C:\WINDOWS\System32\msvcrt.dll
0x00007ff9c7ef0000 - 0x00007ff9c7f96000 	C:\WINDOWS\System32\sechost.dll
0x00007ff9c8320000 - 0x00007ff9c8437000 	C:\WINDOWS\System32\RPCRT4.dll
0x00007ff9c8160000 - 0x00007ff9c830d000 	C:\WINDOWS\System32\USER32.dll
0x00007ff9b5e20000 - 0x00007ff9b60b3000 	C:\WINDOWS\WinSxS\amd64_microsoft.windows.common-controls_6595b64144ccf1df_6.0.22621.2361_none_2712ced57382f843\COMCTL32.dll
0x00007ff9c6f30000 - 0x00007ff9c6f56000 	C:\WINDOWS\System32\win32u.dll
0x00007ff9c8a10000 - 0x00007ff9c8a39000 	C:\WINDOWS\System32\GDI32.dll
0x00007ff9c7080000 - 0x00007ff9c7198000 	C:\WINDOWS\System32\gdi32full.dll
0x00007ff9c77f0000 - 0x00007ff9c788a000 	C:\WINDOWS\System32\msvcp_win.dll
0x00007ff9be280000 - 0x00007ff9be28a000 	C:\WINDOWS\SYSTEM32\VERSION.dll
0x00007ff9c86e0000 - 0x00007ff9c8711000 	C:\WINDOWS\System32\IMM32.DLL
0x00007ff9c0b10000 - 0x00007ff9c0b1c000 	C:\Program Files\Java\jdk-20\bin\vcruntime140_1.dll
0x00007ff9b07a0000 - 0x00007ff9b082e000 	C:\Program Files\Java\jdk-20\bin\msvcp140.dll
0x00007ff9ac740000 - 0x00007ff9ad3d7000 	C:\Program Files\Java\jdk-20\bin\server\jvm.dll
0x00007ff9aecc0000 - 0x00007ff9aecc9000 	C:\WINDOWS\SYSTEM32\WSOCK32.dll
0x00007ff9c8660000 - 0x00007ff9c86d1000 	C:\WINDOWS\System32\WS2_32.dll
0x00007ff9bf1d0000 - 0x00007ff9bf204000 	C:\WINDOWS\SYSTEM32\WINMM.dll
0x00007ff9c5f10000 - 0x00007ff9c5f28000 	C:\WINDOWS\SYSTEM32\kernel.appcore.dll
0x00007ff9ab660000 - 0x00007ff9ab66a000 	C:\Program Files\Java\jdk-20\bin\jimage.dll
0x00007ff9bd5f0000 - 0x00007ff9bd81e000 	C:\WINDOWS\SYSTEM32\DBGHELP.DLL
0x00007ff9c8f00000 - 0x00007ff9c928a000 	C:\WINDOWS\System32\combase.dll
0x00007ff9c8c60000 - 0x00007ff9c8d37000 	C:\WINDOWS\System32\OLEAUT32.dll
0x00007ff9b1d20000 - 0x00007ff9b1d52000 	C:\WINDOWS\SYSTEM32\dbgcore.DLL
0x00007ff9c7890000 - 0x00007ff9c790a000 	C:\WINDOWS\System32\bcryptPrimitives.dll
0x00007ff9aad10000 - 0x00007ff9aad36000 	C:\Program Files\Java\jdk-20\bin\java.dll

dbghelp: loaded successfully - version: 4.0.5 - missing functions: none
symbol engine: initialized successfully - sym options: 0x614 - pdb path: .;C:\Program Files\Java\jdk-20\bin;C:\WINDOWS\SYSTEM32;C:\WINDOWS\WinSxS\amd64_microsoft.windows.common-controls_6595b64144ccf1df_6.0.22621.2361_none_2712ced57382f843;C:\Program Files\Java\jdk-20\bin\server

VM Arguments:
jvm_args: -Dfile.encoding=UTF-8 --module-path=C:\Users\Acer\Documents\NetBeansProjects\Trial1\build\classes 
java_command: LandingPage
java_class_path (initial): C:\Users\Acer\Desktop\mysql-connector-j-8.1.0\mysql-connector-j-8.1.0\mysql-connector-j-8.1.0.jar;C:\Users\Acer\Documents\NetBeansProjects\Trial1\build\classes
Launcher Type: SUN_STANDARD

[Global flags]
     intx CICompilerCount                          = 4                                         {product} {ergonomic}
     uint ConcGCThreads                            = 3                                         {product} {ergonomic}
     uint G1ConcRefinementThreads                  = 10                                        {product} {ergonomic}
   size_t G1HeapRegionSize                         = 1048576                                   {product} {ergonomic}
    uintx GCDrainStackTargetSize                   = 64                                        {product} {ergonomic}
   size_t InitialHeapSize                          = 123731968                                 {product} {ergonomic}
   size_t MarkStackSize                            = 4194304                                   {product} {ergonomic}
   size_t MaxHeapSize                              = 1971322880                                {product} {ergonomic}
   size_t MinHeapDeltaBytes                        = 1048576                                   {product} {ergonomic}
   size_t MinHeapSize                              = 8388608                                   {product} {ergonomic}
    uintx NonNMethodCodeHeapSize                   = 5839372                                {pd product} {ergonomic}
    uintx NonProfiledCodeHeapSize                  = 122909434                              {pd product} {ergonomic}
    uintx ProfiledCodeHeapSize                     = 122909434                              {pd product} {ergonomic}
    uintx ReservedCodeCacheSize                    = 251658240                              {pd product} {ergonomic}
     bool SegmentedCodeCache                       = true                                      {product} {ergonomic}
   size_t SoftMaxHeapSize                          = 1971322880                             {manageable} {ergonomic}
     bool UseCompressedClassPointers               = true                           {product lp64_product} {ergonomic}
     bool UseCompressedOops                        = true                           {product lp64_product} {ergonomic}
     bool UseG1GC                                  = true                                      {product} {ergonomic}
     bool UseLargePagesIndividualAllocation        = false                                  {pd product} {ergonomic}

Logging:
Log output configuration:
 #0: stdout all=warning uptime,level,tags foldmultilines=false
 #1: stderr all=off uptime,level,tags foldmultilines=false

Environment Variables:
PATH=C:\Python311\Scripts\;C:\Python311\;C:\Users\Acer\Documents\JAVA-CODES;C:\Program Files\MySQL\MySQL Shell 8.0\bin\;C:\Users\Acer\AppData\Local\Microsoft\WindowsApps;C:\Users\Acer\AppData\Local\Programs\Microsoft VS Code\bin;C:\MinGW\bin;C:\Program Files\MongoDB\Tools\100\bin;C:\Users\Acer\AppData\Roaming\npm;C:\Program Files\MongoDB\Server\6.0\bin\;C:\Program Files\mongosh\mongosh-1.10.3-win32-x64\bin;C:\Program Files\Java\jdk-20\bin\;C:\Program Files\nodejs;C:\Users\Acer\AppData\Roaming\nvm;C:\Program Files\nodejs;C:\Users\Acer\Desktop\mongodb-database-tools-windows-x86_64-100.7.5\mongodb-database-tools-windows-x86_64-100.7.5\bin;C:\Program Files\Git\cmd;C:\Program Files\nodejs\;C:\Program Files\nodejs\node_modules\npm\bin;C:\Program Files\NetBeans-18\netbeans\bin;C:\Program Files\MySQL\MySQL Shell 8.0\bin;C:\Program Files\MySQL;C:\Program Files\MySQL\MySQL Shell 8.0\bin\;C:\Users\Acer\AppData\Local\Microsoft\WindowsApps;C:\Users\Acer\AppData\Local\Programs\Microsoft VS Code\bin;C:\MinGW\bin;C:\Program Files\MongoDB\Tools\100\bin;C:\Program Files\MongoDB\Server\6.0\bin\;C:\Program Files\mongosh\mongosh-1.10.3-win32-x64\bin;C:\Users\Acer\AppData\Roaming\nvm;C:\Program Files\nodejs;C:\Users\Acer\AppData\Roaming\npm
USERNAME=Acer
OS=Windows_NT
PROCESSOR_IDENTIFIER=AMD64 Family 23 Model 104 Stepping 1, AuthenticAMD
TMP=C:\Users\Acer\AppData\Local\Temp
TEMP=C:\Users\Acer\AppData\Local\Temp




---------------  S Y S T E M  ---------------

OS:
 Windows 11 , 64 bit Build 22621 (10.0.22621.2428)
OS uptime: 0 days 4:48 hours

CPU: total 12 (initial active 12) (12 cores per cpu, 2 threads per core) family 23 model 104 stepping 1 microcode 0x0, cx8, cmov, fxsr, ht, mmx, 3dnowpref, sse, sse2, sse3, ssse3, sse4a, sse4.1, sse4.2, popcnt, lzcnt, tsc, tscinvbit, avx, avx2, aes, clmul, bmi1, bmi2, adx, sha, fma, vzeroupper, clflush, clflushopt, rdtscp, rdpid, f16c

Memory: 4k page, system-wide physical 7514M (1440M free)
TotalPageFile size 31066M (AvailPageFile size 120M)
current process WorkingSet (physical memory assigned to process): 11M, peak: 11M
current process commit charge ("private bytes"): 64M, peak: 182M

vm_info: Java HotSpot(TM) 64-Bit Server VM (20.0.1+9-29) for windows-amd64 JRE (20.0.1+9-29), built on 2023-03-07T13:56:11Z by "mach5one" with MS VC++ 17.1 (VS2022)

END.
