#
# There is insufficient memory for the Java Runtime Environment to continue.
# Native memory allocation (mmap) failed to map 12582912 bytes for G1 virtual space
# Possible reasons:
#   The system is out of physical RAM or swap space
#   The process is running with CompressedOops enabled, and the Java Heap may be blocking the growth of the native heap
# Possible solutions:
#   Reduce memory load on the system
#   Increase physical memory or swap space
#   Check if swap backing store is full
#   Decrease Java heap size (-Xmx/-Xms)
#   Decrease number of Java threads
#   Decrease Java thread stack sizes (-Xss)
#   Set larger code cache with -XX:ReservedCodeCacheSize=
#   JVM is running with Unscaled Compressed Oops mode in which the Java heap is
#     placed in the first 4GB address space. The Java Heap base address is the
#     maximum limit for the native heap growth. Please use -XX:HeapBaseMinAddress
#     to set the Java Heap base and to place the Java Heap above 4GB virtual address.
# This output file may be truncated or incomplete.
#
#  Out of Memory Error (os_windows.cpp:3528), pid=23472, tid=22960
#
# JRE version: Java(TM) SE Runtime Environment (20.0.1+9) (build 20.0.1+9-29)
# Java VM: Java HotSpot(TM) 64-Bit Server VM (20.0.1+9-29, mixed mode, sharing, tiered, compressed oops, compressed class ptrs, g1 gc, windows-amd64)
# No core dump will be written. Minidumps are not enabled by default on client versions of Windows
#

---------------  S U M M A R Y ------------

Command Line: -Dfile.encoding=UTF-8 --module-path=C:\Users\Acer\Documents\NetBeansProjects\Trial1\build\classes LandingPage

Host: AMD Ryzen 5 5500U with Radeon Graphics         , 12 cores, 7G,  Windows 11 , 64 bit Build 22621 (10.0.22621.2428)
Time: Mon Oct 16 01:17:42 2023 India Standard Time elapsed time: 1.266092 seconds (0d 0h 0m 1s)

---------------  T H R E A D  ---------------

Current thread (0x000002339afe5670):  VMThread "VM Thread" [stack: 0x0000004f02d00000,0x0000004f02e00000] [id=22960]

Stack: [0x0000004f02d00000,0x0000004f02e00000]
Native frames: (J=compiled Java code, j=interpreted, Vv=VM code, C=native code)
V  [jvm.dll+0x6bb95a]
V  [jvm.dll+0x8485fa]
V  [jvm.dll+0x84a1f5]
V  [jvm.dll+0x84a8f3]
V  [jvm.dll+0x280b0f]
V  [jvm.dll+0x6b86e9]
V  [jvm.dll+0x6ad2da]
V  [jvm.dll+0x35adf5]
V  [jvm.dll+0x363016]
V  [jvm.dll+0x3b3b3e]
V  [jvm.dll+0x3b3dc5]
V  [jvm.dll+0x32b50a]
V  [jvm.dll+0x32e126]
V  [jvm.dll+0x3381ee]
V  [jvm.dll+0x371a5a]
V  [jvm.dll+0x85023e]
V  [jvm.dll+0x851351]
V  [jvm.dll+0x851859]
V  [jvm.dll+0x851ad3]
V  [jvm.dll+0x7f4b56]
V  [jvm.dll+0x6ba5cb]
C  [ucrtbase.dll+0x29363]
C  [KERNEL32.DLL+0x1257d]
C  [ntdll.dll+0x5aa78]

VM_Operation (0x0000004f029ff4e0): G1PauseRemark, mode: safepoint, requested by thread 0x00000233fe4b4050


---------------  P R O C E S S  ---------------

Threads class SMR info:
_java_thread_list=0x000002339ff0b590, length=18, elements={
0x000002339b005590, 0x000002339b0063d0, 0x000002339b00dbc0, 0x000002339b00b690,
0x000002339b00a6a0, 0x000002339b00cbd0, 0x000002339b011830, 0x000002339b0157e0,
0x000002339b00d670, 0x000002339b00b140, 0x000002339b00d120, 0x000002339b00bbe0,
0x000002339b00c680, 0x000002339fc027a0, 0x000002339fc07750, 0x000002339fc03790,
0x000002339fc03ce0, 0x000002339fc04230
}

Java Threads: ( => current thread )
  0x000002339b005590 JavaThread "Reference Handler" daemon [_thread_blocked, id=21476, stack(0x0000004f02e00000,0x0000004f02f00000)]
  0x000002339b0063d0 JavaThread "Finalizer" daemon [_thread_blocked, id=19576, stack(0x0000004f02f00000,0x0000004f03000000)]
  0x000002339b00dbc0 JavaThread "Signal Dispatcher" daemon [_thread_blocked, id=23356, stack(0x0000004f03000000,0x0000004f03100000)]
  0x000002339b00b690 JavaThread "Attach Listener" daemon [_thread_blocked, id=22024, stack(0x0000004f03100000,0x0000004f03200000)]
  0x000002339b00a6a0 JavaThread "Service Thread" daemon [_thread_blocked, id=20628, stack(0x0000004f03200000,0x0000004f03300000)]
  0x000002339b00cbd0 JavaThread "Monitor Deflation Thread" daemon [_thread_blocked, id=23340, stack(0x0000004f03300000,0x0000004f03400000)]
  0x000002339b011830 JavaThread "C2 CompilerThread0" daemon [_thread_blocked, id=23364, stack(0x0000004f03400000,0x0000004f03500000)]
  0x000002339b0157e0 JavaThread "C1 CompilerThread0" daemon [_thread_blocked, id=1736, stack(0x0000004f03500000,0x0000004f03600000)]
  0x000002339b00d670 JavaThread "Common-Cleaner" daemon [_thread_blocked, id=12884, stack(0x0000004f03600000,0x0000004f03700000)]
  0x000002339b00b140 JavaThread "Notification Thread" daemon [_thread_blocked, id=15292, stack(0x0000004f03700000,0x0000004f03800000)]
  0x000002339b00d120 JavaThread "Java2D Disposer" daemon [_thread_blocked, id=27592, stack(0x0000004f03900000,0x0000004f03a00000)]
  0x000002339b00bbe0 JavaThread "AWT-Shutdown" [_thread_blocked, id=27560, stack(0x0000004f03a00000,0x0000004f03b00000)]
  0x000002339b00c680 JavaThread "AWT-Windows" daemon [_thread_blocked, id=27548, stack(0x0000004f03b00000,0x0000004f03c00000)]
  0x000002339fc027a0 JavaThread "Image Fetcher 0" daemon [_thread_blocked, id=16644, stack(0x0000004f04600000,0x0000004f04700000)]
  0x000002339fc07750 JavaThread "AWT-EventQueue-0" [_thread_blocked, id=26556, stack(0x0000004f05100000,0x0000004f05200000)]
  0x000002339fc03790 JavaThread "TimerQueue" daemon [_thread_blocked, id=25400, stack(0x0000004f05200000,0x0000004f05300000)]
  0x000002339fc03ce0 JavaThread "DestroyJavaVM" [_thread_blocked, id=22744, stack(0x0000004f02700000,0x0000004f02800000)]
  0x000002339fc04230 JavaThread "D3D Screen Updater" daemon [_thread_blocked, id=22076, stack(0x0000004f05300000,0x0000004f05400000)]

Other Threads:
=>0x000002339afe5670 VMThread "VM Thread" [stack: 0x0000004f02d00000,0x0000004f02e00000] [id=22960]
  0x000002339f5dd5b0 WatcherThread "VM Periodic Task Thread" [stack: 0x0000004f03800000,0x0000004f03900000] [id=14120]
  0x00000233fe4a4640 WorkerThread "GC Thread#0" [stack: 0x0000004f02800000,0x0000004f02900000] [id=14956]
  0x000002339fc54360 WorkerThread "GC Thread#1" [stack: 0x0000004f04700000,0x0000004f04800000] [id=21108]
  0x000002339fc54630 WorkerThread "GC Thread#2" [stack: 0x0000004f04800000,0x0000004f04900000] [id=26804]
  0x000002339fc55c40 WorkerThread "GC Thread#3" [stack: 0x0000004f04900000,0x0000004f04a00000] [id=9716]
  0x000002339fc55970 WorkerThread "GC Thread#4" [stack: 0x0000004f04a00000,0x0000004f04b00000] [id=4524]
  0x000002339fc56780 WorkerThread "GC Thread#5" [stack: 0x0000004f04b00000,0x0000004f04c00000] [id=27428]
  0x000002339fc54e30 WorkerThread "GC Thread#6" [stack: 0x0000004f04c00000,0x0000004f04d00000] [id=13872]
  0x000002339fc54b60 WorkerThread "GC Thread#7" [stack: 0x0000004f04d00000,0x0000004f04e00000] [id=25044]
  0x000002339fc55f10 WorkerThread "GC Thread#8" [stack: 0x0000004f04e00000,0x0000004f04f00000] [id=24712]
  0x00000233fe4b4050 ConcurrentGCThread "G1 Main Marker" [stack: 0x0000004f02900000,0x0000004f02a00000] [id=18284]
  0x00000233fe4b4c20 WorkerThread "G1 Conc#0" [stack: 0x0000004f02a00000,0x0000004f02b00000] [id=6308]
  0x000002339fc561e0 WorkerThread "G1 Conc#1" [stack: 0x0000004f04f00000,0x0000004f05000000] [id=24764]
  0x000002339fc55100 WorkerThread "G1 Conc#2" [stack: 0x0000004f05000000,0x0000004f05100000] [id=4528]
  0x000002339aea44e0 ConcurrentGCThread "G1 Refine#0" [stack: 0x0000004f02b00000,0x0000004f02c00000] [id=16004]
  0x00000233fe508310 ConcurrentGCThread "G1 Service" [stack: 0x0000004f02c00000,0x0000004f02d00000] [id=8840]

Threads with active compile tasks:

VM state: at safepoint (normal execution)

VM Mutex/Monitor currently owned by a thread:  ([mutex/lock_event])
[0x00000233fe444120] Threads_lock - owner thread: 0x000002339afe5670
[0x00000233fe442e00] Heap_lock - owner thread: 0x00000233fe4b4050

Heap address: 0x000000008a800000, size: 1880 MB, Compressed Oops mode: 32-bit

CDS archive(s) mapped at: [0x0000000800000000-0x0000000800c60000-0x0000000800c60000), size 12976128, SharedBaseAddress: 0x0000000800000000, ArchiveRelocationMode: 0.
Compressed class space mapped at: 0x0000000801000000-0x0000000841000000, reserved size: 1073741824
Narrow klass base: 0x0000000800000000, Narrow klass shift: 0, Narrow klass range: 0x100000000

GC Precious Log:
 CardTable entry size: 512
 Card Set container configuration: InlinePtr #cards 5 size 8 Array Of Cards #cards 12 size 40 Howl #buckets 4 coarsen threshold 1843 Howl Bitmap #cards 512 size 80 coarsen threshold 460 Card regions per heap region 1 cards per card region 2048
 CPUs: 12 total, 12 available
 Memory: 7514M
 Large Page Support: Disabled
 NUMA Support: Disabled
 Compressed Oops: Enabled (32-bit)
 Heap Region Size: 1M
 Heap Min Capacity: 8M
 Heap Initial Capacity: 118M
 Heap Max Capacity: 1880M
 Pre-touch: Disabled
 Parallel Workers: 10
 Concurrent Workers: 3
 Concurrent Refinement Workers: 10
 Periodic GC: Disabled

Heap:
 garbage-first heap   total 370688K, used 227161K [0x000000008a800000, 0x0000000100000000)
  region size 1024K, 2 young (2048K), 1 survivors (1024K)
 Metaspace       used 6531K, committed 6784K, reserved 1114112K
  class space    used 712K, committed 832K, reserved 1048576K

Heap Regions: E=young(eden), S=young(survivor), O=old, HS=humongous(starts), HC=humongous(continues), CS=collection set, F=free, OA=open archive, CA=closed archive, TAMS=top-at-mark-start, PB=parsable bottom
|   0|0x000000008a800000, 0x000000008a900000, 0x000000008a900000|100%| O|  |TAMS 0x000000008a900000| PB 0x000000008a900000| Updating 
|   1|0x000000008a900000, 0x000000008aa00000, 0x000000008aa00000|100%| O|  |TAMS 0x000000008aa00000| PB 0x000000008aa00000| Untracked 
|   2|0x000000008aa00000, 0x000000008ab00000, 0x000000008ab00000|100%| O|  |TAMS 0x000000008ab00000| PB 0x000000008ab00000| Updating 
|   3|0x000000008ab00000, 0x000000008ab8dc00, 0x000000008ac00000| 55%| O|  |TAMS 0x000000008ab8dc00| PB 0x000000008ab8dc00| Updating 
|   4|0x000000008ac00000, 0x000000008ad00000, 0x000000008ad00000|100%|HS|  |TAMS 0x000000008ac00000| PB 0x000000008ac00000| Complete 
|   5|0x000000008ad00000, 0x000000008ae00000, 0x000000008ae00000|100%|HC|  |TAMS 0x000000008ad00000| PB 0x000000008ad00000| Complete 
|   6|0x000000008ae00000, 0x000000008af00000, 0x000000008af00000|100%|HC|  |TAMS 0x000000008ae00000| PB 0x000000008ae00000| Complete 
|   7|0x000000008af00000, 0x000000008b000000, 0x000000008b000000|100%|HC|  |TAMS 0x000000008af00000| PB 0x000000008af00000| Complete 
|   8|0x000000008b000000, 0x000000008b100000, 0x000000008b100000|100%|HC|  |TAMS 0x000000008b000000| PB 0x000000008b000000| Complete 
|   9|0x000000008b100000, 0x000000008b200000, 0x000000008b200000|100%|HC|  |TAMS 0x000000008b100000| PB 0x000000008b100000| Complete 
|  10|0x000000008b200000, 0x000000008b200000, 0x000000008b300000|  0%| F|  |TAMS 0x000000008b200000| PB 0x000000008b200000| Untracked 
|  11|0x000000008b300000, 0x000000008b300000, 0x000000008b400000|  0%| F|  |TAMS 0x000000008b300000| PB 0x000000008b300000| Untracked 
|  12|0x000000008b400000, 0x000000008b400000, 0x000000008b500000|  0%| F|  |TAMS 0x000000008b400000| PB 0x000000008b400000| Untracked 
|  13|0x000000008b500000, 0x000000008b500000, 0x000000008b600000|  0%| F|  |TAMS 0x000000008b500000| PB 0x000000008b500000| Untracked 
|  14|0x000000008b600000, 0x000000008b600000, 0x000000008b700000|  0%| F|  |TAMS 0x000000008b600000| PB 0x000000008b600000| Untracked 
|  15|0x000000008b700000, 0x000000008b700000, 0x000000008b800000|  0%| F|  |TAMS 0x000000008b700000| PB 0x000000008b700000| Untracked 
|  16|0x000000008b800000, 0x000000008b800000, 0x000000008b900000|  0%| F|  |TAMS 0x000000008b800000| PB 0x000000008b800000| Untracked 
|  17|0x000000008b900000, 0x000000008b900000, 0x000000008ba00000|  0%| F|  |TAMS 0x000000008b900000| PB 0x000000008b900000| Untracked 
|  18|0x000000008ba00000, 0x000000008ba00000, 0x000000008bb00000|  0%| F|  |TAMS 0x000000008ba00000| PB 0x000000008ba00000| Untracked 
|  19|0x000000008bb00000, 0x000000008bb00000, 0x000000008bc00000|  0%| F|  |TAMS 0x000000008bb00000| PB 0x000000008bb00000| Untracked 
|  20|0x000000008bc00000, 0x000000008bc00000, 0x000000008bd00000|  0%| F|  |TAMS 0x000000008bc00000| PB 0x000000008bc00000| Untracked 
|  21|0x000000008bd00000, 0x000000008bd00000, 0x000000008be00000|  0%| F|  |TAMS 0x000000008bd00000| PB 0x000000008bd00000| Untracked 
|  22|0x000000008be00000, 0x000000008be00000, 0x000000008bf00000|  0%| F|  |TAMS 0x000000008be00000| PB 0x000000008be00000| Untracked 
|  23|0x000000008bf00000, 0x000000008bf00000, 0x000000008c000000|  0%| F|  |TAMS 0x000000008bf00000| PB 0x000000008bf00000| Untracked 
|  24|0x000000008c000000, 0x000000008c000000, 0x000000008c100000|  0%| F|  |TAMS 0x000000008c000000| PB 0x000000008c000000| Untracked 
|  25|0x000000008c100000, 0x000000008c100000, 0x000000008c200000|  0%| F|  |TAMS 0x000000008c100000| PB 0x000000008c100000| Untracked 
|  26|0x000000008c200000, 0x000000008c200000, 0x000000008c300000|  0%| F|  |TAMS 0x000000008c200000| PB 0x000000008c200000| Untracked 
|  27|0x000000008c300000, 0x000000008c300000, 0x000000008c400000|  0%| F|  |TAMS 0x000000008c300000| PB 0x000000008c300000| Untracked 
|  28|0x000000008c400000, 0x000000008c400000, 0x000000008c500000|  0%| F|  |TAMS 0x000000008c400000| PB 0x000000008c400000| Untracked 
|  29|0x000000008c500000, 0x000000008c500000, 0x000000008c600000|  0%| F|  |TAMS 0x000000008c500000| PB 0x000000008c500000| Untracked 
|  30|0x000000008c600000, 0x000000008c600000, 0x000000008c700000|  0%| F|  |TAMS 0x000000008c600000| PB 0x000000008c600000| Untracked 
|  31|0x000000008c700000, 0x000000008c700000, 0x000000008c800000|  0%| F|  |TAMS 0x000000008c700000| PB 0x000000008c700000| Untracked 
|  32|0x000000008c800000, 0x000000008c800000, 0x000000008c900000|  0%| F|  |TAMS 0x000000008c800000| PB 0x000000008c800000| Untracked 
|  33|0x000000008c900000, 0x000000008c900000, 0x000000008ca00000|  0%| F|  |TAMS 0x000000008c900000| PB 0x000000008c900000| Untracked 
|  34|0x000000008ca00000, 0x000000008ca00000, 0x000000008cb00000|  0%| F|  |TAMS 0x000000008ca00000| PB 0x000000008ca00000| Untracked 
|  35|0x000000008cb00000, 0x000000008cb00000, 0x000000008cc00000|  0%| F|  |TAMS 0x000000008cb00000| PB 0x000000008cb00000| Untracked 
|  36|0x000000008cc00000, 0x000000008cc00000, 0x000000008cd00000|  0%| F|  |TAMS 0x000000008cc00000| PB 0x000000008cc00000| Untracked 
|  37|0x000000008cd00000, 0x000000008cd00000, 0x000000008ce00000|  0%| F|  |TAMS 0x000000008cd00000| PB 0x000000008cd00000| Untracked 
|  38|0x000000008ce00000, 0x000000008ce00000, 0x000000008cf00000|  0%| F|  |TAMS 0x000000008ce00000| PB 0x000000008ce00000| Untracked 
|  39|0x000000008cf00000, 0x000000008cf00000, 0x000000008d000000|  0%| F|  |TAMS 0x000000008cf00000| PB 0x000000008cf00000| Untracked 
|  40|0x000000008d000000, 0x000000008d000000, 0x000000008d100000|  0%| F|  |TAMS 0x000000008d000000| PB 0x000000008d000000| Untracked 
|  41|0x000000008d100000, 0x000000008d100000, 0x000000008d200000|  0%| F|  |TAMS 0x000000008d100000| PB 0x000000008d100000| Untracked 
|  42|0x000000008d200000, 0x000000008d200000, 0x000000008d300000|  0%| F|  |TAMS 0x000000008d200000| PB 0x000000008d200000| Untracked 
|  43|0x000000008d300000, 0x000000008d300000, 0x000000008d400000|  0%| F|  |TAMS 0x000000008d300000| PB 0x000000008d300000| Untracked 
|  44|0x000000008d400000, 0x000000008d400000, 0x000000008d500000|  0%| F|  |TAMS 0x000000008d400000| PB 0x000000008d400000| Untracked 
|  45|0x000000008d500000, 0x000000008d500000, 0x000000008d600000|  0%| F|  |TAMS 0x000000008d500000| PB 0x000000008d500000| Untracked 
|  46|0x000000008d600000, 0x000000008d600000, 0x000000008d700000|  0%| F|  |TAMS 0x000000008d600000| PB 0x000000008d600000| Untracked 
|  47|0x000000008d700000, 0x000000008d700000, 0x000000008d800000|  0%| F|  |TAMS 0x000000008d700000| PB 0x000000008d700000| Untracked 
|  48|0x000000008d800000, 0x000000008d800000, 0x000000008d900000|  0%| F|  |TAMS 0x000000008d800000| PB 0x000000008d800000| Untracked 
|  49|0x000000008d900000, 0x000000008d900000, 0x000000008da00000|  0%| F|  |TAMS 0x000000008d900000| PB 0x000000008d900000| Untracked 
|  50|0x000000008da00000, 0x000000008da00000, 0x000000008db00000|  0%| F|  |TAMS 0x000000008da00000| PB 0x000000008da00000| Untracked 
|  51|0x000000008db00000, 0x000000008db00000, 0x000000008dc00000|  0%| F|  |TAMS 0x000000008db00000| PB 0x000000008db00000| Untracked 
|  52|0x000000008dc00000, 0x000000008dc00000, 0x000000008dd00000|  0%| F|  |TAMS 0x000000008dc00000| PB 0x000000008dc00000| Untracked 
|  53|0x000000008dd00000, 0x000000008dd00000, 0x000000008de00000|  0%| F|  |TAMS 0x000000008dd00000| PB 0x000000008dd00000| Untracked 
|  54|0x000000008de00000, 0x000000008de00000, 0x000000008df00000|  0%| F|  |TAMS 0x000000008de00000| PB 0x000000008de00000| Untracked 
|  55|0x000000008df00000, 0x000000008df00000, 0x000000008e000000|  0%| F|  |TAMS 0x000000008df00000| PB 0x000000008df00000| Untracked 
|  56|0x000000008e000000, 0x000000008e000000, 0x000000008e100000|  0%| F|  |TAMS 0x000000008e000000| PB 0x000000008e000000| Untracked 
|  57|0x000000008e100000, 0x000000008e100000, 0x000000008e200000|  0%| F|  |TAMS 0x000000008e100000| PB 0x000000008e100000| Untracked 
|  58|0x000000008e200000, 0x000000008e200000, 0x000000008e300000|  0%| F|  |TAMS 0x000000008e200000| PB 0x000000008e200000| Untracked 
|  59|0x000000008e300000, 0x000000008e300000, 0x000000008e400000|  0%| F|  |TAMS 0x000000008e300000| PB 0x000000008e300000| Untracked 
|  60|0x000000008e400000, 0x000000008e400000, 0x000000008e500000|  0%| F|  |TAMS 0x000000008e400000| PB 0x000000008e400000| Untracked 
|  61|0x000000008e500000, 0x000000008e500000, 0x000000008e600000|  0%| F|  |TAMS 0x000000008e500000| PB 0x000000008e500000| Untracked 
|  62|0x000000008e600000, 0x000000008e600000, 0x000000008e700000|  0%| F|  |TAMS 0x000000008e600000| PB 0x000000008e600000| Untracked 
|  63|0x000000008e700000, 0x000000008e700000, 0x000000008e800000|  0%| F|  |TAMS 0x000000008e700000| PB 0x000000008e700000| Untracked 
|  64|0x000000008e800000, 0x000000008e800000, 0x000000008e900000|  0%| F|  |TAMS 0x000000008e800000| PB 0x000000008e800000| Untracked 
|  65|0x000000008e900000, 0x000000008e900000, 0x000000008ea00000|  0%| F|  |TAMS 0x000000008e900000| PB 0x000000008e900000| Untracked 
|  66|0x000000008ea00000, 0x000000008ea00000, 0x000000008eb00000|  0%| F|  |TAMS 0x000000008ea00000| PB 0x000000008ea00000| Untracked 
|  67|0x000000008eb00000, 0x000000008eb00000, 0x000000008ec00000|  0%| F|  |TAMS 0x000000008eb00000| PB 0x000000008eb00000| Untracked 
|  68|0x000000008ec00000, 0x000000008ec00000, 0x000000008ed00000|  0%| F|  |TAMS 0x000000008ec00000| PB 0x000000008ec00000| Untracked 
|  69|0x000000008ed00000, 0x000000008ed00000, 0x000000008ee00000|  0%| F|  |TAMS 0x000000008ed00000| PB 0x000000008ed00000| Untracked 
|  70|0x000000008ee00000, 0x000000008ee00000, 0x000000008ef00000|  0%| F|  |TAMS 0x000000008ee00000| PB 0x000000008ee00000| Untracked 
|  71|0x000000008ef00000, 0x000000008ef00000, 0x000000008f000000|  0%| F|  |TAMS 0x000000008ef00000| PB 0x000000008ef00000| Untracked 
|  72|0x000000008f000000, 0x000000008f000000, 0x000000008f100000|  0%| F|  |TAMS 0x000000008f000000| PB 0x000000008f000000| Untracked 
|  73|0x000000008f100000, 0x000000008f100000, 0x000000008f200000|  0%| F|  |TAMS 0x000000008f100000| PB 0x000000008f100000| Untracked 
|  74|0x000000008f200000, 0x000000008f200000, 0x000000008f300000|  0%| F|  |TAMS 0x000000008f200000| PB 0x000000008f200000| Untracked 
|  75|0x000000008f300000, 0x000000008f300000, 0x000000008f400000|  0%| F|  |TAMS 0x000000008f300000| PB 0x000000008f300000| Untracked 
|  76|0x000000008f400000, 0x000000008f400000, 0x000000008f500000|  0%| F|  |TAMS 0x000000008f400000| PB 0x000000008f400000| Untracked 
|  77|0x000000008f500000, 0x000000008f500000, 0x000000008f600000|  0%| F|  |TAMS 0x000000008f500000| PB 0x000000008f500000| Untracked 
|  78|0x000000008f600000, 0x000000008f600000, 0x000000008f700000|  0%| F|  |TAMS 0x000000008f600000| PB 0x000000008f600000| Untracked 
|  79|0x000000008f700000, 0x000000008f700000, 0x000000008f800000|  0%| F|  |TAMS 0x000000008f700000| PB 0x000000008f700000| Untracked 
|  80|0x000000008f800000, 0x000000008f848bb0, 0x000000008f900000| 28%| S|CS|TAMS 0x000000008f800000| PB 0x000000008f800000| Complete 
|  81|0x000000008f900000, 0x000000008f900000, 0x000000008fa00000|  0%| F|  |TAMS 0x000000008f900000| PB 0x000000008f900000| Untracked 
|  82|0x000000008fa00000, 0x000000008fa00000, 0x000000008fb00000|  0%| F|  |TAMS 0x000000008fa00000| PB 0x000000008fa00000| Untracked 
|  83|0x000000008fb00000, 0x000000008fb00000, 0x000000008fc00000|  0%| F|  |TAMS 0x000000008fb00000| PB 0x000000008fb00000| Untracked 
|  84|0x000000008fc00000, 0x000000008fc00000, 0x000000008fd00000|  0%| F|  |TAMS 0x000000008fc00000| PB 0x000000008fc00000| Untracked 
|  85|0x000000008fd00000, 0x000000008fd00000, 0x000000008fe00000|  0%| F|  |TAMS 0x000000008fd00000| PB 0x000000008fd00000| Untracked 
|  86|0x000000008fe00000, 0x000000008fe00000, 0x000000008ff00000|  0%| F|  |TAMS 0x000000008fe00000| PB 0x000000008fe00000| Untracked 
|  87|0x000000008ff00000, 0x000000008ff00000, 0x0000000090000000|  0%| F|  |TAMS 0x000000008ff00000| PB 0x000000008ff00000| Untracked 
|  88|0x0000000090000000, 0x0000000090000000, 0x0000000090100000|  0%| F|  |TAMS 0x0000000090000000| PB 0x0000000090000000| Untracked 
|  89|0x0000000090100000, 0x0000000090100000, 0x0000000090200000|  0%| F|  |TAMS 0x0000000090100000| PB 0x0000000090100000| Untracked 
|  90|0x0000000090200000, 0x0000000090200000, 0x0000000090300000|  0%| F|  |TAMS 0x0000000090200000| PB 0x0000000090200000| Untracked 
|  91|0x0000000090300000, 0x0000000090300000, 0x0000000090400000|  0%| F|  |TAMS 0x0000000090300000| PB 0x0000000090300000| Untracked 
|  92|0x0000000090400000, 0x0000000090400000, 0x0000000090500000|  0%| F|  |TAMS 0x0000000090400000| PB 0x0000000090400000| Untracked 
|  93|0x0000000090500000, 0x0000000090500000, 0x0000000090600000|  0%| F|  |TAMS 0x0000000090500000| PB 0x0000000090500000| Untracked 
|  94|0x0000000090600000, 0x0000000090600000, 0x0000000090700000|  0%| F|  |TAMS 0x0000000090600000| PB 0x0000000090600000| Untracked 
|  95|0x0000000090700000, 0x0000000090700000, 0x0000000090800000|  0%| F|  |TAMS 0x0000000090700000| PB 0x0000000090700000| Untracked 
|  96|0x0000000090800000, 0x0000000090800000, 0x0000000090900000|  0%| F|  |TAMS 0x0000000090800000| PB 0x0000000090800000| Untracked 
|  97|0x0000000090900000, 0x0000000090900000, 0x0000000090a00000|  0%| F|  |TAMS 0x0000000090900000| PB 0x0000000090900000| Untracked 
|  98|0x0000000090a00000, 0x0000000090a00000, 0x0000000090b00000|  0%| F|  |TAMS 0x0000000090a00000| PB 0x0000000090a00000| Untracked 
|  99|0x0000000090b00000, 0x0000000090b00000, 0x0000000090c00000|  0%| F|  |TAMS 0x0000000090b00000| PB 0x0000000090b00000| Untracked 
| 100|0x0000000090c00000, 0x0000000090c00000, 0x0000000090d00000|  0%| F|  |TAMS 0x0000000090c00000| PB 0x0000000090c00000| Untracked 
| 101|0x0000000090d00000, 0x0000000090d00000, 0x0000000090e00000|  0%| F|  |TAMS 0x0000000090d00000| PB 0x0000000090d00000| Untracked 
| 102|0x0000000090e00000, 0x0000000090e00000, 0x0000000090f00000|  0%| F|  |TAMS 0x0000000090e00000| PB 0x0000000090e00000| Untracked 
| 103|0x0000000090f00000, 0x0000000090f00000, 0x0000000091000000|  0%| F|  |TAMS 0x0000000090f00000| PB 0x0000000090f00000| Untracked 
| 104|0x0000000091000000, 0x0000000091000000, 0x0000000091100000|  0%| F|  |TAMS 0x0000000091000000| PB 0x0000000091000000| Untracked 
| 105|0x0000000091100000, 0x0000000091100000, 0x0000000091200000|  0%| F|  |TAMS 0x0000000091100000| PB 0x0000000091100000| Untracked 
| 106|0x0000000091200000, 0x0000000091200000, 0x0000000091300000|  0%| F|  |TAMS 0x0000000091200000| PB 0x0000000091200000| Untracked 
| 107|0x0000000091300000, 0x0000000091300000, 0x0000000091400000|  0%| F|  |TAMS 0x0000000091300000| PB 0x0000000091300000| Untracked 
| 108|0x0000000091400000, 0x0000000091500000, 0x0000000091500000|100%|HS|  |TAMS 0x0000000091500000| PB 0x0000000091400000| Complete 
| 109|0x0000000091500000, 0x0000000091600000, 0x0000000091600000|100%|HC|  |TAMS 0x0000000091600000| PB 0x0000000091500000| Complete 
| 110|0x0000000091600000, 0x0000000091700000, 0x0000000091700000|100%|HC|  |TAMS 0x0000000091700000| PB 0x0000000091600000| Complete 
| 111|0x0000000091700000, 0x0000000091800000, 0x0000000091800000|100%|HC|  |TAMS 0x0000000091800000| PB 0x0000000091700000| Complete 
| 112|0x0000000091800000, 0x0000000091900000, 0x0000000091900000|100%|HC|  |TAMS 0x0000000091900000| PB 0x0000000091800000| Complete 
| 113|0x0000000091900000, 0x0000000091a00000, 0x0000000091a00000|100%|HC|  |TAMS 0x0000000091a00000| PB 0x0000000091900000| Complete 
| 114|0x0000000091a00000, 0x0000000091b00000, 0x0000000091b00000|100%|HC|  |TAMS 0x0000000091b00000| PB 0x0000000091a00000| Complete 
| 115|0x0000000091b00000, 0x0000000091c00000, 0x0000000091c00000|100%|HC|  |TAMS 0x0000000091c00000| PB 0x0000000091b00000| Complete 
| 116|0x0000000091c00000, 0x0000000091d00000, 0x0000000091d00000|100%|HC|  |TAMS 0x0000000091d00000| PB 0x0000000091c00000| Complete 
| 117|0x0000000091d00000, 0x0000000091e00000, 0x0000000091e00000|100%|HC|  |TAMS 0x0000000091e00000| PB 0x0000000091d00000| Complete 
| 118|0x0000000091e00000, 0x0000000091f00000, 0x0000000091f00000|100%|HC|  |TAMS 0x0000000091f00000| PB 0x0000000091e00000| Complete 
| 119|0x0000000091f00000, 0x0000000092000000, 0x0000000092000000|100%|HC|  |TAMS 0x0000000092000000| PB 0x0000000091f00000| Complete 
| 120|0x0000000092000000, 0x0000000092100000, 0x0000000092100000|100%|HC|  |TAMS 0x0000000092100000| PB 0x0000000092000000| Complete 
| 121|0x0000000092100000, 0x0000000092200000, 0x0000000092200000|100%|HC|  |TAMS 0x0000000092200000| PB 0x0000000092100000| Complete 
| 122|0x0000000092200000, 0x0000000092300000, 0x0000000092300000|100%|HC|  |TAMS 0x0000000092300000| PB 0x0000000092200000| Complete 
| 123|0x0000000092300000, 0x0000000092400000, 0x0000000092400000|100%|HC|  |TAMS 0x0000000092400000| PB 0x0000000092300000| Complete 
| 124|0x0000000092400000, 0x0000000092500000, 0x0000000092500000|100%|HC|  |TAMS 0x0000000092500000| PB 0x0000000092400000| Complete 
| 125|0x0000000092500000, 0x0000000092600000, 0x0000000092600000|100%|HC|  |TAMS 0x0000000092600000| PB 0x0000000092500000| Complete 
| 126|0x0000000092600000, 0x0000000092700000, 0x0000000092700000|100%|HC|  |TAMS 0x0000000092700000| PB 0x0000000092600000| Complete 
| 127|0x0000000092700000, 0x0000000092800000, 0x0000000092800000|100%|HC|  |TAMS 0x0000000092800000| PB 0x0000000092700000| Complete 
| 128|0x0000000092800000, 0x0000000092900000, 0x0000000092900000|100%|HC|  |TAMS 0x0000000092900000| PB 0x0000000092800000| Complete 
| 129|0x0000000092900000, 0x0000000092a00000, 0x0000000092a00000|100%|HC|  |TAMS 0x0000000092a00000| PB 0x0000000092900000| Complete 
| 130|0x0000000092a00000, 0x0000000092b00000, 0x0000000092b00000|100%|HC|  |TAMS 0x0000000092b00000| PB 0x0000000092a00000| Complete 
| 131|0x0000000092b00000, 0x0000000092c00000, 0x0000000092c00000|100%|HC|  |TAMS 0x0000000092c00000| PB 0x0000000092b00000| Complete 
| 132|0x0000000092c00000, 0x0000000092d00000, 0x0000000092d00000|100%|HC|  |TAMS 0x0000000092d00000| PB 0x0000000092c00000| Complete 
| 133|0x0000000092d00000, 0x0000000092e00000, 0x0000000092e00000|100%|HC|  |TAMS 0x0000000092e00000| PB 0x0000000092d00000| Complete 
| 134|0x0000000092e00000, 0x0000000092f00000, 0x0000000092f00000|100%|HC|  |TAMS 0x0000000092f00000| PB 0x0000000092e00000| Complete 
| 135|0x0000000092f00000, 0x0000000093000000, 0x0000000093000000|100%|HC|  |TAMS 0x0000000093000000| PB 0x0000000092f00000| Complete 
| 136|0x0000000093000000, 0x0000000093100000, 0x0000000093100000|100%|HC|  |TAMS 0x0000000093100000| PB 0x0000000093000000| Complete 
| 137|0x0000000093100000, 0x0000000093200000, 0x0000000093200000|100%|HC|  |TAMS 0x0000000093200000| PB 0x0000000093100000| Complete 
| 138|0x0000000093200000, 0x0000000093300000, 0x0000000093300000|100%|HC|  |TAMS 0x0000000093300000| PB 0x0000000093200000| Complete 
| 139|0x0000000093300000, 0x0000000093400000, 0x0000000093400000|100%|HC|  |TAMS 0x0000000093400000| PB 0x0000000093300000| Complete 
| 140|0x0000000093400000, 0x0000000093500000, 0x0000000093500000|100%|HC|  |TAMS 0x0000000093500000| PB 0x0000000093400000| Complete 
| 141|0x0000000093500000, 0x0000000093600000, 0x0000000093600000|100%|HC|  |TAMS 0x0000000093600000| PB 0x0000000093500000| Complete 
| 142|0x0000000093600000, 0x0000000093700000, 0x0000000093700000|100%|HC|  |TAMS 0x0000000093700000| PB 0x0000000093600000| Complete 
| 143|0x0000000093700000, 0x0000000093800000, 0x0000000093800000|100%|HC|  |TAMS 0x0000000093800000| PB 0x0000000093700000| Complete 
| 144|0x0000000093800000, 0x0000000093900000, 0x0000000093900000|100%|HC|  |TAMS 0x0000000093900000| PB 0x0000000093800000| Complete 
| 145|0x0000000093900000, 0x0000000093a00000, 0x0000000093a00000|100%|HC|  |TAMS 0x0000000093a00000| PB 0x0000000093900000| Complete 
| 146|0x0000000093a00000, 0x0000000093b00000, 0x0000000093b00000|100%|HC|  |TAMS 0x0000000093b00000| PB 0x0000000093a00000| Complete 
| 147|0x0000000093b00000, 0x0000000093c00000, 0x0000000093c00000|100%|HC|  |TAMS 0x0000000093c00000| PB 0x0000000093b00000| Complete 
| 148|0x0000000093c00000, 0x0000000093d00000, 0x0000000093d00000|100%|HC|  |TAMS 0x0000000093d00000| PB 0x0000000093c00000| Complete 
| 149|0x0000000093d00000, 0x0000000093e00000, 0x0000000093e00000|100%|HC|  |TAMS 0x0000000093e00000| PB 0x0000000093d00000| Complete 
| 150|0x0000000093e00000, 0x0000000093f00000, 0x0000000093f00000|100%|HC|  |TAMS 0x0000000093f00000| PB 0x0000000093e00000| Complete 
| 151|0x0000000093f00000, 0x0000000094000000, 0x0000000094000000|100%|HC|  |TAMS 0x0000000094000000| PB 0x0000000093f00000| Complete 
| 152|0x0000000094000000, 0x0000000094100000, 0x0000000094100000|100%|HC|  |TAMS 0x0000000094100000| PB 0x0000000094000000| Complete 
| 153|0x0000000094100000, 0x0000000094200000, 0x0000000094200000|100%|HC|  |TAMS 0x0000000094200000| PB 0x0000000094100000| Complete 
| 154|0x0000000094200000, 0x0000000094300000, 0x0000000094300000|100%|HC|  |TAMS 0x0000000094300000| PB 0x0000000094200000| Complete 
| 155|0x0000000094300000, 0x0000000094400000, 0x0000000094400000|100%|HC|  |TAMS 0x0000000094400000| PB 0x0000000094300000| Complete 
| 156|0x0000000094400000, 0x0000000094500000, 0x0000000094500000|100%|HC|  |TAMS 0x0000000094500000| PB 0x0000000094400000| Complete 
| 157|0x0000000094500000, 0x0000000094600000, 0x0000000094600000|100%|HC|  |TAMS 0x0000000094600000| PB 0x0000000094500000| Complete 
| 158|0x0000000094600000, 0x0000000094700000, 0x0000000094700000|100%|HC|  |TAMS 0x0000000094700000| PB 0x0000000094600000| Complete 
| 159|0x0000000094700000, 0x0000000094800000, 0x0000000094800000|100%|HC|  |TAMS 0x0000000094800000| PB 0x0000000094700000| Complete 
| 160|0x0000000094800000, 0x0000000094900000, 0x0000000094900000|100%|HC|  |TAMS 0x0000000094900000| PB 0x0000000094800000| Complete 
| 161|0x0000000094900000, 0x0000000094a00000, 0x0000000094a00000|100%|HC|  |TAMS 0x0000000094a00000| PB 0x0000000094900000| Complete 
| 162|0x0000000094a00000, 0x0000000094b00000, 0x0000000094b00000|100%|HC|  |TAMS 0x0000000094b00000| PB 0x0000000094a00000| Complete 
| 163|0x0000000094b00000, 0x0000000094c00000, 0x0000000094c00000|100%|HC|  |TAMS 0x0000000094c00000| PB 0x0000000094b00000| Complete 
| 164|0x0000000094c00000, 0x0000000094d00000, 0x0000000094d00000|100%|HC|  |TAMS 0x0000000094d00000| PB 0x0000000094c00000| Complete 
| 165|0x0000000094d00000, 0x0000000094e00000, 0x0000000094e00000|100%|HC|  |TAMS 0x0000000094e00000| PB 0x0000000094d00000| Complete 
| 166|0x0000000094e00000, 0x0000000094f00000, 0x0000000094f00000|100%|HC|  |TAMS 0x0000000094f00000| PB 0x0000000094e00000| Complete 
| 167|0x0000000094f00000, 0x0000000095000000, 0x0000000095000000|100%|HC|  |TAMS 0x0000000095000000| PB 0x0000000094f00000| Complete 
| 168|0x0000000095000000, 0x0000000095100000, 0x0000000095100000|100%|HC|  |TAMS 0x0000000095100000| PB 0x0000000095000000| Complete 
| 169|0x0000000095100000, 0x0000000095200000, 0x0000000095200000|100%|HC|  |TAMS 0x0000000095200000| PB 0x0000000095100000| Complete 
| 170|0x0000000095200000, 0x0000000095300000, 0x0000000095300000|100%|HC|  |TAMS 0x0000000095300000| PB 0x0000000095200000| Complete 
| 171|0x0000000095300000, 0x0000000095400000, 0x0000000095400000|100%|HC|  |TAMS 0x0000000095400000| PB 0x0000000095300000| Complete 
| 172|0x0000000095400000, 0x0000000095500000, 0x0000000095500000|100%|HC|  |TAMS 0x0000000095500000| PB 0x0000000095400000| Complete 
| 173|0x0000000095500000, 0x0000000095600000, 0x0000000095600000|100%|HC|  |TAMS 0x0000000095600000| PB 0x0000000095500000| Complete 
| 174|0x0000000095600000, 0x0000000095700000, 0x0000000095700000|100%|HC|  |TAMS 0x0000000095700000| PB 0x0000000095600000| Complete 
| 175|0x0000000095700000, 0x0000000095800000, 0x0000000095800000|100%|HC|  |TAMS 0x0000000095800000| PB 0x0000000095700000| Complete 
| 176|0x0000000095800000, 0x0000000095900000, 0x0000000095900000|100%|HC|  |TAMS 0x0000000095900000| PB 0x0000000095800000| Complete 
| 177|0x0000000095900000, 0x0000000095a00000, 0x0000000095a00000|100%|HC|  |TAMS 0x0000000095a00000| PB 0x0000000095900000| Complete 
| 178|0x0000000095a00000, 0x0000000095b00000, 0x0000000095b00000|100%|HC|  |TAMS 0x0000000095b00000| PB 0x0000000095a00000| Complete 
| 179|0x0000000095b00000, 0x0000000095c00000, 0x0000000095c00000|100%|HC|  |TAMS 0x0000000095c00000| PB 0x0000000095b00000| Complete 
| 180|0x0000000095c00000, 0x0000000095d00000, 0x0000000095d00000|100%|HC|  |TAMS 0x0000000095d00000| PB 0x0000000095c00000| Complete 
| 181|0x0000000095d00000, 0x0000000095e00000, 0x0000000095e00000|100%|HC|  |TAMS 0x0000000095e00000| PB 0x0000000095d00000| Complete 
| 182|0x0000000095e00000, 0x0000000095f00000, 0x0000000095f00000|100%|HC|  |TAMS 0x0000000095f00000| PB 0x0000000095e00000| Complete 
| 183|0x0000000095f00000, 0x0000000096000000, 0x0000000096000000|100%|HC|  |TAMS 0x0000000096000000| PB 0x0000000095f00000| Complete 
| 184|0x0000000096000000, 0x0000000096100000, 0x0000000096100000|100%|HC|  |TAMS 0x0000000096100000| PB 0x0000000096000000| Complete 
| 185|0x0000000096100000, 0x0000000096200000, 0x0000000096200000|100%|HC|  |TAMS 0x0000000096200000| PB 0x0000000096100000| Complete 
| 186|0x0000000096200000, 0x0000000096300000, 0x0000000096300000|100%|HC|  |TAMS 0x0000000096300000| PB 0x0000000096200000| Complete 
| 187|0x0000000096300000, 0x0000000096400000, 0x0000000096400000|100%|HC|  |TAMS 0x0000000096400000| PB 0x0000000096300000| Complete 
| 188|0x0000000096400000, 0x0000000096500000, 0x0000000096500000|100%|HC|  |TAMS 0x0000000096500000| PB 0x0000000096400000| Complete 
| 189|0x0000000096500000, 0x0000000096600000, 0x0000000096600000|100%|HC|  |TAMS 0x0000000096600000| PB 0x0000000096500000| Complete 
| 190|0x0000000096600000, 0x0000000096700000, 0x0000000096700000|100%|HC|  |TAMS 0x0000000096700000| PB 0x0000000096600000| Complete 
| 191|0x0000000096700000, 0x0000000096800000, 0x0000000096800000|100%|HC|  |TAMS 0x0000000096800000| PB 0x0000000096700000| Complete 
| 192|0x0000000096800000, 0x0000000096900000, 0x0000000096900000|100%|HC|  |TAMS 0x0000000096900000| PB 0x0000000096800000| Complete 
| 193|0x0000000096900000, 0x0000000096a00000, 0x0000000096a00000|100%|HC|  |TAMS 0x0000000096a00000| PB 0x0000000096900000| Complete 
| 194|0x0000000096a00000, 0x0000000096b00000, 0x0000000096b00000|100%|HC|  |TAMS 0x0000000096b00000| PB 0x0000000096a00000| Complete 
| 195|0x0000000096b00000, 0x0000000096c00000, 0x0000000096c00000|100%|HC|  |TAMS 0x0000000096c00000| PB 0x0000000096b00000| Complete 
| 196|0x0000000096c00000, 0x0000000096d00000, 0x0000000096d00000|100%|HC|  |TAMS 0x0000000096d00000| PB 0x0000000096c00000| Complete 
| 197|0x0000000096d00000, 0x0000000096e00000, 0x0000000096e00000|100%|HC|  |TAMS 0x0000000096e00000| PB 0x0000000096d00000| Complete 
| 198|0x0000000096e00000, 0x0000000096f00000, 0x0000000096f00000|100%|HC|  |TAMS 0x0000000096f00000| PB 0x0000000096e00000| Complete 
| 199|0x0000000096f00000, 0x0000000097000000, 0x0000000097000000|100%|HC|  |TAMS 0x0000000097000000| PB 0x0000000096f00000| Complete 
| 200|0x0000000097000000, 0x0000000097100000, 0x0000000097100000|100%|HC|  |TAMS 0x0000000097100000| PB 0x0000000097000000| Complete 
| 201|0x0000000097100000, 0x0000000097200000, 0x0000000097200000|100%|HC|  |TAMS 0x0000000097200000| PB 0x0000000097100000| Complete 
| 202|0x0000000097200000, 0x0000000097300000, 0x0000000097300000|100%|HC|  |TAMS 0x0000000097300000| PB 0x0000000097200000| Complete 
| 203|0x0000000097300000, 0x0000000097400000, 0x0000000097400000|100%|HC|  |TAMS 0x0000000097400000| PB 0x0000000097300000| Complete 
| 204|0x0000000097400000, 0x0000000097500000, 0x0000000097500000|100%|HC|  |TAMS 0x0000000097500000| PB 0x0000000097400000| Complete 
| 205|0x0000000097500000, 0x0000000097600000, 0x0000000097600000|100%|HC|  |TAMS 0x0000000097600000| PB 0x0000000097500000| Complete 
| 206|0x0000000097600000, 0x0000000097700000, 0x0000000097700000|100%|HC|  |TAMS 0x0000000097700000| PB 0x0000000097600000| Complete 
| 207|0x0000000097700000, 0x0000000097800000, 0x0000000097800000|100%|HC|  |TAMS 0x0000000097800000| PB 0x0000000097700000| Complete 
| 208|0x0000000097800000, 0x0000000097900000, 0x0000000097900000|100%|HC|  |TAMS 0x0000000097900000| PB 0x0000000097800000| Complete 
| 209|0x0000000097900000, 0x0000000097a00000, 0x0000000097a00000|100%|HC|  |TAMS 0x0000000097a00000| PB 0x0000000097900000| Complete 
| 210|0x0000000097a00000, 0x0000000097b00000, 0x0000000097b00000|100%|HC|  |TAMS 0x0000000097b00000| PB 0x0000000097a00000| Complete 
| 211|0x0000000097b00000, 0x0000000097c00000, 0x0000000097c00000|100%|HC|  |TAMS 0x0000000097c00000| PB 0x0000000097b00000| Complete 
| 212|0x0000000097c00000, 0x0000000097d00000, 0x0000000097d00000|100%|HC|  |TAMS 0x0000000097d00000| PB 0x0000000097c00000| Complete 
| 213|0x0000000097d00000, 0x0000000097e00000, 0x0000000097e00000|100%|HC|  |TAMS 0x0000000097e00000| PB 0x0000000097d00000| Complete 
| 214|0x0000000097e00000, 0x0000000097f00000, 0x0000000097f00000|100%|HS|  |TAMS 0x0000000097f00000| PB 0x0000000097e00000| Complete 
| 215|0x0000000097f00000, 0x0000000098000000, 0x0000000098000000|100%|HC|  |TAMS 0x0000000098000000| PB 0x0000000097f00000| Complete 
| 216|0x0000000098000000, 0x0000000098100000, 0x0000000098100000|100%|HC|  |TAMS 0x0000000098100000| PB 0x0000000098000000| Complete 
| 217|0x0000000098100000, 0x0000000098200000, 0x0000000098200000|100%|HC|  |TAMS 0x0000000098200000| PB 0x0000000098100000| Complete 
| 218|0x0000000098200000, 0x0000000098300000, 0x0000000098300000|100%|HC|  |TAMS 0x0000000098300000| PB 0x0000000098200000| Complete 
| 219|0x0000000098300000, 0x0000000098400000, 0x0000000098400000|100%|HC|  |TAMS 0x0000000098400000| PB 0x0000000098300000| Complete 
| 220|0x0000000098400000, 0x0000000098500000, 0x0000000098500000|100%|HC|  |TAMS 0x0000000098500000| PB 0x0000000098400000| Complete 
| 221|0x0000000098500000, 0x0000000098600000, 0x0000000098600000|100%|HC|  |TAMS 0x0000000098600000| PB 0x0000000098500000| Complete 
| 222|0x0000000098600000, 0x0000000098700000, 0x0000000098700000|100%|HC|  |TAMS 0x0000000098700000| PB 0x0000000098600000| Complete 
| 223|0x0000000098700000, 0x0000000098800000, 0x0000000098800000|100%|HC|  |TAMS 0x0000000098800000| PB 0x0000000098700000| Complete 
| 224|0x0000000098800000, 0x0000000098900000, 0x0000000098900000|100%|HC|  |TAMS 0x0000000098900000| PB 0x0000000098800000| Complete 
| 225|0x0000000098900000, 0x0000000098a00000, 0x0000000098a00000|100%|HC|  |TAMS 0x0000000098a00000| PB 0x0000000098900000| Complete 
| 226|0x0000000098a00000, 0x0000000098b00000, 0x0000000098b00000|100%|HC|  |TAMS 0x0000000098b00000| PB 0x0000000098a00000| Complete 
| 227|0x0000000098b00000, 0x0000000098c00000, 0x0000000098c00000|100%|HC|  |TAMS 0x0000000098c00000| PB 0x0000000098b00000| Complete 
| 228|0x0000000098c00000, 0x0000000098d00000, 0x0000000098d00000|100%|HC|  |TAMS 0x0000000098d00000| PB 0x0000000098c00000| Complete 
| 229|0x0000000098d00000, 0x0000000098e00000, 0x0000000098e00000|100%|HC|  |TAMS 0x0000000098e00000| PB 0x0000000098d00000| Complete 
| 230|0x0000000098e00000, 0x0000000098f00000, 0x0000000098f00000|100%|HC|  |TAMS 0x0000000098f00000| PB 0x0000000098e00000| Complete 
| 231|0x0000000098f00000, 0x0000000099000000, 0x0000000099000000|100%|HC|  |TAMS 0x0000000099000000| PB 0x0000000098f00000| Complete 
| 232|0x0000000099000000, 0x0000000099100000, 0x0000000099100000|100%|HC|  |TAMS 0x0000000099100000| PB 0x0000000099000000| Complete 
| 233|0x0000000099100000, 0x0000000099200000, 0x0000000099200000|100%|HC|  |TAMS 0x0000000099200000| PB 0x0000000099100000| Complete 
| 234|0x0000000099200000, 0x0000000099300000, 0x0000000099300000|100%|HC|  |TAMS 0x0000000099300000| PB 0x0000000099200000| Complete 
| 235|0x0000000099300000, 0x0000000099400000, 0x0000000099400000|100%|HC|  |TAMS 0x0000000099400000| PB 0x0000000099300000| Complete 
| 236|0x0000000099400000, 0x0000000099500000, 0x0000000099500000|100%|HC|  |TAMS 0x0000000099500000| PB 0x0000000099400000| Complete 
| 237|0x0000000099500000, 0x0000000099600000, 0x0000000099600000|100%|HC|  |TAMS 0x0000000099600000| PB 0x0000000099500000| Complete 
| 238|0x0000000099600000, 0x0000000099700000, 0x0000000099700000|100%|HC|  |TAMS 0x0000000099700000| PB 0x0000000099600000| Complete 
| 239|0x0000000099700000, 0x0000000099800000, 0x0000000099800000|100%|HC|  |TAMS 0x0000000099800000| PB 0x0000000099700000| Complete 
| 240|0x0000000099800000, 0x0000000099900000, 0x0000000099900000|100%|HC|  |TAMS 0x0000000099900000| PB 0x0000000099800000| Complete 
| 241|0x0000000099900000, 0x0000000099a00000, 0x0000000099a00000|100%|HC|  |TAMS 0x0000000099a00000| PB 0x0000000099900000| Complete 
| 242|0x0000000099a00000, 0x0000000099b00000, 0x0000000099b00000|100%|HC|  |TAMS 0x0000000099b00000| PB 0x0000000099a00000| Complete 
| 243|0x0000000099b00000, 0x0000000099c00000, 0x0000000099c00000|100%|HC|  |TAMS 0x0000000099c00000| PB 0x0000000099b00000| Complete 
| 244|0x0000000099c00000, 0x0000000099d00000, 0x0000000099d00000|100%|HC|  |TAMS 0x0000000099d00000| PB 0x0000000099c00000| Complete 
| 245|0x0000000099d00000, 0x0000000099e00000, 0x0000000099e00000|100%|HC|  |TAMS 0x0000000099e00000| PB 0x0000000099d00000| Complete 
| 246|0x0000000099e00000, 0x0000000099f00000, 0x0000000099f00000|100%|HC|  |TAMS 0x0000000099f00000| PB 0x0000000099e00000| Complete 
| 247|0x0000000099f00000, 0x000000009a000000, 0x000000009a000000|100%|HC|  |TAMS 0x000000009a000000| PB 0x0000000099f00000| Complete 
| 248|0x000000009a000000, 0x000000009a100000, 0x000000009a100000|100%|HC|  |TAMS 0x000000009a100000| PB 0x000000009a000000| Complete 
| 249|0x000000009a100000, 0x000000009a200000, 0x000000009a200000|100%|HC|  |TAMS 0x000000009a200000| PB 0x000000009a100000| Complete 
| 250|0x000000009a200000, 0x000000009a300000, 0x000000009a300000|100%|HC|  |TAMS 0x000000009a300000| PB 0x000000009a200000| Complete 
| 251|0x000000009a300000, 0x000000009a400000, 0x000000009a400000|100%|HC|  |TAMS 0x000000009a400000| PB 0x000000009a300000| Complete 
| 252|0x000000009a400000, 0x000000009a500000, 0x000000009a500000|100%|HC|  |TAMS 0x000000009a500000| PB 0x000000009a400000| Complete 
| 253|0x000000009a500000, 0x000000009a600000, 0x000000009a600000|100%|HC|  |TAMS 0x000000009a600000| PB 0x000000009a500000| Complete 
| 254|0x000000009a600000, 0x000000009a700000, 0x000000009a700000|100%|HC|  |TAMS 0x000000009a700000| PB 0x000000009a600000| Complete 
| 255|0x000000009a700000, 0x000000009a800000, 0x000000009a800000|100%|HC|  |TAMS 0x000000009a800000| PB 0x000000009a700000| Complete 
| 256|0x000000009a800000, 0x000000009a900000, 0x000000009a900000|100%|HC|  |TAMS 0x000000009a900000| PB 0x000000009a800000| Complete 
| 257|0x000000009a900000, 0x000000009aa00000, 0x000000009aa00000|100%|HC|  |TAMS 0x000000009aa00000| PB 0x000000009a900000| Complete 
| 258|0x000000009aa00000, 0x000000009ab00000, 0x000000009ab00000|100%|HC|  |TAMS 0x000000009ab00000| PB 0x000000009aa00000| Complete 
| 259|0x000000009ab00000, 0x000000009ac00000, 0x000000009ac00000|100%|HC|  |TAMS 0x000000009ac00000| PB 0x000000009ab00000| Complete 
| 260|0x000000009ac00000, 0x000000009ad00000, 0x000000009ad00000|100%|HC|  |TAMS 0x000000009ad00000| PB 0x000000009ac00000| Complete 
| 261|0x000000009ad00000, 0x000000009ae00000, 0x000000009ae00000|100%|HC|  |TAMS 0x000000009ae00000| PB 0x000000009ad00000| Complete 
| 262|0x000000009ae00000, 0x000000009af00000, 0x000000009af00000|100%|HC|  |TAMS 0x000000009af00000| PB 0x000000009ae00000| Complete 
| 263|0x000000009af00000, 0x000000009b000000, 0x000000009b000000|100%|HC|  |TAMS 0x000000009b000000| PB 0x000000009af00000| Complete 
| 264|0x000000009b000000, 0x000000009b100000, 0x000000009b100000|100%|HC|  |TAMS 0x000000009b100000| PB 0x000000009b000000| Complete 
| 265|0x000000009b100000, 0x000000009b200000, 0x000000009b200000|100%|HC|  |TAMS 0x000000009b200000| PB 0x000000009b100000| Complete 
| 266|0x000000009b200000, 0x000000009b300000, 0x000000009b300000|100%|HC|  |TAMS 0x000000009b300000| PB 0x000000009b200000| Complete 
| 267|0x000000009b300000, 0x000000009b400000, 0x000000009b400000|100%|HC|  |TAMS 0x000000009b400000| PB 0x000000009b300000| Complete 
| 268|0x000000009b400000, 0x000000009b500000, 0x000000009b500000|100%|HC|  |TAMS 0x000000009b500000| PB 0x000000009b400000| Complete 
| 269|0x000000009b500000, 0x000000009b600000, 0x000000009b600000|100%|HC|  |TAMS 0x000000009b600000| PB 0x000000009b500000| Complete 
| 270|0x000000009b600000, 0x000000009b700000, 0x000000009b700000|100%|HC|  |TAMS 0x000000009b700000| PB 0x000000009b600000| Complete 
| 271|0x000000009b700000, 0x000000009b800000, 0x000000009b800000|100%|HC|  |TAMS 0x000000009b800000| PB 0x000000009b700000| Complete 
| 272|0x000000009b800000, 0x000000009b900000, 0x000000009b900000|100%|HC|  |TAMS 0x000000009b900000| PB 0x000000009b800000| Complete 
| 273|0x000000009b900000, 0x000000009ba00000, 0x000000009ba00000|100%|HC|  |TAMS 0x000000009ba00000| PB 0x000000009b900000| Complete 
| 274|0x000000009ba00000, 0x000000009bb00000, 0x000000009bb00000|100%|HC|  |TAMS 0x000000009bb00000| PB 0x000000009ba00000| Complete 
| 275|0x000000009bb00000, 0x000000009bc00000, 0x000000009bc00000|100%|HC|  |TAMS 0x000000009bc00000| PB 0x000000009bb00000| Complete 
| 276|0x000000009bc00000, 0x000000009bd00000, 0x000000009bd00000|100%|HC|  |TAMS 0x000000009bd00000| PB 0x000000009bc00000| Complete 
| 277|0x000000009bd00000, 0x000000009be00000, 0x000000009be00000|100%|HC|  |TAMS 0x000000009be00000| PB 0x000000009bd00000| Complete 
| 278|0x000000009be00000, 0x000000009bf00000, 0x000000009bf00000|100%|HC|  |TAMS 0x000000009bf00000| PB 0x000000009be00000| Complete 
| 279|0x000000009bf00000, 0x000000009c000000, 0x000000009c000000|100%|HC|  |TAMS 0x000000009c000000| PB 0x000000009bf00000| Complete 
| 280|0x000000009c000000, 0x000000009c100000, 0x000000009c100000|100%|HC|  |TAMS 0x000000009c100000| PB 0x000000009c000000| Complete 
| 281|0x000000009c100000, 0x000000009c200000, 0x000000009c200000|100%|HC|  |TAMS 0x000000009c200000| PB 0x000000009c100000| Complete 
| 282|0x000000009c200000, 0x000000009c300000, 0x000000009c300000|100%|HC|  |TAMS 0x000000009c300000| PB 0x000000009c200000| Complete 
| 283|0x000000009c300000, 0x000000009c400000, 0x000000009c400000|100%|HC|  |TAMS 0x000000009c400000| PB 0x000000009c300000| Complete 
| 284|0x000000009c400000, 0x000000009c500000, 0x000000009c500000|100%|HC|  |TAMS 0x000000009c500000| PB 0x000000009c400000| Complete 
| 285|0x000000009c500000, 0x000000009c600000, 0x000000009c600000|100%|HC|  |TAMS 0x000000009c600000| PB 0x000000009c500000| Complete 
| 286|0x000000009c600000, 0x000000009c700000, 0x000000009c700000|100%|HC|  |TAMS 0x000000009c700000| PB 0x000000009c600000| Complete 
| 287|0x000000009c700000, 0x000000009c800000, 0x000000009c800000|100%|HC|  |TAMS 0x000000009c800000| PB 0x000000009c700000| Complete 
| 288|0x000000009c800000, 0x000000009c900000, 0x000000009c900000|100%|HC|  |TAMS 0x000000009c900000| PB 0x000000009c800000| Complete 
| 289|0x000000009c900000, 0x000000009ca00000, 0x000000009ca00000|100%|HC|  |TAMS 0x000000009ca00000| PB 0x000000009c900000| Complete 
| 290|0x000000009ca00000, 0x000000009cb00000, 0x000000009cb00000|100%|HC|  |TAMS 0x000000009cb00000| PB 0x000000009ca00000| Complete 
| 291|0x000000009cb00000, 0x000000009cc00000, 0x000000009cc00000|100%|HC|  |TAMS 0x000000009cc00000| PB 0x000000009cb00000| Complete 
| 292|0x000000009cc00000, 0x000000009cd00000, 0x000000009cd00000|100%|HC|  |TAMS 0x000000009cd00000| PB 0x000000009cc00000| Complete 
| 293|0x000000009cd00000, 0x000000009ce00000, 0x000000009ce00000|100%|HC|  |TAMS 0x000000009ce00000| PB 0x000000009cd00000| Complete 
| 294|0x000000009ce00000, 0x000000009cf00000, 0x000000009cf00000|100%|HC|  |TAMS 0x000000009cf00000| PB 0x000000009ce00000| Complete 
| 295|0x000000009cf00000, 0x000000009d000000, 0x000000009d000000|100%|HC|  |TAMS 0x000000009d000000| PB 0x000000009cf00000| Complete 
| 296|0x000000009d000000, 0x000000009d100000, 0x000000009d100000|100%|HC|  |TAMS 0x000000009d100000| PB 0x000000009d000000| Complete 
| 297|0x000000009d100000, 0x000000009d200000, 0x000000009d200000|100%|HC|  |TAMS 0x000000009d200000| PB 0x000000009d100000| Complete 
| 298|0x000000009d200000, 0x000000009d300000, 0x000000009d300000|100%|HC|  |TAMS 0x000000009d300000| PB 0x000000009d200000| Complete 
| 299|0x000000009d300000, 0x000000009d400000, 0x000000009d400000|100%|HC|  |TAMS 0x000000009d400000| PB 0x000000009d300000| Complete 
| 300|0x000000009d400000, 0x000000009d500000, 0x000000009d500000|100%|HC|  |TAMS 0x000000009d500000| PB 0x000000009d400000| Complete 
| 301|0x000000009d500000, 0x000000009d600000, 0x000000009d600000|100%|HC|  |TAMS 0x000000009d600000| PB 0x000000009d500000| Complete 
| 302|0x000000009d600000, 0x000000009d700000, 0x000000009d700000|100%|HC|  |TAMS 0x000000009d700000| PB 0x000000009d600000| Complete 
| 303|0x000000009d700000, 0x000000009d800000, 0x000000009d800000|100%|HC|  |TAMS 0x000000009d800000| PB 0x000000009d700000| Complete 
| 304|0x000000009d800000, 0x000000009d900000, 0x000000009d900000|100%|HC|  |TAMS 0x000000009d900000| PB 0x000000009d800000| Complete 
| 305|0x000000009d900000, 0x000000009da00000, 0x000000009da00000|100%|HC|  |TAMS 0x000000009da00000| PB 0x000000009d900000| Complete 
| 306|0x000000009da00000, 0x000000009db00000, 0x000000009db00000|100%|HC|  |TAMS 0x000000009db00000| PB 0x000000009da00000| Complete 
| 307|0x000000009db00000, 0x000000009dc00000, 0x000000009dc00000|100%|HC|  |TAMS 0x000000009dc00000| PB 0x000000009db00000| Complete 
| 308|0x000000009dc00000, 0x000000009dd00000, 0x000000009dd00000|100%|HC|  |TAMS 0x000000009dd00000| PB 0x000000009dc00000| Complete 
| 309|0x000000009dd00000, 0x000000009de00000, 0x000000009de00000|100%|HC|  |TAMS 0x000000009de00000| PB 0x000000009dd00000| Complete 
| 310|0x000000009de00000, 0x000000009df00000, 0x000000009df00000|100%|HC|  |TAMS 0x000000009df00000| PB 0x000000009de00000| Complete 
| 311|0x000000009df00000, 0x000000009e000000, 0x000000009e000000|100%|HC|  |TAMS 0x000000009e000000| PB 0x000000009df00000| Complete 
| 312|0x000000009e000000, 0x000000009e100000, 0x000000009e100000|100%|HC|  |TAMS 0x000000009e100000| PB 0x000000009e000000| Complete 
| 313|0x000000009e100000, 0x000000009e200000, 0x000000009e200000|100%|HC|  |TAMS 0x000000009e200000| PB 0x000000009e100000| Complete 
| 314|0x000000009e200000, 0x000000009e300000, 0x000000009e300000|100%|HC|  |TAMS 0x000000009e300000| PB 0x000000009e200000| Complete 
| 315|0x000000009e300000, 0x000000009e400000, 0x000000009e400000|100%|HC|  |TAMS 0x000000009e400000| PB 0x000000009e300000| Complete 
| 316|0x000000009e400000, 0x000000009e500000, 0x000000009e500000|100%|HC|  |TAMS 0x000000009e500000| PB 0x000000009e400000| Complete 
| 317|0x000000009e500000, 0x000000009e600000, 0x000000009e600000|100%|HC|  |TAMS 0x000000009e600000| PB 0x000000009e500000| Complete 
| 318|0x000000009e600000, 0x000000009e700000, 0x000000009e700000|100%|HC|  |TAMS 0x000000009e700000| PB 0x000000009e600000| Complete 
| 319|0x000000009e700000, 0x000000009e800000, 0x000000009e800000|100%|HC|  |TAMS 0x000000009e800000| PB 0x000000009e700000| Complete 
| 320|0x000000009e800000, 0x000000009e800000, 0x000000009e900000|  0%| F|  |TAMS 0x000000009e800000| PB 0x000000009e800000| Untracked 
| 321|0x000000009e900000, 0x000000009e900000, 0x000000009ea00000|  0%| F|  |TAMS 0x000000009e900000| PB 0x000000009e900000| Untracked 
| 322|0x000000009ea00000, 0x000000009ea00000, 0x000000009eb00000|  0%| F|  |TAMS 0x000000009ea00000| PB 0x000000009ea00000| Untracked 
| 323|0x000000009eb00000, 0x000000009eb00000, 0x000000009ec00000|  0%| F|  |TAMS 0x000000009eb00000| PB 0x000000009eb00000| Untracked 
| 324|0x000000009ec00000, 0x000000009ec00000, 0x000000009ed00000|  0%| F|  |TAMS 0x000000009ec00000| PB 0x000000009ec00000| Untracked 
| 325|0x000000009ed00000, 0x000000009ed00000, 0x000000009ee00000|  0%| F|  |TAMS 0x000000009ed00000| PB 0x000000009ed00000| Untracked 
| 326|0x000000009ee00000, 0x000000009ee00000, 0x000000009ef00000|  0%| F|  |TAMS 0x000000009ee00000| PB 0x000000009ee00000| Untracked 
| 327|0x000000009ef00000, 0x000000009ef00000, 0x000000009f000000|  0%| F|  |TAMS 0x000000009ef00000| PB 0x000000009ef00000| Untracked 
| 328|0x000000009f000000, 0x000000009f000000, 0x000000009f100000|  0%| F|  |TAMS 0x000000009f000000| PB 0x000000009f000000| Untracked 
| 329|0x000000009f100000, 0x000000009f100000, 0x000000009f200000|  0%| F|  |TAMS 0x000000009f100000| PB 0x000000009f100000| Untracked 
| 330|0x000000009f200000, 0x000000009f200000, 0x000000009f300000|  0%| F|  |TAMS 0x000000009f200000| PB 0x000000009f200000| Untracked 
| 331|0x000000009f300000, 0x000000009f300000, 0x000000009f400000|  0%| F|  |TAMS 0x000000009f300000| PB 0x000000009f300000| Untracked 
| 332|0x000000009f400000, 0x000000009f400000, 0x000000009f500000|  0%| F|  |TAMS 0x000000009f400000| PB 0x000000009f400000| Untracked 
| 333|0x000000009f500000, 0x000000009f500000, 0x000000009f600000|  0%| F|  |TAMS 0x000000009f500000| PB 0x000000009f500000| Untracked 
| 334|0x000000009f600000, 0x000000009f600000, 0x000000009f700000|  0%| F|  |TAMS 0x000000009f600000| PB 0x000000009f600000| Untracked 
| 335|0x000000009f700000, 0x000000009f700000, 0x000000009f800000|  0%| F|  |TAMS 0x000000009f700000| PB 0x000000009f700000| Untracked 
| 336|0x000000009f800000, 0x000000009f800000, 0x000000009f900000|  0%| F|  |TAMS 0x000000009f800000| PB 0x000000009f800000| Untracked 
| 337|0x000000009f900000, 0x000000009f900000, 0x000000009fa00000|  0%| F|  |TAMS 0x000000009f900000| PB 0x000000009f900000| Untracked 
| 338|0x000000009fa00000, 0x000000009fa00000, 0x000000009fb00000|  0%| F|  |TAMS 0x000000009fa00000| PB 0x000000009fa00000| Untracked 
| 339|0x000000009fb00000, 0x000000009fb00000, 0x000000009fc00000|  0%| F|  |TAMS 0x000000009fb00000| PB 0x000000009fb00000| Untracked 
| 340|0x000000009fc00000, 0x000000009fc00000, 0x000000009fd00000|  0%| F|  |TAMS 0x000000009fc00000| PB 0x000000009fc00000| Untracked 
| 341|0x000000009fd00000, 0x000000009fd00000, 0x000000009fe00000|  0%| F|  |TAMS 0x000000009fd00000| PB 0x000000009fd00000| Untracked 
| 342|0x000000009fe00000, 0x000000009fe00000, 0x000000009ff00000|  0%| F|  |TAMS 0x000000009fe00000| PB 0x000000009fe00000| Untracked 
| 343|0x000000009ff00000, 0x000000009ff00000, 0x00000000a0000000|  0%| F|  |TAMS 0x000000009ff00000| PB 0x000000009ff00000| Untracked 
| 344|0x00000000a0000000, 0x00000000a0000000, 0x00000000a0100000|  0%| F|  |TAMS 0x00000000a0000000| PB 0x00000000a0000000| Untracked 
| 345|0x00000000a0100000, 0x00000000a0100000, 0x00000000a0200000|  0%| F|  |TAMS 0x00000000a0100000| PB 0x00000000a0100000| Untracked 
| 346|0x00000000a0200000, 0x00000000a0200000, 0x00000000a0300000|  0%| F|  |TAMS 0x00000000a0200000| PB 0x00000000a0200000| Untracked 
| 347|0x00000000a0300000, 0x00000000a0300000, 0x00000000a0400000|  0%| F|  |TAMS 0x00000000a0300000| PB 0x00000000a0300000| Untracked 
| 348|0x00000000a0400000, 0x00000000a0400000, 0x00000000a0500000|  0%| F|  |TAMS 0x00000000a0400000| PB 0x00000000a0400000| Untracked 
| 349|0x00000000a0500000, 0x00000000a0500000, 0x00000000a0600000|  0%| F|  |TAMS 0x00000000a0500000| PB 0x00000000a0500000| Untracked 
| 350|0x00000000a0600000, 0x00000000a0600000, 0x00000000a0700000|  0%| F|  |TAMS 0x00000000a0600000| PB 0x00000000a0600000| Untracked 
| 351|0x00000000a0700000, 0x00000000a0700000, 0x00000000a0800000|  0%| F|  |TAMS 0x00000000a0700000| PB 0x00000000a0700000| Untracked 
| 352|0x00000000a0800000, 0x00000000a0800000, 0x00000000a0900000|  0%| F|  |TAMS 0x00000000a0800000| PB 0x00000000a0800000| Untracked 
| 353|0x00000000a0900000, 0x00000000a0900000, 0x00000000a0a00000|  0%| F|  |TAMS 0x00000000a0900000| PB 0x00000000a0900000| Untracked 
| 354|0x00000000a0a00000, 0x00000000a0a00000, 0x00000000a0b00000|  0%| F|  |TAMS 0x00000000a0a00000| PB 0x00000000a0a00000| Untracked 
| 355|0x00000000a0b00000, 0x00000000a0b00000, 0x00000000a0c00000|  0%| F|  |TAMS 0x00000000a0b00000| PB 0x00000000a0b00000| Untracked 
| 356|0x00000000a0c00000, 0x00000000a0c00000, 0x00000000a0d00000|  0%| F|  |TAMS 0x00000000a0c00000| PB 0x00000000a0c00000| Untracked 
| 357|0x00000000a0d00000, 0x00000000a0d00000, 0x00000000a0e00000|  0%| F|  |TAMS 0x00000000a0d00000| PB 0x00000000a0d00000| Untracked 
| 358|0x00000000a0e00000, 0x00000000a0e00000, 0x00000000a0f00000|  0%| F|  |TAMS 0x00000000a0e00000| PB 0x00000000a0e00000| Untracked 
| 359|0x00000000a0f00000, 0x00000000a0f00000, 0x00000000a1000000|  0%| F|  |TAMS 0x00000000a0f00000| PB 0x00000000a0f00000| Untracked 
| 360|0x00000000a1000000, 0x00000000a1000000, 0x00000000a1100000|  0%| F|  |TAMS 0x00000000a1000000| PB 0x00000000a1000000| Untracked 
| 361|0x00000000a1100000, 0x00000000a1200000, 0x00000000a1200000|100%| E|  |TAMS 0x00000000a1100000| PB 0x00000000a1100000| Complete 

Card table byte_map: [0x00000233fee30000,0x00000233ff1e0000] _byte_map_base: 0x00000233fe9dc000

Marking Bits: (CMBitMap*) 0x00000233fe4a4c70
 Bits: [0x0000023396ff0000, 0x0000023398d50000)

Polling page: 0x00000233fc380000

Metaspace:

Usage:
  Non-class:      5.68 MB used.
      Class:    712.98 KB used.
       Both:      6.38 MB used.

Virtual space:
  Non-class space:       64.00 MB reserved,       5.81 MB (  9%) committed,  1 nodes.
      Class space:        1.00 GB reserved,     832.00 KB ( <1%) committed,  1 nodes.
             Both:        1.06 GB reserved,       6.62 MB ( <1%) committed. 

Chunk freelists:
   Non-Class:  2.10 MB
       Class:  3.23 MB
        Both:  5.33 MB

MaxMetaspaceSize: unlimited
CompressedClassSpaceSize: 1.00 GB
Initial GC threshold: 21.00 MB
Current GC threshold: 21.00 MB
CDS: on
MetaspaceReclaimPolicy: balanced
 - commit_granule_bytes: 65536.
 - commit_granule_words: 8192.
 - virtual_space_node_default_size: 8388608.
 - enlarge_chunks_in_place: 1.
 - new_chunks_are_fully_committed: 0.
 - uncommit_free_chunks: 1.
 - use_allocation_guard: 0.


Internal statistics:

num_allocs_failed_limit: 0.
num_arena_births: 152.
num_arena_deaths: 0.
num_vsnodes_births: 2.
num_vsnodes_deaths: 0.
num_space_committed: 106.
num_space_uncommitted: 0.
num_chunks_returned_to_freelist: 0.
num_chunks_taken_from_freelist: 200.
num_chunk_merges: 0.
num_chunk_splits: 111.
num_chunks_enlarged: 30.
num_inconsistent_stats: 0.

CodeHeap 'non-profiled nmethods': size=120000Kb used=298Kb max_used=306Kb free=119702Kb
 bounds [0x000002338fac0000, 0x000002338fd30000, 0x0000023396ff0000]
CodeHeap 'profiled nmethods': size=120000Kb used=1250Kb max_used=1323Kb free=118750Kb
 bounds [0x0000023387ff0000, 0x0000023388260000, 0x000002338f520000]
CodeHeap 'non-nmethods': size=5760Kb used=1588Kb max_used=1597Kb free=4171Kb
 bounds [0x000002338f520000, 0x000002338f790000, 0x000002338fac0000]
 total_blobs=1444 nmethods=843 adapters=512
 compilation: enabled
              stopped_count=0, restarted_count=0
 full_count=0

Compilation events (20 events):
Event: 1.216 Thread 0x000002339b011830  882       4       java.lang.StringLatin1::indexOf (36 bytes)
Event: 1.216 Thread 0x000002339b0157e0  883       3       jdk.internal.org.objectweb.asm.ClassWriter::visitMethod (57 bytes)
Event: 1.218 Thread 0x000002339b0157e0 nmethod 883 0x0000023388135f90 code [0x0000023388136140, 0x00000233881364a0]
Event: 1.218 Thread 0x000002339b0157e0  884       3       jdk.internal.org.objectweb.asm.MethodWriter::<init> (232 bytes)
Event: 1.219 Thread 0x000002339b011830 nmethod 882 0x000002338fb0c790 code [0x000002338fb0c900, 0x000002338fb0cac0]
Event: 1.219 Thread 0x000002339b0157e0 nmethod 884 0x0000023388136610 code [0x0000023388136880, 0x00000233881375d8]
Event: 1.220 Thread 0x000002339b0157e0  885       3       jdk.internal.org.objectweb.asm.MethodVisitor::<init> (7 bytes)
Event: 1.220 Thread 0x000002339b0157e0 nmethod 885 0x0000023388137a90 code [0x0000023388137c20, 0x0000023388137d60]
Event: 1.220 Thread 0x000002339b0157e0  886       3       jdk.internal.org.objectweb.asm.MethodWriter::visitMaxs (60 bytes)
Event: 1.220 Thread 0x000002339b0157e0 nmethod 886 0x0000023388137e10 code [0x0000023388137fe0, 0x00000233881382a8]
Event: 1.220 Thread 0x000002339b0157e0  887       3       jdk.internal.org.objectweb.asm.MethodWriter::visitEnd (1 bytes)
Event: 1.220 Thread 0x000002339b0157e0 nmethod 887 0x0000023388138390 code [0x0000023388138520, 0x0000023388138630]
Event: 1.220 Thread 0x000002339b0157e0  888       3       jdk.internal.org.objectweb.asm.MethodWriter::computeMethodInfoSize (571 bytes)
Event: 1.222 Thread 0x000002339b0157e0 nmethod 888 0x0000023388138690 code [0x0000023388138980, 0x0000023388139828]
Event: 1.248 Thread 0x000002339b0157e0  889       3       java.util.concurrent.locks.ReentrantLock$Sync::tryRelease (51 bytes)
Event: 1.249 Thread 0x000002339b0157e0 nmethod 889 0x0000023388139e90 code [0x000002338813a040, 0x000002338813a370]
Event: 1.249 Thread 0x000002339b0157e0  890   !   3       java.lang.ref.NativeReferenceQueue::enqueue (20 bytes)
Event: 1.249 Thread 0x000002339b0157e0 nmethod 890 0x000002338813a410 code [0x000002338813a5a0, 0x000002338813a7c8]
Event: 1.249 Thread 0x000002339b0157e0  891       3       java.lang.ref.NativeReferenceQueue::signal (8 bytes)
Event: 1.250 Thread 0x000002339b0157e0 nmethod 891 0x000002338813a910 code [0x000002338813aaa0, 0x000002338813abd8]

GC Heap History (8 events):
Event: 0.446 GC heap before
{Heap before GC invocations=0 (full 0):
 garbage-first heap   total 120832K, used 8192K [0x000000008a800000, 0x0000000100000000)
  region size 1024K, 10 young (10240K), 0 survivors (0K)
 Metaspace       used 4816K, committed 5056K, reserved 1114112K
  class space    used 498K, committed 640K, reserved 1048576K
}
Event: 0.453 GC heap after
{Heap after GC invocations=1 (full 0):
 garbage-first heap   total 120832K, used 3612K [0x000000008a800000, 0x0000000100000000)
  region size 1024K, 3 young (3072K), 3 survivors (3072K)
 Metaspace       used 4816K, committed 5056K, reserved 1114112K
  class space    used 498K, committed 640K, reserved 1048576K
}
Event: 0.527 GC heap before
{Heap before GC invocations=1 (full 0):
 garbage-first heap   total 219136K, used 112156K [0x000000008a800000, 0x0000000100000000)
  region size 1024K, 4 young (4096K), 3 survivors (3072K)
 Metaspace       used 4818K, committed 5056K, reserved 1114112K
  class space    used 498K, committed 640K, reserved 1048576K
}
Event: 0.532 GC heap after
{Heap after GC invocations=2 (full 0):
 garbage-first heap   total 219136K, used 112449K [0x000000008a800000, 0x0000000100000000)
  region size 1024K, 1 young (1024K), 1 survivors (1024K)
 Metaspace       used 4818K, committed 5056K, reserved 1114112K
  class space    used 498K, committed 640K, reserved 1048576K
}
Event: 0.871 GC heap before
{Heap before GC invocations=3 (full 0):
 garbage-first heap   total 370688K, used 262977K [0x000000008a800000, 0x0000000100000000)
  region size 1024K, 43 young (44032K), 1 survivors (1024K)
 Metaspace       used 4827K, committed 5056K, reserved 1114112K
  class space    used 498K, committed 640K, reserved 1048576K
}
Event: 0.872 GC heap after
{Heap after GC invocations=4 (full 0):
 garbage-first heap   total 370688K, used 220770K [0x000000008a800000, 0x0000000100000000)
  region size 1024K, 1 young (1024K), 1 survivors (1024K)
 Metaspace       used 4827K, committed 5056K, reserved 1114112K
  class space    used 498K, committed 640K, reserved 1048576K
}
Event: 1.245 GC heap before
{Heap before GC invocations=4 (full 0):
 garbage-first heap   total 370688K, used 289378K [0x000000008a800000, 0x0000000100000000)
  region size 1024K, 69 young (70656K), 1 survivors (1024K)
 Metaspace       used 6530K, committed 6784K, reserved 1114112K
  class space    used 712K, committed 832K, reserved 1048576K
}
Event: 1.248 GC heap after
{Heap after GC invocations=5 (full 0):
 garbage-first heap   total 370688K, used 221017K [0x000000008a800000, 0x0000000100000000)
  region size 1024K, 1 young (1024K), 1 survivors (1024K)
 Metaspace       used 6530K, committed 6784K, reserved 1114112K
  class space    used 712K, committed 832K, reserved 1048576K
}

Dll operation events (10 events):
Event: 0.016 Loaded shared library C:\Program Files\Java\jdk-20\bin\java.dll
Event: 0.030 Loaded shared library C:\Program Files\Java\jdk-20\bin\jsvml.dll
Event: 0.080 Loaded shared library C:\Program Files\Java\jdk-20\bin\net.dll
Event: 0.082 Loaded shared library C:\Program Files\Java\jdk-20\bin\nio.dll
Event: 0.109 Loaded shared library C:\Program Files\Java\jdk-20\bin\zip.dll
Event: 0.118 Loaded shared library C:\Program Files\Java\jdk-20\bin\jimage.dll
Event: 0.139 Loaded shared library C:\Program Files\Java\jdk-20\bin\awt.dll
Event: 0.424 Loaded shared library C:\Program Files\Java\jdk-20\bin\javajpeg.dll
Event: 1.118 Loaded shared library C:\Program Files\Java\jdk-20\bin\freetype.dll
Event: 1.120 Loaded shared library C:\Program Files\Java\jdk-20\bin\fontmanager.dll

Deoptimization events (20 events):
Event: 0.791 Thread 0x000002339fc027a0 DEOPT PACKING pc=0x0000023388100f16 sp=0x0000004f046fe480
Event: 0.791 Thread 0x000002339fc027a0 DEOPT UNPACKING pc=0x000002338f58a4c2 sp=0x0000004f046fd9d0 mode 0
Event: 0.793 Thread 0x000002339fc027a0 DEOPT PACKING pc=0x0000023388100f16 sp=0x0000004f046fe480
Event: 0.793 Thread 0x000002339fc027a0 DEOPT UNPACKING pc=0x000002338f58a4c2 sp=0x0000004f046fd9d0 mode 0
Event: 0.795 Thread 0x000002339fc027a0 DEOPT PACKING pc=0x0000023388100f16 sp=0x0000004f046fe480
Event: 0.795 Thread 0x000002339fc027a0 DEOPT UNPACKING pc=0x000002338f58a4c2 sp=0x0000004f046fd9d0 mode 0
Event: 1.037 Thread 0x000002339fc027a0 DEOPT PACKING pc=0x0000023388117fd7 sp=0x0000004f046ff230
Event: 1.037 Thread 0x000002339fc027a0 DEOPT UNPACKING pc=0x000002338f58a4c2 sp=0x0000004f046fe720 mode 0
Event: 1.056 Thread 0x000002339fc027a0 Uncommon trap: trap_request=0xffffff45 fr.pc=0x000002338fb04fe8 relative=0x00000000000002e8
Event: 1.056 Thread 0x000002339fc027a0 Uncommon trap: reason=unstable_if action=reinterpret pc=0x000002338fb04fe8 method=sun.awt.image.ImageRepresentation.getOpaqueRGBImage()Ljava/awt/image/BufferedImage; @ 57 c2
Event: 1.056 Thread 0x000002339fc027a0 DEOPT PACKING pc=0x000002338fb04fe8 sp=0x0000004f046ff290
Event: 1.056 Thread 0x000002339fc027a0 DEOPT UNPACKING pc=0x000002338f589d22 sp=0x0000004f046ff220 mode 2
Event: 1.080 Thread 0x000002339b00c680 Uncommon trap: trap_request=0xffffff45 fr.pc=0x000002338faeaccc relative=0x00000000000000cc
Event: 1.080 Thread 0x000002339b00c680 Uncommon trap: reason=unstable_if action=reinterpret pc=0x000002338faeaccc method=java.util.concurrent.locks.ReentrantLock$Sync.tryRelease(I)Z @ 26 c2
Event: 1.080 Thread 0x000002339b00c680 DEOPT PACKING pc=0x000002338faeaccc sp=0x0000004f03bfd760
Event: 1.080 Thread 0x000002339b00c680 DEOPT UNPACKING pc=0x000002338f589d22 sp=0x0000004f03bfd700 mode 2
Event: 1.131 Thread 0x00000233fe447ec0 Uncommon trap: trap_request=0xffffff45 fr.pc=0x000002338faef8d4 relative=0x00000000000001d4
Event: 1.131 Thread 0x00000233fe447ec0 Uncommon trap: reason=unstable_if action=reinterpret pc=0x000002338faef8d4 method=java.lang.StringUTF16.compress([CI[BII)I @ 20 c2
Event: 1.131 Thread 0x00000233fe447ec0 DEOPT PACKING pc=0x000002338faef8d4 sp=0x0000004f027fdd50
Event: 1.131 Thread 0x00000233fe447ec0 DEOPT UNPACKING pc=0x000002338f589d22 sp=0x0000004f027fdcc0 mode 2

Classes loaded (20 events):
Event: 1.224 Loading class sun/awt/WeakIdentityHashMap$WeakKey
Event: 1.225 Loading class sun/awt/WeakIdentityHashMap$WeakKey done
Event: 1.226 Loading class java/awt/geom/Rectangle2D$Double
Event: 1.226 Loading class java/awt/geom/Rectangle2D$Double done
Event: 1.227 Loading class java/awt/GraphicsCallback$PaintCallback
Event: 1.227 Loading class java/awt/GraphicsCallback
Event: 1.227 Loading class sun/awt/SunGraphicsCallback
Event: 1.228 Loading class sun/awt/SunGraphicsCallback done
Event: 1.228 Loading class java/awt/GraphicsCallback done
Event: 1.228 Loading class java/awt/GraphicsCallback$PaintCallback done
Event: 1.228 Loading class java/awt/event/MouseEvent$1
Event: 1.228 Loading class sun/awt/AWTAccessor$MouseEventAccessor
Event: 1.229 Loading class sun/awt/AWTAccessor$MouseEventAccessor done
Event: 1.229 Loading class java/awt/event/MouseEvent$1 done
Event: 1.230 Loading class sun/awt/image/BufferedImageGraphicsConfig
Event: 1.230 Loading class sun/awt/image/BufferedImageGraphicsConfig done
Event: 1.230 Loading class sun/print/PrinterGraphicsConfig
Event: 1.231 Loading class sun/print/PrinterGraphicsConfig done
Event: 1.231 Loading class sun/java2d/d3d/D3DVolatileSurfaceManager
Event: 1.231 Loading class sun/java2d/d3d/D3DVolatileSurfaceManager done

Classes unloaded (0 events):
No events

Classes redefined (0 events):
No events

Internal exceptions (18 events):
Event: 0.083 Thread 0x00000233fe447ec0 Exception <a 'sun/nio/fs/WindowsException'{0x0000000091c44248}> (0x0000000091c44248) 
thrown [s\open\src\hotspot\share\prims\jni.cpp, line 519]
Event: 0.086 Thread 0x00000233fe447ec0 Exception <a 'sun/nio/fs/WindowsException'{0x0000000091c48a58}> (0x0000000091c48a58) 
thrown [s\open\src\hotspot\share\prims\jni.cpp, line 519]
Event: 0.088 Thread 0x00000233fe447ec0 Exception <a 'sun/nio/fs/WindowsException'{0x0000000091c51f38}> (0x0000000091c51f38) 
thrown [s\open\src\hotspot\share\prims\jni.cpp, line 519]
Event: 0.088 Thread 0x00000233fe447ec0 Exception <a 'sun/nio/fs/WindowsException'{0x0000000091c52980}> (0x0000000091c52980) 
thrown [s\open\src\hotspot\share\prims\jni.cpp, line 519]
Event: 0.089 Thread 0x00000233fe447ec0 Exception <a 'sun/nio/fs/WindowsException'{0x0000000091c53be8}> (0x0000000091c53be8) 
thrown [s\open\src\hotspot\share\prims\jni.cpp, line 519]
Event: 0.089 Thread 0x00000233fe447ec0 Exception <a 'sun/nio/fs/WindowsException'{0x0000000091c54a40}> (0x0000000091c54a40) 
thrown [s\open\src\hotspot\share\prims\jni.cpp, line 519]
Event: 0.124 Thread 0x00000233fe447ec0 Exception <a 'java/lang/ClassNotFoundException'{0x0000000091ba0da0}: sun/awt/resources/spi/awtProvider> (0x0000000091ba0da0) 
thrown [s\open\src\hotspot\share\classfile\systemDictionary.cpp, line 305]
Event: 0.151 Thread 0x00000233fe447ec0 Exception <a 'java/io/FileNotFoundException'{0x0000000091bf73f0}> (0x0000000091bf73f0) 
thrown [s\open\src\hotspot\share\prims\jni.cpp, line 519]
Event: 0.161 Thread 0x00000233fe447ec0 Exception <a 'java/io/FileNotFoundException'{0x0000000091a219b8}> (0x0000000091a219b8) 
thrown [s\open\src\hotspot\share\prims\jni.cpp, line 519]
Event: 0.315 Thread 0x00000233fe447ec0 Exception <a 'java/lang/NoSuchMethodError'{0x0000000091940e48}: 'void java.lang.invoke.DirectMethodHandle$Holder.invokeSpecial(java.lang.Object, java.lang.Object, java.lang.Object)'> (0x0000000091940e48) 
thrown [s\open\src\hotspot\share\interpreter\linkResolver.cpp, line 773]
Event: 0.323 Thread 0x00000233fe447ec0 Exception <a 'java/lang/NoSuchMethodError'{0x000000009196b5c8}: 'java.lang.Object java.lang.invoke.DirectMethodHandle$Holder.newInvokeSpecial(java.lang.Object, java.lang.Object, java.lang.Object, java.lang.Object, java.lang.Object)'> (0x000000009196b5c8) 
thrown [s\open\src\hotspot\share\interpreter\linkResolver.cpp, line 773]
Event: 0.329 Thread 0x00000233fe447ec0 Exception <a 'java/lang/NoSuchMethodError'{0x000000009199c0c8}: 'java.lang.Object java.lang.invoke.DirectMethodHandle$Holder.invokeStatic(java.lang.Object, int, java.lang.Object)'> (0x000000009199c0c8) 
thrown [s\open\src\hotspot\share\interpreter\linkResolver.cpp, line 773]
Event: 0.353 Thread 0x00000233fe447ec0 Exception <a 'java/lang/ClassNotFoundException'{0x0000000091857750}: com/sun/swing/internal/plaf/metal/resources/spi/metalProvider> (0x0000000091857750) 
thrown [s\open\src\hotspot\share\classfile\systemDictionary.cpp, line 305]
Event: 0.355 Thread 0x00000233fe447ec0 Exception <a 'java/lang/ClassNotFoundException'{0x000000009185b6b0}: com/sun/swing/internal/plaf/basic/resources/spi/basicProvider> (0x000000009185b6b0) 
thrown [s\open\src\hotspot\share\classfile\systemDictionary.cpp, line 305]
Event: 0.363 Thread 0x00000233fe447ec0 Exception <a 'java/lang/NoSuchMethodError'{0x000000009187aab0}: 'int java.lang.invoke.Invokers$Holder.invokeExact_MT(java.lang.Object, java.lang.Object)'> (0x000000009187aab0) 
thrown [s\open\src\hotspot\share\interpreter\linkResolver.cpp, line 773]
Event: 0.426 Thread 0x000002339fc027a0 Exception <a 'java/lang/NoSuchMethodError'{0x000000009168b698}: 'java.lang.Object java.lang.invoke.DirectMethodHandle$Holder.newInvokeSpecial(java.lang.Object, java.lang.Object, java.lang.Object, int, int, int, int, int)'> (0x000000009168b698) 
thrown [s\open\src\hotspot\share\interpreter\linkResolver.cpp, line 773]
Event: 1.082 Thread 0x000002339b00c680 Exception <a 'java/lang/NoSuchMethodError'{0x000000008fb08b40}: 'void java.lang.invoke.DirectMethodHandle$Holder.invokeVirtual(java.lang.Object, java.lang.Object)'> (0x000000008fb08b40) 
thrown [s\open\src\hotspot\share\interpreter\linkResolver.cpp, line 773]
Event: 1.111 Thread 0x00000233fe447ec0 Exception <a 'java/lang/NoSuchMethodError'{0x000000008fcca6c0}: 'void java.lang.invoke.DirectMethodHandle$Holder.invokeStaticInit(java.lang.Object)'> (0x000000008fcca6c0) 
thrown [s\open\src\hotspot\share\interpreter\linkResolver.cpp, line 773]

VM Operations (20 events):
Event: 0.091 Executing VM operation: HandshakeAllThreads done
Event: 0.175 Executing VM operation: HandshakeAllThreads
Event: 0.176 Executing VM operation: HandshakeAllThreads done
Event: 0.410 Executing VM operation: HandshakeAllThreads
Event: 0.411 Executing VM operation: HandshakeAllThreads done
Event: 0.446 Executing VM operation: G1TryInitiateConcMark
Event: 0.453 Executing VM operation: G1TryInitiateConcMark done
Event: 0.527 Executing VM operation: G1TryInitiateConcMark
Event: 0.532 Executing VM operation: G1TryInitiateConcMark done
Event: 0.534 Executing VM operation: G1PauseRemark
Event: 0.604 Executing VM operation: G1PauseRemark done
Event: 0.605 Executing VM operation: G1PauseCleanup
Event: 0.605 Executing VM operation: G1PauseCleanup done
Event: 0.871 Executing VM operation: G1CollectForAllocation
Event: 0.872 Executing VM operation: G1CollectForAllocation done
Event: 1.060 Executing VM operation: HandshakeAllThreads
Event: 1.060 Executing VM operation: HandshakeAllThreads done
Event: 1.245 Executing VM operation: G1TryInitiateConcMark
Event: 1.248 Executing VM operation: G1TryInitiateConcMark done
Event: 1.253 Executing VM operation: G1PauseRemark

Events (20 events):
Event: 1.259 Thread 0x000002339afe5670 flushing nmethod 0x000002338800de90
Event: 1.260 Thread 0x000002339afe5670 flushing nmethod 0x000002338800d890
Event: 1.260 Thread 0x000002339afe5670 flushing nmethod 0x0000023388012e90
Event: 1.260 Thread 0x000002339afe5670 flushing nmethod 0x0000023388012010
Event: 1.260 Thread 0x000002339afe5670 flushing nmethod 0x0000023387ff8f10
Event: 1.260 Thread 0x000002339afe5670 flushing nmethod 0x0000023387ff8b90
Event: 1.260 Thread 0x000002339afe5670 flushing nmethod 0x0000023387ff3e10
Event: 1.260 Thread 0x000002339afe5670 flushing nmethod 0x0000023387ff7190
Event: 1.260 Thread 0x000002339afe5670 flushing nmethod 0x0000023388003b90
Event: 1.260 Thread 0x000002339afe5670 flushing nmethod 0x0000023387ff6e10
Event: 1.260 Thread 0x000002339afe5670 flushing nmethod 0x0000023387ff2c90
Event: 1.260 Thread 0x000002339afe5670 flushing nmethod 0x0000023388003410
Event: 1.260 Thread 0x000002339afe5670 flushing nmethod 0x0000023387ff1b10
Event: 1.260 Thread 0x000002339afe5670 flushing nmethod 0x0000023387ffc790
Event: 1.260 Thread 0x000002339afe5670 flushing nmethod 0x0000023387ff1510
Event: 1.260 Thread 0x000002339afe5670 flushing nmethod 0x0000023387ff1190
Event: 1.260 Thread 0x000002339afe5670 flushing nmethod 0x0000023387ff0990
Event: 1.260 Thread 0x000002339afe5670 flushing nmethod 0x0000023387ff0010
Event: 1.260 Thread 0x000002339afe5670 flushing nmethod 0x000002338faee490
Event: 1.260 Thread 0x000002339afe5670 flushing nmethod 0x000002338facfc10


Dynamic libraries:
0x00007ff76eb30000 - 0x00007ff76eb40000 	C:\Program Files\Java\jdk-20\bin\java.exe
0x00007ff9c9bb0000 - 0x00007ff9c9dc7000 	C:\WINDOWS\SYSTEM32\ntdll.dll
0x00007ff9c8500000 - 0x00007ff9c85c4000 	C:\WINDOWS\System32\KERNEL32.DLL
0x00007ff9c7440000 - 0x00007ff9c77e6000 	C:\WINDOWS\System32\KERNELBASE.dll
0x00007ff9c6f60000 - 0x00007ff9c7071000 	C:\WINDOWS\System32\ucrtbase.dll
0x00007ff9c0960000 - 0x00007ff9c097b000 	C:\Program Files\Java\jdk-20\bin\VCRUNTIME140.dll
0x00007ff99b250000 - 0x00007ff99b269000 	C:\Program Files\Java\jdk-20\bin\jli.dll
0x00007ff9c80b0000 - 0x00007ff9c8160000 	C:\WINDOWS\System32\ADVAPI32.dll
0x00007ff9c8790000 - 0x00007ff9c8837000 	C:\WINDOWS\System32\msvcrt.dll
0x00007ff9c7ef0000 - 0x00007ff9c7f96000 	C:\WINDOWS\System32\sechost.dll
0x00007ff9c8320000 - 0x00007ff9c8437000 	C:\WINDOWS\System32\RPCRT4.dll
0x00007ff9c8160000 - 0x00007ff9c830d000 	C:\WINDOWS\System32\USER32.dll
0x00007ff9b5e20000 - 0x00007ff9b60b3000 	C:\WINDOWS\WinSxS\amd64_microsoft.windows.common-controls_6595b64144ccf1df_6.0.22621.2361_none_2712ced57382f843\COMCTL32.dll
0x00007ff9c6f30000 - 0x00007ff9c6f56000 	C:\WINDOWS\System32\win32u.dll
0x00007ff9c8a10000 - 0x00007ff9c8a39000 	C:\WINDOWS\System32\GDI32.dll
0x00007ff9c7080000 - 0x00007ff9c7198000 	C:\WINDOWS\System32\gdi32full.dll
0x00007ff9c77f0000 - 0x00007ff9c788a000 	C:\WINDOWS\System32\msvcp_win.dll
0x00007ff9be280000 - 0x00007ff9be28a000 	C:\WINDOWS\SYSTEM32\VERSION.dll
0x00007ff9c86e0000 - 0x00007ff9c8711000 	C:\WINDOWS\System32\IMM32.DLL
0x00007ff9c0b10000 - 0x00007ff9c0b1c000 	C:\Program Files\Java\jdk-20\bin\vcruntime140_1.dll
0x00007ff9b07a0000 - 0x00007ff9b082e000 	C:\Program Files\Java\jdk-20\bin\msvcp140.dll
0x00007ff9ac740000 - 0x00007ff9ad3d7000 	C:\Program Files\Java\jdk-20\bin\server\jvm.dll
0x00007ff9bf1d0000 - 0x00007ff9bf204000 	C:\WINDOWS\SYSTEM32\WINMM.dll
0x00007ff9aecc0000 - 0x00007ff9aecc9000 	C:\WINDOWS\SYSTEM32\WSOCK32.dll
0x00007ff9c8660000 - 0x00007ff9c86d1000 	C:\WINDOWS\System32\WS2_32.dll
0x00007ff9c5f10000 - 0x00007ff9c5f28000 	C:\WINDOWS\SYSTEM32\kernel.appcore.dll
0x00007ff9ab660000 - 0x00007ff9ab66a000 	C:\Program Files\Java\jdk-20\bin\jimage.dll
0x00007ff9bd5f0000 - 0x00007ff9bd81e000 	C:\WINDOWS\SYSTEM32\DBGHELP.DLL
0x00007ff9c8f00000 - 0x00007ff9c928a000 	C:\WINDOWS\System32\combase.dll
0x00007ff9c8c60000 - 0x00007ff9c8d37000 	C:\WINDOWS\System32\OLEAUT32.dll
0x00007ff9b1d20000 - 0x00007ff9b1d52000 	C:\WINDOWS\SYSTEM32\dbgcore.DLL
0x00007ff9c7890000 - 0x00007ff9c790a000 	C:\WINDOWS\System32\bcryptPrimitives.dll
0x00007ff9aad10000 - 0x00007ff9aad36000 	C:\Program Files\Java\jdk-20\bin\java.dll
0x00007ff9a9600000 - 0x00007ff9a96d7000 	C:\Program Files\Java\jdk-20\bin\jsvml.dll
0x00007ff9c9310000 - 0x00007ff9c9b68000 	C:\WINDOWS\System32\SHELL32.dll
0x00007ff9c4e90000 - 0x00007ff9c5782000 	C:\WINDOWS\SYSTEM32\windows.storage.dll
0x00007ff9c4d50000 - 0x00007ff9c4e8e000 	C:\WINDOWS\SYSTEM32\wintypes.dll
0x00007ff9c7970000 - 0x00007ff9c7a63000 	C:\WINDOWS\System32\SHCORE.dll
0x00007ff9c8c00000 - 0x00007ff9c8c5e000 	C:\WINDOWS\System32\shlwapi.dll
0x00007ff9c6e60000 - 0x00007ff9c6e86000 	C:\WINDOWS\SYSTEM32\profapi.dll
0x00007ff9c0850000 - 0x00007ff9c0863000 	C:\Program Files\Java\jdk-20\bin\net.dll
0x00007ff9c09d0000 - 0x00007ff9c0b07000 	C:\WINDOWS\SYSTEM32\WINHTTP.dll
0x00007ff9c63f0000 - 0x00007ff9c6459000 	C:\WINDOWS\system32\mswsock.dll
0x00007ff9c0830000 - 0x00007ff9c0846000 	C:\Program Files\Java\jdk-20\bin\nio.dll
0x00007ff9c0810000 - 0x00007ff9c0828000 	C:\Program Files\Java\jdk-20\bin\zip.dll
0x00007ff9bf260000 - 0x00007ff9bf3f1000 	C:\Program Files\Java\jdk-20\bin\awt.dll
0x00007ff9c42e0000 - 0x00007ff9c4377000 	C:\WINDOWS\SYSTEM32\apphelp.dll
0x00007ff9c4700000 - 0x00007ff9c472b000 	C:\WINDOWS\system32\DWMAPI.DLL
0x00007ff9c44a0000 - 0x00007ff9c454b000 	C:\WINDOWS\system32\uxtheme.dll
0x00007ff98be90000 - 0x00007ff98bf90000 	C:\WINDOWS\system32\opengl32.dll
0x00007ff98bda0000 - 0x00007ff98bdcd000 	C:\WINDOWS\SYSTEM32\GLU32.dll
0x00007ff9c45b0000 - 0x00007ff9c45e6000 	C:\WINDOWS\SYSTEM32\dxcore.dll
0x00007ff9c88c0000 - 0x00007ff9c8a0c000 	C:\WINDOWS\System32\MSCTF.dll
0x00007ff9c8a40000 - 0x00007ff9c8bdf000 	C:\WINDOWS\System32\ole32.dll
0x00007ff9bbbe0000 - 0x00007ff9bbd89000 	C:\WINDOWS\system32\d3d9.dll
0x00007ff9bc800000 - 0x00007ff9bc9db000 	C:\WINDOWS\System32\DriverStore\FileRepository\u0371182.inf_amd64_e046f8d87ec91fad\B371034\aticfx64.dll
0x00007ff9623f0000 - 0x00007ff962423000 	C:\WINDOWS\System32\DriverStore\FileRepository\u0371182.inf_amd64_e046f8d87ec91fad\B371034\atiu9p64.dll
0x00007ff9616e0000 - 0x00007ff9623ec000 	C:\WINDOWS\System32\DriverStore\FileRepository\u0371182.inf_amd64_e046f8d87ec91fad\B371034\atiumd64.dll
0x0000000070970000 - 0x000000007182e000 	C:\WINDOWS\System32\DriverStore\FileRepository\u0371182.inf_amd64_e046f8d87ec91fad\B371034\atiumd6a.dll
0x00007ff9c6e00000 - 0x00007ff9c6e4d000 	C:\WINDOWS\SYSTEM32\POWRPROF.dll
0x00007ff9c6800000 - 0x00007ff9c6828000 	C:\WINDOWS\SYSTEM32\bcrypt.dll
0x00007ff9c6d30000 - 0x00007ff9c6d43000 	C:\WINDOWS\SYSTEM32\UMPDC.dll
0x00007ff9bc460000 - 0x00007ff9bc48f000 	C:\WINDOWS\SYSTEM32\amdihk64.dll
0x00007ff9c0870000 - 0x00007ff9c08ba000 	C:\WINDOWS\SYSTEM32\directxdatabasehelper.dll
0x00007ff9a3880000 - 0x00007ff9a38ae000 	C:\Program Files\Java\jdk-20\bin\javajpeg.dll
0x00007ff996f20000 - 0x00007ff996fa6000 	C:\Program Files\Java\jdk-20\bin\freetype.dll
0x00007ff993bc0000 - 0x00007ff993c86000 	C:\Program Files\Java\jdk-20\bin\fontmanager.dll
0x00007ff9b2ea0000 - 0x00007ff9b2fea000 	C:\WINDOWS\SYSTEM32\textinputframework.dll

dbghelp: loaded successfully - version: 4.0.5 - missing functions: none
symbol engine: initialized successfully - sym options: 0x614 - pdb path: .;C:\Program Files\Java\jdk-20\bin;C:\WINDOWS\SYSTEM32;C:\WINDOWS\WinSxS\amd64_microsoft.windows.common-controls_6595b64144ccf1df_6.0.22621.2361_none_2712ced57382f843;C:\Program Files\Java\jdk-20\bin\server;C:\WINDOWS\System32\DriverStore\FileRepository\u0371182.inf_amd64_e046f8d87ec91fad\B371034

VM Arguments:
jvm_args: -Dfile.encoding=UTF-8 --module-path=C:\Users\Acer\Documents\NetBeansProjects\Trial1\build\classes 
java_command: LandingPage
java_class_path (initial): C:\Users\Acer\Desktop\mysql-connector-j-8.1.0\mysql-connector-j-8.1.0\mysql-connector-j-8.1.0.jar;C:\Users\Acer\Documents\NetBeansProjects\Trial1\build\classes
Launcher Type: SUN_STANDARD

[Global flags]
     intx CICompilerCount                          = 4                                         {product} {ergonomic}
     uint ConcGCThreads                            = 3                                         {product} {ergonomic}
     uint G1ConcRefinementThreads                  = 10                                        {product} {ergonomic}
   size_t G1HeapRegionSize                         = 1048576                                   {product} {ergonomic}
    uintx GCDrainStackTargetSize                   = 64                                        {product} {ergonomic}
   size_t InitialHeapSize                          = 123731968                                 {product} {ergonomic}
   size_t MarkStackSize                            = 4194304                                   {product} {ergonomic}
   size_t MaxHeapSize                              = 1971322880                                {product} {ergonomic}
   size_t MaxNewSize                               = 1182793728                                {product} {ergonomic}
   size_t MinHeapDeltaBytes                        = 1048576                                   {product} {ergonomic}
   size_t MinHeapSize                              = 8388608                                   {product} {ergonomic}
    uintx NonNMethodCodeHeapSize                   = 5839372                                {pd product} {ergonomic}
    uintx NonProfiledCodeHeapSize                  = 122909434                              {pd product} {ergonomic}
    uintx ProfiledCodeHeapSize                     = 122909434                              {pd product} {ergonomic}
    uintx ReservedCodeCacheSize                    = 251658240                              {pd product} {ergonomic}
     bool SegmentedCodeCache                       = true                                      {product} {ergonomic}
   size_t SoftMaxHeapSize                          = 1971322880                             {manageable} {ergonomic}
     bool UseCompressedClassPointers               = true                           {product lp64_product} {ergonomic}
     bool UseCompressedOops                        = true                           {product lp64_product} {ergonomic}
     bool UseG1GC                                  = true                                      {product} {ergonomic}
     bool UseLargePagesIndividualAllocation        = false                                  {pd product} {ergonomic}

Logging:
Log output configuration:
 #0: stdout all=warning uptime,level,tags foldmultilines=false
 #1: stderr all=off uptime,level,tags foldmultilines=false

Environment Variables:
PATH=C:\Python311\Scripts\;C:\Python311\;C:\Users\Acer\Documents\JAVA-CODES;C:\Program Files\MySQL\MySQL Shell 8.0\bin\;C:\Users\Acer\AppData\Local\Microsoft\WindowsApps;C:\Users\Acer\AppData\Local\Programs\Microsoft VS Code\bin;C:\MinGW\bin;C:\Program Files\MongoDB\Tools\100\bin;C:\Users\Acer\AppData\Roaming\npm;C:\Program Files\MongoDB\Server\6.0\bin\;C:\Program Files\mongosh\mongosh-1.10.3-win32-x64\bin;C:\Program Files\Java\jdk-20\bin\;C:\Program Files\nodejs;C:\Users\Acer\AppData\Roaming\nvm;C:\Program Files\nodejs;C:\Users\Acer\Desktop\mongodb-database-tools-windows-x86_64-100.7.5\mongodb-database-tools-windows-x86_64-100.7.5\bin;C:\Program Files\Git\cmd;C:\Program Files\nodejs\;C:\Program Files\nodejs\node_modules\npm\bin;C:\Program Files\NetBeans-18\netbeans\bin;C:\Program Files\MySQL\MySQL Shell 8.0\bin;C:\Program Files\MySQL;C:\Program Files\MySQL\MySQL Shell 8.0\bin\;C:\Users\Acer\AppData\Local\Microsoft\WindowsApps;C:\Users\Acer\AppData\Local\Programs\Microsoft VS Code\bin;C:\MinGW\bin;C:\Program Files\MongoDB\Tools\100\bin;C:\Program Files\MongoDB\Server\6.0\bin\;C:\Program Files\mongosh\mongosh-1.10.3-win32-x64\bin;C:\Users\Acer\AppData\Roaming\nvm;C:\Program Files\nodejs;C:\Users\Acer\AppData\Roaming\npm
USERNAME=Acer
OS=Windows_NT
PROCESSOR_IDENTIFIER=AMD64 Family 23 Model 104 Stepping 1, AuthenticAMD
TMP=C:\Users\Acer\AppData\Local\Temp
TEMP=C:\Users\Acer\AppData\Local\Temp




---------------  S Y S T E M  ---------------

OS:
 Windows 11 , 64 bit Build 22621 (10.0.22621.2428)
OS uptime: 0 days 4:44 hours

CPU: total 12 (initial active 12) (12 cores per cpu, 2 threads per core) family 23 model 104 stepping 1 microcode 0x0, cx8, cmov, fxsr, ht, mmx, 3dnowpref, sse, sse2, sse3, ssse3, sse4a, sse4.1, sse4.2, popcnt, lzcnt, tsc, tscinvbit, avx, avx2, aes, clmul, bmi1, bmi2, adx, sha, fma, vzeroupper, clflush, clflushopt, rdtscp, rdpid, f16c

Memory: 4k page, system-wide physical 7514M (322M free)
TotalPageFile size 31066M (AvailPageFile size 11M)
current process WorkingSet (physical memory assigned to process): 359M, peak: 359M
current process commit charge ("private bytes"): 493M, peak: 505M

vm_info: Java HotSpot(TM) 64-Bit Server VM (20.0.1+9-29) for windows-amd64 JRE (20.0.1+9-29), built on 2023-03-07T13:56:11Z by "mach5one" with MS VC++ 17.1 (VS2022)

END.
