#
# There is insufficient memory for the Java Runtime Environment to continue.
# Native memory allocation (mmap) failed to map 65536 bytes for Failed to commit metaspace.
# Possible reasons:
#   The system is out of physical RAM or swap space
#   The process is running with CompressedOops enabled, and the Java Heap may be blocking the growth of the native heap
# Possible solutions:
#   Reduce memory load on the system
#   Increase physical memory or swap space
#   Check if swap backing store is full
#   Decrease Java heap size (-Xmx/-Xms)
#   Decrease number of Java threads
#   Decrease Java thread stack sizes (-Xss)
#   Set larger code cache with -XX:ReservedCodeCacheSize=
#   JVM is running with Unscaled Compressed Oops mode in which the Java heap is
#     placed in the first 4GB address space. The Java Heap base address is the
#     maximum limit for the native heap growth. Please use -XX:HeapBaseMinAddress
#     to set the Java Heap base and to place the Java Heap above 4GB virtual address.
# This output file may be truncated or incomplete.
#
#  Out of Memory Error (virtualSpaceNode.cpp:110), pid=18300, tid=27436
#
# JRE version: Java(TM) SE Runtime Environment (20.0.1+9) (build 20.0.1+9-29)
# Java VM: Java HotSpot(TM) 64-Bit Server VM (20.0.1+9-29, mixed mode, sharing, tiered, compressed oops, compressed class ptrs, g1 gc, windows-amd64)
# No core dump will be written. Minidumps are not enabled by default on client versions of Windows
#

---------------  S U M M A R Y ------------

Command Line: -Dfile.encoding=UTF-8 --module-path=C:\Users\Acer\Documents\NetBeansProjects\Trial1\build\classes RequestPage

Host: AMD Ryzen 5 5500U with Radeon Graphics         , 12 cores, 7G,  Windows 11 , 64 bit Build 22621 (10.0.22621.2428)
Time: Thu Oct 26 22:53:25 2023 India Standard Time elapsed time: 680.288803 seconds (0d 0h 11m 20s)

---------------  T H R E A D  ---------------

Current thread (0x00000147a0b7d070):  JavaThread "C1 CompilerThread0" daemon [_thread_in_vm, id=27436, stack(0x000000387aa00000,0x000000387ab00000)]


Current CompileTask:
C1: 680288 2512       3       java.io.WinNTFileSystem::resolve (275 bytes)

Stack: [0x000000387aa00000,0x000000387ab00000]
Native frames: (J=compiled Java code, j=interpreted, Vv=VM code, C=native code)
V  [jvm.dll+0x6bb95a]
V  [jvm.dll+0x8485fa]
V  [jvm.dll+0x84a1f5]
V  [jvm.dll+0x84a8f3]
V  [jvm.dll+0x280b0f]
V  [jvm.dll+0x84453b]
V  [jvm.dll+0x65fd86]
V  [jvm.dll+0x65fdea]
V  [jvm.dll+0x6626c3]
V  [jvm.dll+0x66258e]
V  [jvm.dll+0x66079e]
V  [jvm.dll+0x671bfa]
V  [jvm.dll+0x66b122]
V  [jvm.dll+0x1f8f90]
V  [jvm.dll+0x1f9178]
V  [jvm.dll+0x15804e]
V  [jvm.dll+0x158384]
V  [jvm.dll+0x1577c6]
V  [jvm.dll+0x1594fd]
V  [jvm.dll+0x259e1b]
V  [jvm.dll+0x2584f0]
V  [jvm.dll+0x3f2895]
V  [jvm.dll+0x7f4b56]
V  [jvm.dll+0x6ba5cb]
C  [ucrtbase.dll+0x29363]
C  [KERNEL32.DLL+0x1257d]
C  [ntdll.dll+0x5aa78]


---------------  P R O C E S S  ---------------

Threads class SMR info:
_java_thread_list=0x00000147a5c788f0, length=18, elements={
0x00000147a0b65690, 0x00000147a0b66290, 0x00000147a0b67480, 0x00000147a0b69260,
0x00000147a0b69ba0, 0x00000147a0b6ee90, 0x00000147a0b6dd20, 0x00000147a0b7d070,
0x00000147a0b301c0, 0x00000147a4e48f30, 0x00000147a4ff95a0, 0x00000147a5014010,
0x00000147a50147b0, 0x00000147a506a890, 0x000001478409ad60, 0x00000147a50f8300,
0x00000147a50f9840, 0x00000147a50f9d90
}

Java Threads: ( => current thread )
  0x00000147a0b65690 JavaThread "Reference Handler" daemon [_thread_blocked, id=13720, stack(0x000000387a300000,0x000000387a400000)]
  0x00000147a0b66290 JavaThread "Finalizer" daemon [_thread_blocked, id=18132, stack(0x000000387a400000,0x000000387a500000)]
  0x00000147a0b67480 JavaThread "Signal Dispatcher" daemon [_thread_blocked, id=25812, stack(0x000000387a500000,0x000000387a600000)]
  0x00000147a0b69260 JavaThread "Attach Listener" daemon [_thread_blocked, id=26384, stack(0x000000387a600000,0x000000387a700000)]
  0x00000147a0b69ba0 JavaThread "Service Thread" daemon [_thread_blocked, id=17664, stack(0x000000387a700000,0x000000387a800000)]
  0x00000147a0b6ee90 JavaThread "Monitor Deflation Thread" daemon [_thread_blocked, id=21160, stack(0x000000387a800000,0x000000387a900000)]
  0x00000147a0b6dd20 JavaThread "C2 CompilerThread0" daemon [_thread_blocked, id=25944, stack(0x000000387a900000,0x000000387aa00000)]
=>0x00000147a0b7d070 JavaThread "C1 CompilerThread0" daemon [_thread_in_vm, id=27436, stack(0x000000387aa00000,0x000000387ab00000)]
  0x00000147a0b301c0 JavaThread "Common-Cleaner" daemon [_thread_blocked, id=8012, stack(0x000000387ab00000,0x000000387ac00000)]
  0x00000147a4e48f30 JavaThread "Notification Thread" daemon [_thread_blocked, id=20408, stack(0x000000387ac00000,0x000000387ad00000)]
  0x00000147a4ff95a0 JavaThread "Java2D Disposer" daemon [_thread_blocked, id=25392, stack(0x000000387af00000,0x000000387b000000)]
  0x00000147a5014010 JavaThread "AWT-Shutdown" [_thread_blocked, id=16712, stack(0x000000387b000000,0x000000387b100000)]
  0x00000147a50147b0 JavaThread "AWT-Windows" daemon [_thread_in_native, id=20164, stack(0x000000387b100000,0x000000387b200000)]
  0x00000147a506a890 JavaThread "AWT-EventQueue-0" [_thread_blocked, id=11408, stack(0x000000387b200000,0x000000387b300000)]
  0x000001478409ad60 JavaThread "DestroyJavaVM" [_thread_blocked, id=12848, stack(0x0000003879c00000,0x0000003879d00000)]
  0x00000147a50f8300 JavaThread "mysql-cj-abandoned-connection-cleanup" daemon [_thread_blocked, id=22372, stack(0x000000387ae00000,0x000000387af00000)]
  0x00000147a50f9840 JavaThread "D3D Screen Updater" daemon [_thread_blocked, id=27668, stack(0x000000387bf00000,0x000000387c000000)]
  0x00000147a50f9d90 JavaThread "TimerQueue" daemon [_thread_blocked, id=27688, stack(0x000000387bd00000,0x000000387be00000)]

Other Threads:
  0x00000147a0b46be0 VMThread "VM Thread" [stack: 0x000000387a200000,0x000000387a300000] [id=26940]
  0x00000147a4e758f0 WatcherThread "VM Periodic Task Thread" [stack: 0x000000387ad00000,0x000000387ae00000] [id=6724]
  0x00000147840f27b0 WorkerThread "GC Thread#0" [stack: 0x0000003879d00000,0x0000003879e00000] [id=6656]
  0x00000147a5b2ba30 WorkerThread "GC Thread#1" [stack: 0x000000387c200000,0x000000387c300000] [id=28132]
  0x00000147a5b2c840 WorkerThread "GC Thread#2" [stack: 0x000000387c300000,0x000000387c400000] [id=28136]
  0x00000147a5b2b490 WorkerThread "GC Thread#3" [stack: 0x000000387c400000,0x000000387c500000] [id=28140]
  0x00000147a5b2bfd0 WorkerThread "GC Thread#4" [stack: 0x000000387c500000,0x000000387c600000] [id=28144]
  0x00000147a5b2c2a0 WorkerThread "GC Thread#5" [stack: 0x000000387c600000,0x000000387c700000] [id=28148]
  0x00000147a5b2c570 WorkerThread "GC Thread#6" [stack: 0x000000387c700000,0x000000387c800000] [id=28152]
  0x00000147a5b2cb10 WorkerThread "GC Thread#7" [stack: 0x000000387c800000,0x000000387c900000] [id=28156]
  0x00000147a4fc5d60 WorkerThread "GC Thread#8" [stack: 0x000000387c900000,0x000000387ca00000] [id=28160]
  0x00000147a4fc6300 WorkerThread "GC Thread#9" [stack: 0x000000387ca00000,0x000000387cb00000] [id=28164]
  0x00000147841021c0 ConcurrentGCThread "G1 Main Marker" [stack: 0x0000003879e00000,0x0000003879f00000] [id=12156]
  0x0000014784102d90 WorkerThread "G1 Conc#0" [stack: 0x0000003879f00000,0x000000387a000000] [id=23208]
  0x000001478415e530 ConcurrentGCThread "G1 Refine#0" [stack: 0x000000387a000000,0x000000387a100000] [id=26508]
  0x00000147a0a040e0 ConcurrentGCThread "G1 Service" [stack: 0x000000387a100000,0x000000387a200000] [id=20700]

Threads with active compile tasks:
C1 CompilerThread0   680308 2512       3       java.io.WinNTFileSystem::resolve (275 bytes)

VM state: not at safepoint (normal execution)

VM Mutex/Monitor currently owned by a thread:  ([mutex/lock_event])
[0x0000014781dbce30] Metaspace_lock - owner thread: 0x00000147a0b7d070

Heap address: 0x000000008a800000, size: 1880 MB, Compressed Oops mode: 32-bit

CDS archive(s) mapped at: [0x0000000800000000-0x0000000800c60000-0x0000000800c60000), size 12976128, SharedBaseAddress: 0x0000000800000000, ArchiveRelocationMode: 0.
Compressed class space mapped at: 0x0000000801000000-0x0000000841000000, reserved size: 1073741824
Narrow klass base: 0x0000000800000000, Narrow klass shift: 0, Narrow klass range: 0x100000000

GC Precious Log:
 CardTable entry size: 512
 Card Set container configuration: InlinePtr #cards 5 size 8 Array Of Cards #cards 12 size 40 Howl #buckets 4 coarsen threshold 1843 Howl Bitmap #cards 512 size 80 coarsen threshold 460 Card regions per heap region 1 cards per card region 2048
 CPUs: 12 total, 12 available
 Memory: 7514M
 Large Page Support: Disabled
 NUMA Support: Disabled
 Compressed Oops: Enabled (32-bit)
 Heap Region Size: 1M
 Heap Min Capacity: 8M
 Heap Initial Capacity: 118M
 Heap Max Capacity: 1880M
 Pre-touch: Disabled
 Parallel Workers: 10
 Concurrent Workers: 3
 Concurrent Refinement Workers: 10
 Periodic GC: Disabled

Heap:
 garbage-first heap   total 120832K, used 10219K [0x000000008a800000, 0x0000000100000000)
  region size 1024K, 10 young (10240K), 3 survivors (3072K)
 Metaspace       used 13928K, committed 14144K, reserved 1114112K
  class space    used 1492K, committed 1600K, reserved 1048576K

Heap Regions: E=young(eden), S=young(survivor), O=old, HS=humongous(starts), HC=humongous(continues), CS=collection set, F=free, OA=open archive, CA=closed archive, TAMS=top-at-mark-start, PB=parsable bottom
|   0|0x000000008a800000, 0x000000008a8fae00, 0x000000008a900000| 97%| O|  |TAMS 0x000000008a800000| PB 0x000000008a800000| Untracked 
|   1|0x000000008a900000, 0x000000008a900000, 0x000000008aa00000|  0%| F|  |TAMS 0x000000008a900000| PB 0x000000008a900000| Untracked 
|   2|0x000000008aa00000, 0x000000008aa00000, 0x000000008ab00000|  0%| F|  |TAMS 0x000000008aa00000| PB 0x000000008aa00000| Untracked 
|   3|0x000000008ab00000, 0x000000008ab00000, 0x000000008ac00000|  0%| F|  |TAMS 0x000000008ab00000| PB 0x000000008ab00000| Untracked 
|   4|0x000000008ac00000, 0x000000008ac00000, 0x000000008ad00000|  0%| F|  |TAMS 0x000000008ac00000| PB 0x000000008ac00000| Untracked 
|   5|0x000000008ad00000, 0x000000008ad00000, 0x000000008ae00000|  0%| F|  |TAMS 0x000000008ad00000| PB 0x000000008ad00000| Untracked 
|   6|0x000000008ae00000, 0x000000008ae00000, 0x000000008af00000|  0%| F|  |TAMS 0x000000008ae00000| PB 0x000000008ae00000| Untracked 
|   7|0x000000008af00000, 0x000000008af00000, 0x000000008b000000|  0%| F|  |TAMS 0x000000008af00000| PB 0x000000008af00000| Untracked 
|   8|0x000000008b000000, 0x000000008b000000, 0x000000008b100000|  0%| F|  |TAMS 0x000000008b000000| PB 0x000000008b000000| Untracked 
|   9|0x000000008b100000, 0x000000008b100000, 0x000000008b200000|  0%| F|  |TAMS 0x000000008b100000| PB 0x000000008b100000| Untracked 
|  10|0x000000008b200000, 0x000000008b200000, 0x000000008b300000|  0%| F|  |TAMS 0x000000008b200000| PB 0x000000008b200000| Untracked 
|  11|0x000000008b300000, 0x000000008b300000, 0x000000008b400000|  0%| F|  |TAMS 0x000000008b300000| PB 0x000000008b300000| Untracked 
|  12|0x000000008b400000, 0x000000008b400000, 0x000000008b500000|  0%| F|  |TAMS 0x000000008b400000| PB 0x000000008b400000| Untracked 
|  13|0x000000008b500000, 0x000000008b500000, 0x000000008b600000|  0%| F|  |TAMS 0x000000008b500000| PB 0x000000008b500000| Untracked 
|  14|0x000000008b600000, 0x000000008b600000, 0x000000008b700000|  0%| F|  |TAMS 0x000000008b600000| PB 0x000000008b600000| Untracked 
|  15|0x000000008b700000, 0x000000008b700000, 0x000000008b800000|  0%| F|  |TAMS 0x000000008b700000| PB 0x000000008b700000| Untracked 
|  16|0x000000008b800000, 0x000000008b800000, 0x000000008b900000|  0%| F|  |TAMS 0x000000008b800000| PB 0x000000008b800000| Untracked 
|  17|0x000000008b900000, 0x000000008b900000, 0x000000008ba00000|  0%| F|  |TAMS 0x000000008b900000| PB 0x000000008b900000| Untracked 
|  18|0x000000008ba00000, 0x000000008ba00000, 0x000000008bb00000|  0%| F|  |TAMS 0x000000008ba00000| PB 0x000000008ba00000| Untracked 
|  19|0x000000008bb00000, 0x000000008bb00000, 0x000000008bc00000|  0%| F|  |TAMS 0x000000008bb00000| PB 0x000000008bb00000| Untracked 
|  20|0x000000008bc00000, 0x000000008bc00000, 0x000000008bd00000|  0%| F|  |TAMS 0x000000008bc00000| PB 0x000000008bc00000| Untracked 
|  21|0x000000008bd00000, 0x000000008bd00000, 0x000000008be00000|  0%| F|  |TAMS 0x000000008bd00000| PB 0x000000008bd00000| Untracked 
|  22|0x000000008be00000, 0x000000008be00000, 0x000000008bf00000|  0%| F|  |TAMS 0x000000008be00000| PB 0x000000008be00000| Untracked 
|  23|0x000000008bf00000, 0x000000008bf00000, 0x000000008c000000|  0%| F|  |TAMS 0x000000008bf00000| PB 0x000000008bf00000| Untracked 
|  24|0x000000008c000000, 0x000000008c000000, 0x000000008c100000|  0%| F|  |TAMS 0x000000008c000000| PB 0x000000008c000000| Untracked 
|  25|0x000000008c100000, 0x000000008c100000, 0x000000008c200000|  0%| F|  |TAMS 0x000000008c100000| PB 0x000000008c100000| Untracked 
|  26|0x000000008c200000, 0x000000008c200000, 0x000000008c300000|  0%| F|  |TAMS 0x000000008c200000| PB 0x000000008c200000| Untracked 
|  27|0x000000008c300000, 0x000000008c300000, 0x000000008c400000|  0%| F|  |TAMS 0x000000008c300000| PB 0x000000008c300000| Untracked 
|  28|0x000000008c400000, 0x000000008c400000, 0x000000008c500000|  0%| F|  |TAMS 0x000000008c400000| PB 0x000000008c400000| Untracked 
|  29|0x000000008c500000, 0x000000008c500000, 0x000000008c600000|  0%| F|  |TAMS 0x000000008c500000| PB 0x000000008c500000| Untracked 
|  30|0x000000008c600000, 0x000000008c600000, 0x000000008c700000|  0%| F|  |TAMS 0x000000008c600000| PB 0x000000008c600000| Untracked 
|  31|0x000000008c700000, 0x000000008c700000, 0x000000008c800000|  0%| F|  |TAMS 0x000000008c700000| PB 0x000000008c700000| Untracked 
|  32|0x000000008c800000, 0x000000008c800000, 0x000000008c900000|  0%| F|  |TAMS 0x000000008c800000| PB 0x000000008c800000| Untracked 
|  33|0x000000008c900000, 0x000000008c900000, 0x000000008ca00000|  0%| F|  |TAMS 0x000000008c900000| PB 0x000000008c900000| Untracked 
|  34|0x000000008ca00000, 0x000000008ca00000, 0x000000008cb00000|  0%| F|  |TAMS 0x000000008ca00000| PB 0x000000008ca00000| Untracked 
|  35|0x000000008cb00000, 0x000000008cb00000, 0x000000008cc00000|  0%| F|  |TAMS 0x000000008cb00000| PB 0x000000008cb00000| Untracked 
|  36|0x000000008cc00000, 0x000000008cc00000, 0x000000008cd00000|  0%| F|  |TAMS 0x000000008cc00000| PB 0x000000008cc00000| Untracked 
|  37|0x000000008cd00000, 0x000000008cd00000, 0x000000008ce00000|  0%| F|  |TAMS 0x000000008cd00000| PB 0x000000008cd00000| Untracked 
|  38|0x000000008ce00000, 0x000000008ce00000, 0x000000008cf00000|  0%| F|  |TAMS 0x000000008ce00000| PB 0x000000008ce00000| Untracked 
|  39|0x000000008cf00000, 0x000000008cf00000, 0x000000008d000000|  0%| F|  |TAMS 0x000000008cf00000| PB 0x000000008cf00000| Untracked 
|  40|0x000000008d000000, 0x000000008d000000, 0x000000008d100000|  0%| F|  |TAMS 0x000000008d000000| PB 0x000000008d000000| Untracked 
|  41|0x000000008d100000, 0x000000008d100000, 0x000000008d200000|  0%| F|  |TAMS 0x000000008d100000| PB 0x000000008d100000| Untracked 
|  42|0x000000008d200000, 0x000000008d200000, 0x000000008d300000|  0%| F|  |TAMS 0x000000008d200000| PB 0x000000008d200000| Untracked 
|  43|0x000000008d300000, 0x000000008d300000, 0x000000008d400000|  0%| F|  |TAMS 0x000000008d300000| PB 0x000000008d300000| Untracked 
|  44|0x000000008d400000, 0x000000008d400000, 0x000000008d500000|  0%| F|  |TAMS 0x000000008d400000| PB 0x000000008d400000| Untracked 
|  45|0x000000008d500000, 0x000000008d500000, 0x000000008d600000|  0%| F|  |TAMS 0x000000008d500000| PB 0x000000008d500000| Untracked 
|  46|0x000000008d600000, 0x000000008d600000, 0x000000008d700000|  0%| F|  |TAMS 0x000000008d600000| PB 0x000000008d600000| Untracked 
|  47|0x000000008d700000, 0x000000008d700000, 0x000000008d800000|  0%| F|  |TAMS 0x000000008d700000| PB 0x000000008d700000| Untracked 
|  48|0x000000008d800000, 0x000000008d800000, 0x000000008d900000|  0%| F|  |TAMS 0x000000008d800000| PB 0x000000008d800000| Untracked 
|  49|0x000000008d900000, 0x000000008d900000, 0x000000008da00000|  0%| F|  |TAMS 0x000000008d900000| PB 0x000000008d900000| Untracked 
|  50|0x000000008da00000, 0x000000008da00000, 0x000000008db00000|  0%| F|  |TAMS 0x000000008da00000| PB 0x000000008da00000| Untracked 
|  51|0x000000008db00000, 0x000000008db00000, 0x000000008dc00000|  0%| F|  |TAMS 0x000000008db00000| PB 0x000000008db00000| Untracked 
|  52|0x000000008dc00000, 0x000000008dc00000, 0x000000008dd00000|  0%| F|  |TAMS 0x000000008dc00000| PB 0x000000008dc00000| Untracked 
|  53|0x000000008dd00000, 0x000000008dd00000, 0x000000008de00000|  0%| F|  |TAMS 0x000000008dd00000| PB 0x000000008dd00000| Untracked 
|  54|0x000000008de00000, 0x000000008de00000, 0x000000008df00000|  0%| F|  |TAMS 0x000000008de00000| PB 0x000000008de00000| Untracked 
|  55|0x000000008df00000, 0x000000008df00000, 0x000000008e000000|  0%| F|  |TAMS 0x000000008df00000| PB 0x000000008df00000| Untracked 
|  56|0x000000008e000000, 0x000000008e000000, 0x000000008e100000|  0%| F|  |TAMS 0x000000008e000000| PB 0x000000008e000000| Untracked 
|  57|0x000000008e100000, 0x000000008e100000, 0x000000008e200000|  0%| F|  |TAMS 0x000000008e100000| PB 0x000000008e100000| Untracked 
|  58|0x000000008e200000, 0x000000008e200000, 0x000000008e300000|  0%| F|  |TAMS 0x000000008e200000| PB 0x000000008e200000| Untracked 
|  59|0x000000008e300000, 0x000000008e300000, 0x000000008e400000|  0%| F|  |TAMS 0x000000008e300000| PB 0x000000008e300000| Untracked 
|  60|0x000000008e400000, 0x000000008e400000, 0x000000008e500000|  0%| F|  |TAMS 0x000000008e400000| PB 0x000000008e400000| Untracked 
|  61|0x000000008e500000, 0x000000008e500000, 0x000000008e600000|  0%| F|  |TAMS 0x000000008e500000| PB 0x000000008e500000| Untracked 
|  62|0x000000008e600000, 0x000000008e600000, 0x000000008e700000|  0%| F|  |TAMS 0x000000008e600000| PB 0x000000008e600000| Untracked 
|  63|0x000000008e700000, 0x000000008e700000, 0x000000008e800000|  0%| F|  |TAMS 0x000000008e700000| PB 0x000000008e700000| Untracked 
|  64|0x000000008e800000, 0x000000008e800000, 0x000000008e900000|  0%| F|  |TAMS 0x000000008e800000| PB 0x000000008e800000| Untracked 
|  65|0x000000008e900000, 0x000000008e900000, 0x000000008ea00000|  0%| F|  |TAMS 0x000000008e900000| PB 0x000000008e900000| Untracked 
|  66|0x000000008ea00000, 0x000000008ea00000, 0x000000008eb00000|  0%| F|  |TAMS 0x000000008ea00000| PB 0x000000008ea00000| Untracked 
|  67|0x000000008eb00000, 0x000000008eb00000, 0x000000008ec00000|  0%| F|  |TAMS 0x000000008eb00000| PB 0x000000008eb00000| Untracked 
|  68|0x000000008ec00000, 0x000000008ec00000, 0x000000008ed00000|  0%| F|  |TAMS 0x000000008ec00000| PB 0x000000008ec00000| Untracked 
|  69|0x000000008ed00000, 0x000000008ed00000, 0x000000008ee00000|  0%| F|  |TAMS 0x000000008ed00000| PB 0x000000008ed00000| Untracked 
|  70|0x000000008ee00000, 0x000000008ee00000, 0x000000008ef00000|  0%| F|  |TAMS 0x000000008ee00000| PB 0x000000008ee00000| Untracked 
|  71|0x000000008ef00000, 0x000000008ef00000, 0x000000008f000000|  0%| F|  |TAMS 0x000000008ef00000| PB 0x000000008ef00000| Untracked 
|  72|0x000000008f000000, 0x000000008f000000, 0x000000008f100000|  0%| F|  |TAMS 0x000000008f000000| PB 0x000000008f000000| Untracked 
|  73|0x000000008f100000, 0x000000008f100000, 0x000000008f200000|  0%| F|  |TAMS 0x000000008f100000| PB 0x000000008f100000| Untracked 
|  74|0x000000008f200000, 0x000000008f200000, 0x000000008f300000|  0%| F|  |TAMS 0x000000008f200000| PB 0x000000008f200000| Untracked 
|  75|0x000000008f300000, 0x000000008f300000, 0x000000008f400000|  0%| F|  |TAMS 0x000000008f300000| PB 0x000000008f300000| Untracked 
|  76|0x000000008f400000, 0x000000008f400000, 0x000000008f500000|  0%| F|  |TAMS 0x000000008f400000| PB 0x000000008f400000| Untracked 
|  77|0x000000008f500000, 0x000000008f500000, 0x000000008f600000|  0%| F|  |TAMS 0x000000008f500000| PB 0x000000008f500000| Untracked 
|  78|0x000000008f600000, 0x000000008f600000, 0x000000008f700000|  0%| F|  |TAMS 0x000000008f600000| PB 0x000000008f600000| Untracked 
|  79|0x000000008f700000, 0x000000008f700000, 0x000000008f800000|  0%| F|  |TAMS 0x000000008f700000| PB 0x000000008f700000| Untracked 
|  80|0x000000008f800000, 0x000000008f800000, 0x000000008f900000|  0%| F|  |TAMS 0x000000008f800000| PB 0x000000008f800000| Untracked 
|  81|0x000000008f900000, 0x000000008f900000, 0x000000008fa00000|  0%| F|  |TAMS 0x000000008f900000| PB 0x000000008f900000| Untracked 
|  82|0x000000008fa00000, 0x000000008fa00000, 0x000000008fb00000|  0%| F|  |TAMS 0x000000008fa00000| PB 0x000000008fa00000| Untracked 
|  83|0x000000008fb00000, 0x000000008fb00000, 0x000000008fc00000|  0%| F|  |TAMS 0x000000008fb00000| PB 0x000000008fb00000| Untracked 
|  84|0x000000008fc00000, 0x000000008fc00000, 0x000000008fd00000|  0%| F|  |TAMS 0x000000008fc00000| PB 0x000000008fc00000| Untracked 
|  85|0x000000008fd00000, 0x000000008fd00000, 0x000000008fe00000|  0%| F|  |TAMS 0x000000008fd00000| PB 0x000000008fd00000| Untracked 
|  86|0x000000008fe00000, 0x000000008fe00000, 0x000000008ff00000|  0%| F|  |TAMS 0x000000008fe00000| PB 0x000000008fe00000| Untracked 
|  87|0x000000008ff00000, 0x000000008ff00000, 0x0000000090000000|  0%| F|  |TAMS 0x000000008ff00000| PB 0x000000008ff00000| Untracked 
|  88|0x0000000090000000, 0x0000000090000000, 0x0000000090100000|  0%| F|  |TAMS 0x0000000090000000| PB 0x0000000090000000| Untracked 
|  89|0x0000000090100000, 0x0000000090100000, 0x0000000090200000|  0%| F|  |TAMS 0x0000000090100000| PB 0x0000000090100000| Untracked 
|  90|0x0000000090200000, 0x0000000090200000, 0x0000000090300000|  0%| F|  |TAMS 0x0000000090200000| PB 0x0000000090200000| Untracked 
|  91|0x0000000090300000, 0x0000000090300000, 0x0000000090400000|  0%| F|  |TAMS 0x0000000090300000| PB 0x0000000090300000| Untracked 
|  92|0x0000000090400000, 0x0000000090500000, 0x0000000090500000|100%| S|CS|TAMS 0x0000000090400000| PB 0x0000000090400000| Complete 
|  93|0x0000000090500000, 0x0000000090600000, 0x0000000090600000|100%| S|CS|TAMS 0x0000000090500000| PB 0x0000000090500000| Complete 
|  94|0x0000000090600000, 0x0000000090700000, 0x0000000090700000|100%| S|CS|TAMS 0x0000000090600000| PB 0x0000000090600000| Complete 
|  95|0x0000000090700000, 0x0000000090700000, 0x0000000090800000|  0%| F|  |TAMS 0x0000000090700000| PB 0x0000000090700000| Untracked 
|  96|0x0000000090800000, 0x0000000090800000, 0x0000000090900000|  0%| F|  |TAMS 0x0000000090800000| PB 0x0000000090800000| Untracked 
|  97|0x0000000090900000, 0x0000000090900000, 0x0000000090a00000|  0%| F|  |TAMS 0x0000000090900000| PB 0x0000000090900000| Untracked 
|  98|0x0000000090a00000, 0x0000000090a00000, 0x0000000090b00000|  0%| F|  |TAMS 0x0000000090a00000| PB 0x0000000090a00000| Untracked 
|  99|0x0000000090b00000, 0x0000000090b00000, 0x0000000090c00000|  0%| F|  |TAMS 0x0000000090b00000| PB 0x0000000090b00000| Untracked 
| 100|0x0000000090c00000, 0x0000000090c00000, 0x0000000090d00000|  0%| F|  |TAMS 0x0000000090c00000| PB 0x0000000090c00000| Untracked 
| 101|0x0000000090d00000, 0x0000000090d00000, 0x0000000090e00000|  0%| F|  |TAMS 0x0000000090d00000| PB 0x0000000090d00000| Untracked 
| 102|0x0000000090e00000, 0x0000000090e00000, 0x0000000090f00000|  0%| F|  |TAMS 0x0000000090e00000| PB 0x0000000090e00000| Untracked 
| 103|0x0000000090f00000, 0x0000000090f00000, 0x0000000091000000|  0%| F|  |TAMS 0x0000000090f00000| PB 0x0000000090f00000| Untracked 
| 104|0x0000000091000000, 0x0000000091000000, 0x0000000091100000|  0%| F|  |TAMS 0x0000000091000000| PB 0x0000000091000000| Untracked 
| 105|0x0000000091100000, 0x0000000091100000, 0x0000000091200000|  0%| F|  |TAMS 0x0000000091100000| PB 0x0000000091100000| Untracked 
| 106|0x0000000091200000, 0x0000000091200000, 0x0000000091300000|  0%| F|  |TAMS 0x0000000091200000| PB 0x0000000091200000| Untracked 
| 107|0x0000000091300000, 0x0000000091300000, 0x0000000091400000|  0%| F|  |TAMS 0x0000000091300000| PB 0x0000000091300000| Untracked 
| 108|0x0000000091400000, 0x0000000091400000, 0x0000000091500000|  0%| F|  |TAMS 0x0000000091400000| PB 0x0000000091400000| Untracked 
| 109|0x0000000091500000, 0x0000000091500000, 0x0000000091600000|  0%| F|  |TAMS 0x0000000091500000| PB 0x0000000091500000| Untracked 
| 110|0x0000000091600000, 0x0000000091600000, 0x0000000091700000|  0%| F|  |TAMS 0x0000000091600000| PB 0x0000000091600000| Untracked 
| 111|0x0000000091700000, 0x000000009179a208, 0x0000000091800000| 60%| E|  |TAMS 0x0000000091700000| PB 0x0000000091700000| Complete 
| 112|0x0000000091800000, 0x0000000091900000, 0x0000000091900000|100%| E|CS|TAMS 0x0000000091800000| PB 0x0000000091800000| Complete 
| 113|0x0000000091900000, 0x0000000091a00000, 0x0000000091a00000|100%| E|CS|TAMS 0x0000000091900000| PB 0x0000000091900000| Complete 
| 114|0x0000000091a00000, 0x0000000091b00000, 0x0000000091b00000|100%| E|CS|TAMS 0x0000000091a00000| PB 0x0000000091a00000| Complete 
| 115|0x0000000091b00000, 0x0000000091c00000, 0x0000000091c00000|100%| E|CS|TAMS 0x0000000091b00000| PB 0x0000000091b00000| Complete 
| 116|0x0000000091c00000, 0x0000000091d00000, 0x0000000091d00000|100%| E|CS|TAMS 0x0000000091c00000| PB 0x0000000091c00000| Complete 
| 117|0x0000000091d00000, 0x0000000091e00000, 0x0000000091e00000|100%| E|CS|TAMS 0x0000000091d00000| PB 0x0000000091d00000| Complete 

Card table byte_map: [0x000001479ba50000,0x000001479be00000] _byte_map_base: 0x000001479b5fc000

Marking Bits: (CMBitMap*) 0x00000147840f2de0
 Bits: [0x000001479c1b0000, 0x000001479df10000)

Polling page: 0x00000147820a0000

Metaspace:

Usage:
  Non-class:     12.14 MB used.
      Class:      1.46 MB used.
       Both:     13.60 MB used.

Virtual space:
  Non-class space:       64.00 MB reserved,      12.25 MB ( 19%) committed,  1 nodes.
      Class space:        1.00 GB reserved,       1.56 MB ( <1%) committed,  1 nodes.
             Both:        1.06 GB reserved,      13.81 MB (  1%) committed. 

Chunk freelists:
   Non-Class:  2.98 MB
       Class:  2.26 MB
        Both:  5.24 MB

MaxMetaspaceSize: unlimited
CompressedClassSpaceSize: 1.00 GB
Initial GC threshold: 21.00 MB
Current GC threshold: 21.00 MB
CDS: on
MetaspaceReclaimPolicy: balanced
 - commit_granule_bytes: 65536.
 - commit_granule_words: 8192.
 - virtual_space_node_default_size: 8388608.
 - enlarge_chunks_in_place: 1.
 - new_chunks_are_fully_committed: 0.
 - uncommit_free_chunks: 1.
 - use_allocation_guard: 0.


Internal statistics:

num_allocs_failed_limit: 0.
num_arena_births: 174.
num_arena_deaths: 0.
num_vsnodes_births: 2.
num_vsnodes_deaths: 0.
num_space_committed: 221.
num_space_uncommitted: 0.
num_chunks_returned_to_freelist: 0.
num_chunks_taken_from_freelist: 353.
num_chunk_merges: 0.
num_chunk_splits: 218.
num_chunks_enlarged: 118.
num_inconsistent_stats: 0.

CodeHeap 'non-profiled nmethods': size=120000Kb used=844Kb max_used=844Kb free=119155Kb
 bounds [0x0000014793c20000, 0x0000014793e90000, 0x000001479b150000]
CodeHeap 'profiled nmethods': size=120000Kb used=4551Kb max_used=4551Kb free=115448Kb
 bounds [0x000001478c150000, 0x000001478c5d0000, 0x0000014793680000]
CodeHeap 'non-nmethods': size=5760Kb used=1693Kb max_used=1715Kb free=4066Kb
 bounds [0x0000014793680000, 0x00000147938f0000, 0x0000014793c20000]
 total_blobs=3194 nmethods=2510 adapters=594
 compilation: enabled
              stopped_count=0, restarted_count=0
 full_count=0

Compilation events (20 events):
Event: 444.872 Thread 0x00000147a0b7d070 nmethod 2502 0x000001478c5bf210 code [0x000001478c5bf500, 0x000001478c5c05b8]
Event: 484.945 Thread 0x00000147a0b7d070 2503       1       java.net.URL::getUserInfo (5 bytes)
Event: 484.945 Thread 0x00000147a0b7d070 nmethod 2503 0x0000014793cf0f10 code [0x0000014793cf1080, 0x0000014793cf1148]
Event: 504.800 Thread 0x00000147a0b6dd20 2504   !   4       java.lang.Object::wait (50 bytes)
Event: 504.801 Thread 0x00000147a0b6dd20 nmethod 2504 0x0000014793cf1210 code [0x0000014793cf13a0, 0x0000014793cf1520]
Event: 504.986 Thread 0x00000147a0b6dd20 2505       4       java.lang.String::indexOf (7 bytes)
Event: 504.987 Thread 0x00000147a0b6dd20 nmethod 2505 0x0000014793cf1710 code [0x0000014793cf1880, 0x0000014793cf1a38]
Event: 512.050 Thread 0x00000147a0b6dd20 2506       4       java.util.ArrayList::toArray (57 bytes)
Event: 512.053 Thread 0x00000147a0b6dd20 nmethod 2506 0x0000014793cf1b90 code [0x0000014793cf1d00, 0x0000014793cf21d0]
Event: 525.988 Thread 0x00000147a0b6dd20 2507       4       java.util.ArrayList::toArray (57 bytes)
Event: 525.992 Thread 0x00000147a0b6dd20 nmethod 2507 0x0000014793cf2390 code [0x0000014793cf2500, 0x0000014793cf2b28]
Event: 528.730 Thread 0x00000147a0b7d070 2508       3       java.util.LinkedList::linkLast (59 bytes)
Event: 528.730 Thread 0x00000147a0b7d070 nmethod 2508 0x000001478c5c0b90 code [0x000001478c5c0d40, 0x000001478c5c11a8]
Event: 553.609 Thread 0x00000147a0b6dd20 2509       4       sun.java2d.d3d.D3DSurfaceData$D3DWindowSurfaceData::isDirty (18 bytes)
Event: 553.609 Thread 0x00000147a0b6dd20 nmethod 2509 0x0000014793cf2d10 code [0x0000014793cf2e80, 0x0000014793cf2f58]
Event: 615.172 Thread 0x00000147a0b7d070 2510       3       java.lang.ClassLoader::getResource (41 bytes)
Event: 615.173 Thread 0x00000147a0b7d070 nmethod 2510 0x000001478c5c1310 code [0x000001478c5c1500, 0x000001478c5c1af0]
Event: 635.220 Thread 0x00000147a0b7d070 2511       1       jdk.internal.loader.URLClassPath$FileLoader$1::getURL (5 bytes)
Event: 635.220 Thread 0x00000147a0b7d070 nmethod 2511 0x0000014793cf3090 code [0x0000014793cf3200, 0x0000014793cf32c8]
Event: 680.285 Thread 0x00000147a0b7d070 2512       3       java.io.WinNTFileSystem::resolve (275 bytes)

GC Heap History (2 events):
Event: 49.143 GC heap before
{Heap before GC invocations=0 (full 0):
 garbage-first heap   total 120832K, used 23552K [0x000000008a800000, 0x0000000100000000)
  region size 1024K, 23 young (23552K), 0 survivors (0K)
 Metaspace       used 13744K, committed 13952K, reserved 1114112K
  class space    used 1480K, committed 1600K, reserved 1048576K
}
Event: 49.153 GC heap after
{Heap after GC invocations=1 (full 0):
 garbage-first heap   total 120832K, used 4075K [0x000000008a800000, 0x0000000100000000)
  region size 1024K, 3 young (3072K), 3 survivors (3072K)
 Metaspace       used 13744K, committed 13952K, reserved 1114112K
  class space    used 1480K, committed 1600K, reserved 1048576K
}

Dll operation events (10 events):
Event: 0.006 Loaded shared library C:\Program Files\Java\jdk-20\bin\java.dll
Event: 0.081 Loaded shared library C:\Program Files\Java\jdk-20\bin\jsvml.dll
Event: 0.118 Loaded shared library C:\Program Files\Java\jdk-20\bin\net.dll
Event: 0.120 Loaded shared library C:\Program Files\Java\jdk-20\bin\nio.dll
Event: 0.145 Loaded shared library C:\Program Files\Java\jdk-20\bin\zip.dll
Event: 0.155 Loaded shared library C:\Program Files\Java\jdk-20\bin\jimage.dll
Event: 0.168 Loaded shared library C:\Program Files\Java\jdk-20\bin\awt.dll
Event: 0.360 Loaded shared library C:\Program Files\Java\jdk-20\bin\freetype.dll
Event: 0.361 Loaded shared library C:\Program Files\Java\jdk-20\bin\fontmanager.dll
Event: 0.627 Loaded shared library C:\Program Files\Java\jdk-20\bin\extnet.dll

Deoptimization events (20 events):
Event: 49.162 Thread 0x00000147a50f8300 Uncommon trap: trap_request=0xffffffde fr.pc=0x0000014793c7c81c relative=0x00000000000002dc
Event: 49.162 Thread 0x00000147a50f8300 Uncommon trap: reason=class_check action=maybe_recompile pc=0x0000014793c7c81c method=java.util.regex.Pattern$BmpCharPropertyGreedy.match(Ljava/util/regex/Matcher;ILjava/lang/CharSequence;)Z @ 26 c2
Event: 49.162 Thread 0x00000147a50f8300 DEOPT PACKING pc=0x0000014793c7c81c sp=0x000000387aefe050
Event: 49.162 Thread 0x00000147a50f8300 DEOPT UNPACKING pc=0x00000147936e9d22 sp=0x000000387aefdfe8 mode 2
Event: 49.162 Thread 0x00000147a50f8300 Uncommon trap: trap_request=0xffffffde fr.pc=0x0000014793c7c81c relative=0x00000000000002dc
Event: 49.162 Thread 0x00000147a50f8300 Uncommon trap: reason=class_check action=maybe_recompile pc=0x0000014793c7c81c method=java.util.regex.Pattern$BmpCharPropertyGreedy.match(Ljava/util/regex/Matcher;ILjava/lang/CharSequence;)Z @ 26 c2
Event: 49.162 Thread 0x00000147a50f8300 DEOPT PACKING pc=0x0000014793c7c81c sp=0x000000387aefe050
Event: 49.162 Thread 0x00000147a50f8300 DEOPT UNPACKING pc=0x00000147936e9d22 sp=0x000000387aefdfe8 mode 2
Event: 49.162 Thread 0x00000147a50f8300 Uncommon trap: trap_request=0xffffffde fr.pc=0x0000014793c7c81c relative=0x00000000000002dc
Event: 49.162 Thread 0x00000147a50f8300 Uncommon trap: reason=class_check action=maybe_recompile pc=0x0000014793c7c81c method=java.util.regex.Pattern$BmpCharPropertyGreedy.match(Ljava/util/regex/Matcher;ILjava/lang/CharSequence;)Z @ 26 c2
Event: 49.162 Thread 0x00000147a50f8300 DEOPT PACKING pc=0x0000014793c7c81c sp=0x000000387aefe050
Event: 49.162 Thread 0x00000147a50f8300 DEOPT UNPACKING pc=0x00000147936e9d22 sp=0x000000387aefdfe8 mode 2
Event: 430.902 Thread 0x00000147a50f9840 Uncommon trap: trap_request=0xffffffcc fr.pc=0x0000014793cf01ec relative=0x000000000000024c
Event: 430.902 Thread 0x00000147a50f9840 Uncommon trap: reason=intrinsic_or_type_checked_inlining action=make_not_entrant pc=0x0000014793cf01ec method=java.util.Arrays.copyOf([Ljava/lang/Object;ILjava/lang/Class;)[Ljava/lang/Object; @ 35 c2
Event: 430.902 Thread 0x00000147a50f9840 DEOPT PACKING pc=0x0000014793cf01ec sp=0x000000387bfff220
Event: 430.902 Thread 0x00000147a50f9840 DEOPT UNPACKING pc=0x00000147936e9d22 sp=0x000000387bfff1b0 mode 2
Event: 512.158 Thread 0x00000147a50f9840 Uncommon trap: trap_request=0xffffffdc fr.pc=0x0000014793cf1ea8 relative=0x00000000000001a8
Event: 512.158 Thread 0x00000147a50f9840 Uncommon trap: reason=class_check action=make_not_entrant pc=0x0000014793cf1ea8 method=java.util.ArrayList.toArray([Ljava/lang/Object;)[Ljava/lang/Object; @ 21 c2
Event: 512.158 Thread 0x00000147a50f9840 DEOPT PACKING pc=0x0000014793cf1ea8 sp=0x000000387bfff280
Event: 512.158 Thread 0x00000147a50f9840 DEOPT UNPACKING pc=0x00000147936e9d22 sp=0x000000387bfff240 mode 2

Classes loaded (20 events):
Event: 49.158 Loading class java/security/Key done
Event: 49.158 Loading class javax/security/auth/Destroyable
Event: 49.158 Loading class javax/security/auth/Destroyable done
Event: 49.158 Loading class java/security/PrivateKey done
Event: 49.158 Loading class java/security/cert/CertificateException
Event: 49.158 Loading class java/security/cert/CertificateException done
Event: 49.158 Loading class javax/net/ssl/SSLSocket
Event: 49.159 Loading class javax/net/ssl/SSLSocket done
Event: 49.159 Loading class javax/crypto/NoSuchPaddingException
Event: 49.159 Loading class javax/crypto/NoSuchPaddingException done
Event: 49.159 Loading class javax/crypto/IllegalBlockSizeException
Event: 49.159 Loading class javax/crypto/IllegalBlockSizeException done
Event: 49.160 Loading class javax/crypto/BadPaddingException
Event: 49.160 Loading class javax/crypto/BadPaddingException done
Event: 49.160 Loading class java/security/spec/InvalidKeySpecException
Event: 49.160 Loading class java/security/spec/InvalidKeySpecException done
Event: 49.160 Loading class java/security/spec/KeySpec
Event: 49.160 Loading class java/security/spec/KeySpec done
Event: 528.744 Loading class java/awt/KeyboardFocusManager$2
Event: 528.744 Loading class java/awt/KeyboardFocusManager$2 done

Classes unloaded (0 events):
No events

Classes redefined (0 events):
No events

Internal exceptions (20 events):
Event: 0.127 Thread 0x000001478409ad60 Exception <a 'sun/nio/fs/WindowsException'{0x0000000091c5dad8}> (0x0000000091c5dad8) 
thrown [s\open\src\hotspot\share\prims\jni.cpp, line 519]
Event: 0.127 Thread 0x000001478409ad60 Exception <a 'sun/nio/fs/WindowsException'{0x0000000091c5ed40}> (0x0000000091c5ed40) 
thrown [s\open\src\hotspot\share\prims\jni.cpp, line 519]
Event: 0.127 Thread 0x000001478409ad60 Exception <a 'sun/nio/fs/WindowsException'{0x0000000091c5fb98}> (0x0000000091c5fb98) 
thrown [s\open\src\hotspot\share\prims\jni.cpp, line 519]
Event: 0.159 Thread 0x000001478409ad60 Exception <a 'java/lang/ClassNotFoundException'{0x0000000091bcbe98}: sun/awt/resources/spi/awtProvider> (0x0000000091bcbe98) 
thrown [s\open\src\hotspot\share\classfile\systemDictionary.cpp, line 305]
Event: 0.178 Thread 0x000001478409ad60 Exception <a 'java/io/FileNotFoundException'{0x0000000091a22cf0}> (0x0000000091a22cf0) 
thrown [s\open\src\hotspot\share\prims\jni.cpp, line 519]
Event: 0.183 Thread 0x000001478409ad60 Exception <a 'java/io/FileNotFoundException'{0x0000000091a4cce8}> (0x0000000091a4cce8) 
thrown [s\open\src\hotspot\share\prims\jni.cpp, line 519]
Event: 0.292 Thread 0x00000147a506a890 Exception <a 'java/lang/NoSuchMethodError'{0x00000000919cb500}: 'void java.lang.invoke.DirectMethodHandle$Holder.invokeSpecial(java.lang.Object, java.lang.Object, java.lang.Object)'> (0x00000000919cb500) 
thrown [s\open\src\hotspot\share\interpreter\linkResolver.cpp, line 773]
Event: 0.300 Thread 0x00000147a506a890 Exception <a 'java/lang/NoSuchMethodError'{0x0000000091809bb0}: 'java.lang.Object java.lang.invoke.DirectMethodHandle$Holder.newInvokeSpecial(java.lang.Object, java.lang.Object, java.lang.Object, java.lang.Object, java.lang.Object)'> (0x0000000091809bb0) 
thrown [s\open\src\hotspot\share\interpreter\linkResolver.cpp, line 773]
Event: 0.305 Thread 0x00000147a506a890 Exception <a 'java/lang/NoSuchMethodError'{0x000000009183a458}: 'java.lang.Object java.lang.invoke.DirectMethodHandle$Holder.invokeStatic(java.lang.Object, int, java.lang.Object)'> (0x000000009183a458) 
thrown [s\open\src\hotspot\share\interpreter\linkResolver.cpp, line 773]
Event: 0.326 Thread 0x00000147a506a890 Exception <a 'java/lang/ClassNotFoundException'{0x00000000918f5400}: com/sun/swing/internal/plaf/metal/resources/spi/metalProvider> (0x00000000918f5400) 
thrown [s\open\src\hotspot\share\classfile\systemDictionary.cpp, line 305]
Event: 0.327 Thread 0x00000147a506a890 Exception <a 'java/lang/ClassNotFoundException'{0x00000000918f9360}: com/sun/swing/internal/plaf/basic/resources/spi/basicProvider> (0x00000000918f9360) 
thrown [s\open\src\hotspot\share\classfile\systemDictionary.cpp, line 305]
Event: 0.335 Thread 0x00000147a506a890 Exception <a 'java/lang/NoSuchMethodError'{0x0000000091718b20}: 'int java.lang.invoke.Invokers$Holder.invokeExact_MT(java.lang.Object, java.lang.Object)'> (0x0000000091718b20) 
thrown [s\open\src\hotspot\share\interpreter\linkResolver.cpp, line 773]
Event: 0.344 Thread 0x00000147a50147b0 Exception <a 'java/lang/NoSuchMethodError'{0x000000009190f930}: 'void java.lang.invoke.DirectMethodHandle$Holder.invokeVirtual(java.lang.Object, java.lang.Object)'> (0x000000009190f930) 
thrown [s\open\src\hotspot\share\interpreter\linkResolver.cpp, line 773]
Event: 0.357 Thread 0x00000147a506a890 Exception <a 'java/lang/NoSuchMethodError'{0x0000000091741f68}: 'void java.lang.invoke.DirectMethodHandle$Holder.invokeStaticInit(java.lang.Object)'> (0x0000000091741f68) 
thrown [s\open\src\hotspot\share\interpreter\linkResolver.cpp, line 773]
Event: 0.522 Thread 0x00000147a506a890 Exception <a 'java/lang/NoSuchMethodError'{0x00000000916bafa0}: 'java.lang.Object java.lang.invoke.DirectMethodHandle$Holder.invokeInterface(java.lang.Object, java.lang.Object)'> (0x00000000916bafa0) 
thrown [s\open\src\hotspot\share\interpreter\linkResolver.cpp, line 773]
Event: 0.542 Thread 0x00000147a506a890 Exception <a 'java/lang/NoSuchMethodError'{0x0000000091535dc8}: 'void java.lang.invoke.DirectMethodHandle$Holder.invokeStatic(java.lang.Object, java.lang.Object, java.lang.Object)'> (0x0000000091535dc8) 
thrown [s\open\src\hotspot\share\interpreter\linkResolver.cpp, line 773]
Event: 0.543 Thread 0x00000147a506a890 Exception <a 'java/lang/NoSuchMethodError'{0x000000009153f8d8}: 'java.lang.Object java.lang.invoke.DirectMethodHandle$Holder.invokeVirtual(java.lang.Object, java.lang.Object, java.lang.Object)'> (0x000000009153f8d8) 
thrown [s\open\src\hotspot\share\interpreter\linkResolver.cpp, line 773]
Event: 0.628 Thread 0x00000147a506a890 Exception <a 'java/lang/NoSuchMethodError'{0x000000009124a548}: 'void java.lang.invoke.DirectMethodHandle$Holder.invokeStatic(java.lang.Object, java.lang.Object)'> (0x000000009124a548) 
thrown [s\open\src\hotspot\share\interpreter\linkResolver.cpp, line 773]
Event: 0.832 Thread 0x00000147a506a890 Exception <a 'java/lang/NoSuchMethodError'{0x0000000090d0e420}: 'void java.lang.invoke.DirectMethodHandle$Holder.invokeStatic(java.lang.Object, java.lang.Object, java.lang.Object, java.lang.Object)'> (0x0000000090d0e420) 
thrown [s\open\src\hotspot\share\interpreter\linkResolver.cpp, line 773]
Event: 49.164 Thread 0x00000147a50f8300 Exception <a 'java/lang/NoSuchMethodError'{0x0000000091d4e738}: 'void java.lang.invoke.DirectMethodHandle$Holder.invokeStaticInit(java.lang.Object, java.lang.Object)'> (0x0000000091d4e738) 
thrown [s\open\src\hotspot\share\interpreter\linkResolver.cpp, line 773]

VM Operations (20 events):
Event: 26.214 Executing VM operation: Cleanup
Event: 26.214 Executing VM operation: Cleanup done
Event: 47.378 Executing VM operation: Cleanup
Event: 47.379 Executing VM operation: Cleanup done
Event: 48.382 Executing VM operation: Cleanup
Event: 48.383 Executing VM operation: Cleanup done
Event: 49.143 Executing VM operation: G1CollectForAllocation
Event: 49.153 Executing VM operation: G1CollectForAllocation done
Event: 50.167 Executing VM operation: Cleanup
Event: 50.167 Executing VM operation: Cleanup done
Event: 51.175 Executing VM operation: Cleanup
Event: 51.175 Executing VM operation: Cleanup done
Event: 55.205 Executing VM operation: Cleanup
Event: 55.205 Executing VM operation: Cleanup done
Event: 380.676 Executing VM operation: Cleanup
Event: 380.676 Executing VM operation: Cleanup done
Event: 529.735 Executing VM operation: Cleanup
Event: 529.735 Executing VM operation: Cleanup done
Event: 620.416 Executing VM operation: Cleanup
Event: 620.416 Executing VM operation: Cleanup done

Events (20 events):
Event: 0.091 Thread 0x00000147a0b69260 Thread added: 0x00000147a0b69260
Event: 0.091 Thread 0x00000147a0b69ba0 Thread added: 0x00000147a0b69ba0
Event: 0.091 Thread 0x00000147a0b6ee90 Thread added: 0x00000147a0b6ee90
Event: 0.091 Thread 0x00000147a0b6dd20 Thread added: 0x00000147a0b6dd20
Event: 0.091 Thread 0x00000147a0b7d070 Thread added: 0x00000147a0b7d070
Event: 0.109 Thread 0x00000147a0b301c0 Thread added: 0x00000147a0b301c0
Event: 0.138 Thread 0x00000147a4e48f30 Thread added: 0x00000147a4e48f30
Event: 0.141 Thread 0x00000147a0b7d600 Thread added: 0x00000147a0b7d600
Event: 0.206 Thread 0x00000147a4ff95a0 Thread added: 0x00000147a4ff95a0
Event: 0.207 Thread 0x00000147a5014010 Thread added: 0x00000147a5014010
Event: 0.208 Thread 0x00000147a50147b0 Thread added: 0x00000147a50147b0
Event: 0.222 Thread 0x00000147a506a890 Thread added: 0x00000147a506a890
Event: 0.222 Thread 0x000001478409ad60 Thread exited: 0x000001478409ad60
Event: 0.222 Thread 0x000001478409ad60 Thread added: 0x000001478409ad60
Event: 0.486 Thread 0x00000147a0b7d600 Thread exited: 0x00000147a0b7d600
Event: 0.487 Thread 0x00000147a50f8300 Thread added: 0x00000147a50f8300
Event: 0.582 Thread 0x00000147a0b7f1d0 Thread added: 0x00000147a0b7f1d0
Event: 0.854 Thread 0x00000147a50f9840 Thread added: 0x00000147a50f9840
Event: 0.949 Thread 0x00000147a0b7f1d0 Thread exited: 0x00000147a0b7f1d0
Event: 1.418 Thread 0x00000147a50f9d90 Thread added: 0x00000147a50f9d90


Dynamic libraries:
0x00007ff6caa60000 - 0x00007ff6caa70000 	C:\Program Files\Java\jdk-20\bin\java.exe
0x00007ffddf9b0000 - 0x00007ffddfbc7000 	C:\WINDOWS\SYSTEM32\ntdll.dll
0x00007ffdddf30000 - 0x00007ffdddff4000 	C:\WINDOWS\System32\KERNEL32.DLL
0x00007ffddd0b0000 - 0x00007ffddd456000 	C:\WINDOWS\System32\KERNELBASE.dll
0x00007ffddce80000 - 0x00007ffddcf91000 	C:\WINDOWS\System32\ucrtbase.dll
0x00007ffdd58c0000 - 0x00007ffdd58db000 	C:\Program Files\Java\jdk-20\bin\VCRUNTIME140.dll
0x00007ffdcb950000 - 0x00007ffdcb969000 	C:\Program Files\Java\jdk-20\bin\jli.dll
0x00007ffdddc40000 - 0x00007ffdddcf0000 	C:\WINDOWS\System32\ADVAPI32.dll
0x00007ffddf620000 - 0x00007ffddf6c7000 	C:\WINDOWS\System32\msvcrt.dll
0x00007ffddf570000 - 0x00007ffddf616000 	C:\WINDOWS\System32\sechost.dll
0x00007ffdde920000 - 0x00007ffddea37000 	C:\WINDOWS\System32\RPCRT4.dll
0x00007ffddf2a0000 - 0x00007ffddf44d000 	C:\WINDOWS\System32\USER32.dll
0x00007ffdcc220000 - 0x00007ffdcc4b3000 	C:\WINDOWS\WinSxS\amd64_microsoft.windows.common-controls_6595b64144ccf1df_6.0.22621.2361_none_2712ced57382f843\COMCTL32.dll
0x00007ffddce50000 - 0x00007ffddce76000 	C:\WINDOWS\System32\win32u.dll
0x00007ffdde8e0000 - 0x00007ffdde909000 	C:\WINDOWS\System32\GDI32.dll
0x00007ffddcd30000 - 0x00007ffddce48000 	C:\WINDOWS\System32\gdi32full.dll
0x00007ffddcfa0000 - 0x00007ffddd03a000 	C:\WINDOWS\System32\msvcp_win.dll
0x00007ffdd8a60000 - 0x00007ffdd8a6a000 	C:\WINDOWS\SYSTEM32\VERSION.dll
0x00007ffddf4a0000 - 0x00007ffddf4d1000 	C:\WINDOWS\System32\IMM32.DLL
0x00007ffdd8150000 - 0x00007ffdd815c000 	C:\Program Files\Java\jdk-20\bin\vcruntime140_1.dll
0x00007ffdcddc0000 - 0x00007ffdcde4e000 	C:\Program Files\Java\jdk-20\bin\msvcp140.dll
0x00007ffdc3820000 - 0x00007ffdc44b7000 	C:\Program Files\Java\jdk-20\bin\server\jvm.dll
0x00007ffdd80f0000 - 0x00007ffdd8124000 	C:\WINDOWS\SYSTEM32\WINMM.dll
0x00007ffdc5ce0000 - 0x00007ffdc5ce9000 	C:\WINDOWS\SYSTEM32\WSOCK32.dll
0x00007ffddd9d0000 - 0x00007ffddda41000 	C:\WINDOWS\System32\WS2_32.dll
0x00007ffddbd10000 - 0x00007ffddbd28000 	C:\WINDOWS\SYSTEM32\kernel.appcore.dll
0x00007ffdc5c70000 - 0x00007ffdc5c7a000 	C:\Program Files\Java\jdk-20\bin\jimage.dll
0x00007ffdd4b30000 - 0x00007ffdd4d5e000 	C:\WINDOWS\SYSTEM32\DBGHELP.DLL
0x00007ffdde4e0000 - 0x00007ffdde86a000 	C:\WINDOWS\System32\combase.dll
0x00007ffddde50000 - 0x00007ffdddf27000 	C:\WINDOWS\System32\OLEAUT32.dll
0x00007ffdc8750000 - 0x00007ffdc8782000 	C:\WINDOWS\SYSTEM32\dbgcore.DLL
0x00007ffddd460000 - 0x00007ffddd4da000 	C:\WINDOWS\System32\bcryptPrimitives.dll
0x00007ffdc2a60000 - 0x00007ffdc2a86000 	C:\Program Files\Java\jdk-20\bin\java.dll
0x00007ffdc0530000 - 0x00007ffdc0607000 	C:\Program Files\Java\jdk-20\bin\jsvml.dll
0x00007ffddea40000 - 0x00007ffddf298000 	C:\WINDOWS\System32\SHELL32.dll
0x00007ffddac90000 - 0x00007ffddb582000 	C:\WINDOWS\SYSTEM32\windows.storage.dll
0x00007ffddab50000 - 0x00007ffddac8e000 	C:\WINDOWS\SYSTEM32\wintypes.dll
0x00007ffddf870000 - 0x00007ffddf963000 	C:\WINDOWS\System32\SHCORE.dll
0x00007ffdddb90000 - 0x00007ffdddbee000 	C:\WINDOWS\System32\shlwapi.dll
0x00007ffddcc60000 - 0x00007ffddcc86000 	C:\WINDOWS\SYSTEM32\profapi.dll
0x00007ffdb9870000 - 0x00007ffdb9883000 	C:\Program Files\Java\jdk-20\bin\net.dll
0x00007ffdd79f0000 - 0x00007ffdd7b27000 	C:\WINDOWS\SYSTEM32\WINHTTP.dll
0x00007ffddc1f0000 - 0x00007ffddc259000 	C:\WINDOWS\system32\mswsock.dll
0x00007ffdb9820000 - 0x00007ffdb9836000 	C:\Program Files\Java\jdk-20\bin\nio.dll
0x00007ffdb9720000 - 0x00007ffdb9738000 	C:\Program Files\Java\jdk-20\bin\zip.dll
0x00007ffda40f0000 - 0x00007ffda4281000 	C:\Program Files\Java\jdk-20\bin\awt.dll
0x00007ffdd8050000 - 0x00007ffdd80e7000 	C:\WINDOWS\SYSTEM32\apphelp.dll
0x00007ffdda2a0000 - 0x00007ffdda34b000 	C:\WINDOWS\system32\uxtheme.dll
0x00007ffdddd00000 - 0x00007ffddde4c000 	C:\WINDOWS\System32\MSCTF.dll
0x00007ffddf6d0000 - 0x00007ffddf86f000 	C:\WINDOWS\System32\ole32.dll
0x00007ffdda500000 - 0x00007ffdda52b000 	C:\WINDOWS\system32\DWMAPI.DLL
0x00007ffd8aa50000 - 0x00007ffd8ab50000 	C:\WINDOWS\system32\opengl32.dll
0x00007ffd8a960000 - 0x00007ffd8a98d000 	C:\WINDOWS\SYSTEM32\GLU32.dll
0x00007ffdda3b0000 - 0x00007ffdda3e6000 	C:\WINDOWS\SYSTEM32\dxcore.dll
0x00007ffdcf500000 - 0x00007ffdcf6a9000 	C:\WINDOWS\system32\d3d9.dll
0x00007ffdd18b0000 - 0x00007ffdd1a8b000 	C:\WINDOWS\System32\DriverStore\FileRepository\u0371182.inf_amd64_e046f8d87ec91fad\B371034\aticfx64.dll
0x00007ffd97600000 - 0x00007ffd97633000 	C:\WINDOWS\System32\DriverStore\FileRepository\u0371182.inf_amd64_e046f8d87ec91fad\B371034\atiu9p64.dll
0x00007ffd8e210000 - 0x00007ffd8ef1c000 	C:\WINDOWS\System32\DriverStore\FileRepository\u0371182.inf_amd64_e046f8d87ec91fad\B371034\atiumd64.dll
0x0000000063be0000 - 0x0000000064a9e000 	C:\WINDOWS\System32\DriverStore\FileRepository\u0371182.inf_amd64_e046f8d87ec91fad\B371034\atiumd6a.dll
0x00007ffddc600000 - 0x00007ffddc628000 	C:\WINDOWS\SYSTEM32\bcrypt.dll
0x00007ffddcc00000 - 0x00007ffddcc4d000 	C:\WINDOWS\SYSTEM32\POWRPROF.dll
0x00007ffddcbe0000 - 0x00007ffddcbf3000 	C:\WINDOWS\SYSTEM32\UMPDC.dll
0x00007ffdcebd0000 - 0x00007ffdcebff000 	C:\WINDOWS\SYSTEM32\amdihk64.dll
0x00007ffdd4570000 - 0x00007ffdd45ba000 	C:\WINDOWS\SYSTEM32\directxdatabasehelper.dll
0x00007ffdc9f70000 - 0x00007ffdc9ff6000 	C:\Program Files\Java\jdk-20\bin\freetype.dll
0x00007ffdc34e0000 - 0x00007ffdc35a6000 	C:\Program Files\Java\jdk-20\bin\fontmanager.dll
0x00007ffdcb360000 - 0x00007ffdcb4aa000 	C:\WINDOWS\SYSTEM32\textinputframework.dll
0x00007ffddb860000 - 0x00007ffddb959000 	C:\WINDOWS\SYSTEM32\DNSAPI.dll
0x00007ffddb7f0000 - 0x00007ffddb81d000 	C:\WINDOWS\SYSTEM32\IPHLPAPI.DLL
0x00007ffdde910000 - 0x00007ffdde919000 	C:\WINDOWS\System32\NSI.dll
0x00007ffdcb180000 - 0x00007ffdcb18a000 	C:\Windows\System32\rasadhlp.dll
0x00007ffdd4aa0000 - 0x00007ffdd4b24000 	C:\WINDOWS\System32\fwpuclnt.dll
0x00007ffdb4b20000 - 0x00007ffdb4b27000 	C:\Program Files\Java\jdk-20\bin\extnet.dll
0x00007ffddda50000 - 0x00007ffdddb00000 	C:\WINDOWS\System32\clbcatq.dll
0x00007ffdd9ff0000 - 0x00007ffdda1a0000 	C:\WINDOWS\SYSTEM32\WindowsCodecs.dll
0x00007ffdbb300000 - 0x00007ffdbb35e000 	C:\WINDOWS\system32\dataexchange.dll
0x00007ffdd2620000 - 0x00007ffdd28a5000 	C:\WINDOWS\system32\twinapi.appcore.dll
0x00007ffdd7770000 - 0x00007ffdd78a3000 	C:\WINDOWS\SYSTEM32\CoreMessaging.dll
0x00007ffdd3ed0000 - 0x00007ffdd423c000 	C:\WINDOWS\SYSTEM32\CoreUIComponents.dll
0x00007ffddc440000 - 0x00007ffddc44c000 	C:\WINDOWS\SYSTEM32\CRYPTBASE.DLL

dbghelp: loaded successfully - version: 4.0.5 - missing functions: none
symbol engine: initialized successfully - sym options: 0x614 - pdb path: .;C:\Program Files\Java\jdk-20\bin;C:\WINDOWS\SYSTEM32;C:\WINDOWS\WinSxS\amd64_microsoft.windows.common-controls_6595b64144ccf1df_6.0.22621.2361_none_2712ced57382f843;C:\Program Files\Java\jdk-20\bin\server;C:\WINDOWS\System32\DriverStore\FileRepository\u0371182.inf_amd64_e046f8d87ec91fad\B371034

VM Arguments:
jvm_args: -Dfile.encoding=UTF-8 --module-path=C:\Users\Acer\Documents\NetBeansProjects\Trial1\build\classes 
java_command: RequestPage
java_class_path (initial): C:\Users\Acer\Desktop\mysql-connector-j-8.1.0\mysql-connector-j-8.1.0\mysql-connector-j-8.1.0.jar;C:\Users\Acer\Desktop\rs2xml.jar;C:\Users\Acer\Desktop\client-5.6.0-javadoc.jar;C:\Users\Acer\Documents\NetBeansProjects\Trial1\build\classes
Launcher Type: SUN_STANDARD

[Global flags]
     intx CICompilerCount                          = 4                                         {product} {ergonomic}
     uint ConcGCThreads                            = 3                                         {product} {ergonomic}
     uint G1ConcRefinementThreads                  = 10                                        {product} {ergonomic}
   size_t G1HeapRegionSize                         = 1048576                                   {product} {ergonomic}
    uintx GCDrainStackTargetSize                   = 64                                        {product} {ergonomic}
   size_t InitialHeapSize                          = 123731968                                 {product} {ergonomic}
   size_t MarkStackSize                            = 4194304                                   {product} {ergonomic}
   size_t MaxHeapSize                              = 1971322880                                {product} {ergonomic}
   size_t MaxNewSize                               = 1182793728                                {product} {ergonomic}
   size_t MinHeapDeltaBytes                        = 1048576                                   {product} {ergonomic}
   size_t MinHeapSize                              = 8388608                                   {product} {ergonomic}
    uintx NonNMethodCodeHeapSize                   = 5839372                                {pd product} {ergonomic}
    uintx NonProfiledCodeHeapSize                  = 122909434                              {pd product} {ergonomic}
    uintx ProfiledCodeHeapSize                     = 122909434                              {pd product} {ergonomic}
    uintx ReservedCodeCacheSize                    = 251658240                              {pd product} {ergonomic}
     bool SegmentedCodeCache                       = true                                      {product} {ergonomic}
   size_t SoftMaxHeapSize                          = 1971322880                             {manageable} {ergonomic}
     bool UseCompressedClassPointers               = true                           {product lp64_product} {ergonomic}
     bool UseCompressedOops                        = true                           {product lp64_product} {ergonomic}
     bool UseG1GC                                  = true                                      {product} {ergonomic}
     bool UseLargePagesIndividualAllocation        = false                                  {pd product} {ergonomic}

Logging:
Log output configuration:
 #0: stdout all=warning uptime,level,tags foldmultilines=false
 #1: stderr all=off uptime,level,tags foldmultilines=false

Environment Variables:
PATH=C:\Python311\Scripts\;C:\Python311\;C:\Users\Acer\Documents\JAVA-CODES;C:\Program Files\MySQL\MySQL Shell 8.0\bin\;C:\Users\Acer\AppData\Local\Microsoft\WindowsApps;C:\Users\Acer\AppData\Local\Programs\Microsoft VS Code\bin;C:\MinGW\bin;C:\Program Files\MongoDB\Tools\100\bin;C:\Users\Acer\AppData\Roaming\npm;C:\Program Files\MongoDB\Server\6.0\bin\;C:\Program Files\mongosh\mongosh-1.10.3-win32-x64\bin;C:\Program Files\Java\jdk-20\bin\;C:\Program Files\nodejs;C:\Users\Acer\AppData\Roaming\nvm;C:\Program Files\nodejs;C:\Users\Acer\Desktop\mongodb-database-tools-windows-x86_64-100.7.5\mongodb-database-tools-windows-x86_64-100.7.5\bin;C:\Program Files\Git\cmd;C:\Program Files\nodejs\;C:\Program Files\nodejs\node_modules\npm\bin;C:\Program Files\NetBeans-18\netbeans\bin;C:\Program Files\MySQL\MySQL Shell 8.0\bin;C:\Program Files\MySQL;C:\Program Files\MySQL\MySQL Shell 8.0\bin\;C:\Users\Acer\AppData\Local\Microsoft\WindowsApps;C:\Users\Acer\AppData\Local\Programs\Microsoft VS Code\bin;C:\MinGW\bin;C:\Program Files\MongoDB\Tools\100\bin;C:\Program Files\MongoDB\Server\6.0\bin\;C:\Program Files\mongosh\mongosh-1.10.3-win32-x64\bin;C:\Users\Acer\AppData\Roaming\nvm;C:\Program Files\nodejs;C:\Users\Acer\AppData\Roaming\npm
USERNAME=Acer
OS=Windows_NT
PROCESSOR_IDENTIFIER=AMD64 Family 23 Model 104 Stepping 1, AuthenticAMD
TMP=C:\Users\Acer\AppData\Local\Temp
TEMP=C:\Users\Acer\AppData\Local\Temp




---------------  S Y S T E M  ---------------

OS:
 Windows 11 , 64 bit Build 22621 (10.0.22621.2428)
OS uptime: 1 days 2:10 hours

CPU: total 12 (initial active 12) (12 cores per cpu, 2 threads per core) family 23 model 104 stepping 1 microcode 0x0, cx8, cmov, fxsr, ht, mmx, 3dnowpref, sse, sse2, sse3, ssse3, sse4a, sse4.1, sse4.2, popcnt, lzcnt, tsc, tscinvbit, avx, avx2, aes, clmul, bmi1, bmi2, adx, sha, fma, vzeroupper, clflush, clflushopt, rdtscp, rdpid, f16c

Memory: 4k page, system-wide physical 7514M (389M free)
TotalPageFile size 31066M (AvailPageFile size 0M)
current process WorkingSet (physical memory assigned to process): 113M, peak: 145M
current process commit charge ("private bytes"): 292M, peak: 299M

vm_info: Java HotSpot(TM) 64-Bit Server VM (20.0.1+9-29) for windows-amd64 JRE (20.0.1+9-29), built on 2023-03-07T13:56:11Z by "mach5one" with MS VC++ 17.1 (VS2022)

END.
