#
# There is insufficient memory for the Java Runtime Environment to continue.
# Native memory allocation (mmap) failed to map 65536 bytes for Failed to commit metaspace.
# Possible reasons:
#   The system is out of physical RAM or swap space
#   The process is running with CompressedOops enabled, and the Java Heap may be blocking the growth of the native heap
# Possible solutions:
#   Reduce memory load on the system
#   Increase physical memory or swap space
#   Check if swap backing store is full
#   Decrease Java heap size (-Xmx/-Xms)
#   Decrease number of Java threads
#   Decrease Java thread stack sizes (-Xss)
#   Set larger code cache with -XX:ReservedCodeCacheSize=
#   JVM is running with Unscaled Compressed Oops mode in which the Java heap is
#     placed in the first 4GB address space. The Java Heap base address is the
#     maximum limit for the native heap growth. Please use -XX:HeapBaseMinAddress
#     to set the Java Heap base and to place the Java Heap above 4GB virtual address.
# This output file may be truncated or incomplete.
#
#  Out of Memory Error (virtualSpaceNode.cpp:110), pid=25236, tid=18856
#
# JRE version: Java(TM) SE Runtime Environment (20.0.1+9) (build 20.0.1+9-29)
# Java VM: Java HotSpot(TM) 64-Bit Server VM (20.0.1+9-29, mixed mode, sharing, tiered, compressed oops, compressed class ptrs, g1 gc, windows-amd64)
# No core dump will be written. Minidumps are not enabled by default on client versions of Windows
#

---------------  S U M M A R Y ------------

Command Line: -Dfile.encoding=UTF-8 --module-path=C:\Users\Acer\Documents\NetBeansProjects\Trial1\build\classes View

Host: AMD Ryzen 5 5500U with Radeon Graphics         , 12 cores, 7G,  Windows 11 , 64 bit Build 22621 (10.0.22621.2428)
Time: Wed Oct 25 01:11:30 2023 India Standard Time elapsed time: 0.097402 seconds (0d 0h 0m 0s)

---------------  T H R E A D  ---------------

Current thread (0x000002bc42279690):  JavaThread "main" [_thread_in_vm, id=18856, stack(0x000000d0ceb00000,0x000000d0cec00000)]

Stack: [0x000000d0ceb00000,0x000000d0cec00000]
Native frames: (J=compiled Java code, j=interpreted, Vv=VM code, C=native code)
V  [jvm.dll+0x6bb95a]
V  [jvm.dll+0x8485fa]
V  [jvm.dll+0x84a1f5]
V  [jvm.dll+0x84a8f3]
V  [jvm.dll+0x280b0f]
V  [jvm.dll+0x84453b]
V  [jvm.dll+0x65fd86]
V  [jvm.dll+0x65fdea]
V  [jvm.dll+0x6626c3]
V  [jvm.dll+0x66258e]
V  [jvm.dll+0x66079e]
V  [jvm.dll+0x26da71]
V  [jvm.dll+0x21bea7]
V  [jvm.dll+0x211780]
V  [jvm.dll+0x59c26c]
V  [jvm.dll+0x222d6a]
V  [jvm.dll+0x7c2cb4]
V  [jvm.dll+0x7c3dff]
V  [jvm.dll+0x7c43af]
V  [jvm.dll+0x7c4058]
V  [jvm.dll+0x27024b]
V  [jvm.dll+0x3d84fe]
C  0x000002bc5188f85f

Java frames: (J=compiled Java code, j=interpreted, Vv=VM code)
j  sun.security.util.SecurityConstants.<clinit>()V+238 java.base@20.0.1
v  ~StubRoutines::call_stub 0x000002bc5186100d
j  java.util.ResourceBundle$ResourceBundleProviderHelper.loadResourceBundle(Ljava/lang/Module;Ljava/lang/Module;Ljava/lang/String;Ljava/util/Locale;)Ljava/util/ResourceBundle;+29 java.base@20.0.1
j  java.util.ResourceBundle.loadBundle(Ljava/util/ResourceBundle$CacheKey;Ljava/util/List;Ljava/util/ResourceBundle$Control;Ljava/lang/Module;Ljava/lang/Module;)Ljava/util/ResourceBundle;+259 java.base@20.0.1
j  java.util.ResourceBundle.findBundle(Ljava/lang/Module;Ljava/lang/Module;Ljava/util/ResourceBundle$CacheKey;Ljava/util/List;Ljava/util/List;ILjava/util/ResourceBundle$Control;Ljava/util/ResourceBundle;)Ljava/util/ResourceBundle;+249 java.base@20.0.1
j  java.util.ResourceBundle.findBundle(Ljava/lang/Module;Ljava/lang/Module;Ljava/util/ResourceBundle$CacheKey;Ljava/util/List;Ljava/util/List;ILjava/util/ResourceBundle$Control;Ljava/util/ResourceBundle;)Ljava/util/ResourceBundle;+43 java.base@20.0.1
j  java.util.ResourceBundle.findBundle(Ljava/lang/Module;Ljava/lang/Module;Ljava/util/ResourceBundle$CacheKey;Ljava/util/List;Ljava/util/List;ILjava/util/ResourceBundle$Control;Ljava/util/ResourceBundle;)Ljava/util/ResourceBundle;+43 java.base@20.0.1
j  java.util.ResourceBundle.getBundleImpl(Ljava/lang/Module;Ljava/lang/Module;Ljava/lang/String;Ljava/util/Locale;Ljava/util/ResourceBundle$Control;)Ljava/util/ResourceBundle;+196 java.base@20.0.1
j  java.util.ResourceBundle.getBundleImpl(Ljava/lang/String;Ljava/util/Locale;Ljava/lang/Class;Ljava/lang/ClassLoader;Ljava/util/ResourceBundle$Control;)Ljava/util/ResourceBundle;+31 java.base@20.0.1
j  java.util.ResourceBundle.getBundleImpl(Ljava/lang/String;Ljava/util/Locale;Ljava/lang/Class;Ljava/util/ResourceBundle$Control;)Ljava/util/ResourceBundle;+15 java.base@20.0.1
j  java.util.ResourceBundle.getBundle(Ljava/lang/String;)Ljava/util/ResourceBundle;+14 java.base@20.0.1
j  java.awt.Toolkit$4.run()Ljava/lang/Void;+2 java.desktop@20.0.1
j  java.awt.Toolkit$4.run()Ljava/lang/Object;+1 java.desktop@20.0.1
j  java.security.AccessController.executePrivileged(Ljava/security/PrivilegedAction;Ljava/security/AccessControlContext;Ljava/lang/Class;)Ljava/lang/Object;+29 java.base@20.0.1
j  java.security.AccessController.doPrivileged(Ljava/security/PrivilegedAction;)Ljava/lang/Object;+5 java.base@20.0.1
j  java.awt.Toolkit.initStatic()V+17 java.desktop@20.0.1
j  java.awt.Toolkit.<clinit>()V+20 java.desktop@20.0.1
v  ~StubRoutines::call_stub 0x000002bc5186100d
j  java.awt.Component.<clinit>()V+93 java.desktop@20.0.1
v  ~StubRoutines::call_stub 0x000002bc5186100d

---------------  P R O C E S S  ---------------

Threads class SMR info:
_java_thread_list=0x000002bc631537f0, length=11, elements={
0x000002bc42279690, 0x000002bc5ed31fc0, 0x000002bc5ed33bd0, 0x000002bc5ed37d10,
0x000002bc5ed39af0, 0x000002bc5ed3a430, 0x000002bc5ed3b510, 0x000002bc5ed41d60,
0x000002bc5ed49d20, 0x000002bc630bf5e0, 0x000002bc63179200
}

Java Threads: ( => current thread )
=>0x000002bc42279690 JavaThread "main" [_thread_in_vm, id=18856, stack(0x000000d0ceb00000,0x000000d0cec00000)]
  0x000002bc5ed31fc0 JavaThread "Reference Handler" daemon [_thread_blocked, id=17180, stack(0x000000d0cf200000,0x000000d0cf300000)]
  0x000002bc5ed33bd0 JavaThread "Finalizer" daemon [_thread_blocked, id=4828, stack(0x000000d0cf300000,0x000000d0cf400000)]
  0x000002bc5ed37d10 JavaThread "Signal Dispatcher" daemon [_thread_blocked, id=23700, stack(0x000000d0cf400000,0x000000d0cf500000)]
  0x000002bc5ed39af0 JavaThread "Attach Listener" daemon [_thread_blocked, id=19980, stack(0x000000d0cf500000,0x000000d0cf600000)]
  0x000002bc5ed3a430 JavaThread "Service Thread" daemon [_thread_blocked, id=17868, stack(0x000000d0cf600000,0x000000d0cf700000)]
  0x000002bc5ed3b510 JavaThread "Monitor Deflation Thread" daemon [_thread_blocked, id=32308, stack(0x000000d0cf700000,0x000000d0cf800000)]
  0x000002bc5ed41d60 JavaThread "C2 CompilerThread0" daemon [_thread_blocked, id=29412, stack(0x000000d0cf800000,0x000000d0cf900000)]
  0x000002bc5ed49d20 JavaThread "C1 CompilerThread0" daemon [_thread_blocked, id=21892, stack(0x000000d0cf900000,0x000000d0cfa00000)]
  0x000002bc630bf5e0 JavaThread "Common-Cleaner" daemon [_thread_blocked, id=26880, stack(0x000000d0cfa00000,0x000000d0cfb00000)]
  0x000002bc63179200 JavaThread "Notification Thread" daemon [_thread_blocked, id=30700, stack(0x000000d0cfb00000,0x000000d0cfc00000)]

Other Threads:
  0x000002bc5ed13df0 VMThread "VM Thread" [stack: 0x000000d0cf100000,0x000000d0cf200000] [id=18148]
  0x000002bc631deb10 WatcherThread "VM Periodic Task Thread" [stack: 0x000000d0cfc00000,0x000000d0cfd00000] [id=20820]
  0x000002bc422d6000 WorkerThread "GC Thread#0" [stack: 0x000000d0cec00000,0x000000d0ced00000] [id=28588]
  0x000002bc422e5a10 ConcurrentGCThread "G1 Main Marker" [stack: 0x000000d0ced00000,0x000000d0cee00000] [id=19688]
  0x000002bc422e65e0 WorkerThread "G1 Conc#0" [stack: 0x000000d0cee00000,0x000000d0cef00000] [id=23984]
  0x000002bc5ebd44e0 ConcurrentGCThread "G1 Refine#0" [stack: 0x000000d0cef00000,0x000000d0cf000000] [id=8732]
  0x000002bc4233ae30 ConcurrentGCThread "G1 Service" [stack: 0x000000d0cf000000,0x000000d0cf100000] [id=1448]

Threads with active compile tasks:

VM state: not at safepoint (normal execution)

VM Mutex/Monitor currently owned by a thread:  ([mutex/lock_event])
[0x000002bc42273250] Metaspace_lock - owner thread: 0x000002bc42279690

Heap address: 0x000000008a800000, size: 1880 MB, Compressed Oops mode: 32-bit

CDS archive(s) mapped at: [0x0000000800000000-0x0000000800c60000-0x0000000800c60000), size 12976128, SharedBaseAddress: 0x0000000800000000, ArchiveRelocationMode: 0.
Compressed class space mapped at: 0x0000000801000000-0x0000000841000000, reserved size: 1073741824
Narrow klass base: 0x0000000800000000, Narrow klass shift: 0, Narrow klass range: 0x100000000

GC Precious Log:
 CardTable entry size: 512
 Card Set container configuration: InlinePtr #cards 5 size 8 Array Of Cards #cards 12 size 40 Howl #buckets 4 coarsen threshold 1843 Howl Bitmap #cards 512 size 80 coarsen threshold 460 Card regions per heap region 1 cards per card region 2048
 CPUs: 12 total, 12 available
 Memory: 7514M
 Large Page Support: Disabled
 NUMA Support: Disabled
 Compressed Oops: Enabled (32-bit)
 Heap Region Size: 1M
 Heap Min Capacity: 8M
 Heap Initial Capacity: 118M
 Heap Max Capacity: 1880M
 Pre-touch: Disabled
 Parallel Workers: 10
 Concurrent Workers: 3
 Concurrent Refinement Workers: 10
 Periodic GC: Disabled

Heap:
 garbage-first heap   total 120832K, used 2048K [0x000000008a800000, 0x0000000100000000)
  region size 1024K, 3 young (3072K), 0 survivors (0K)
 Metaspace       used 1050K, committed 1216K, reserved 1114112K
  class space    used 84K, committed 192K, reserved 1048576K

Heap Regions: E=young(eden), S=young(survivor), O=old, HS=humongous(starts), HC=humongous(continues), CS=collection set, F=free, OA=open archive, CA=closed archive, TAMS=top-at-mark-start, PB=parsable bottom
|   0|0x000000008a800000, 0x000000008a800000, 0x000000008a900000|  0%| F|  |TAMS 0x000000008a800000| PB 0x000000008a800000| Untracked 
|   1|0x000000008a900000, 0x000000008a900000, 0x000000008aa00000|  0%| F|  |TAMS 0x000000008a900000| PB 0x000000008a900000| Untracked 
|   2|0x000000008aa00000, 0x000000008aa00000, 0x000000008ab00000|  0%| F|  |TAMS 0x000000008aa00000| PB 0x000000008aa00000| Untracked 
|   3|0x000000008ab00000, 0x000000008ab00000, 0x000000008ac00000|  0%| F|  |TAMS 0x000000008ab00000| PB 0x000000008ab00000| Untracked 
|   4|0x000000008ac00000, 0x000000008ac00000, 0x000000008ad00000|  0%| F|  |TAMS 0x000000008ac00000| PB 0x000000008ac00000| Untracked 
|   5|0x000000008ad00000, 0x000000008ad00000, 0x000000008ae00000|  0%| F|  |TAMS 0x000000008ad00000| PB 0x000000008ad00000| Untracked 
|   6|0x000000008ae00000, 0x000000008ae00000, 0x000000008af00000|  0%| F|  |TAMS 0x000000008ae00000| PB 0x000000008ae00000| Untracked 
|   7|0x000000008af00000, 0x000000008af00000, 0x000000008b000000|  0%| F|  |TAMS 0x000000008af00000| PB 0x000000008af00000| Untracked 
|   8|0x000000008b000000, 0x000000008b000000, 0x000000008b100000|  0%| F|  |TAMS 0x000000008b000000| PB 0x000000008b000000| Untracked 
|   9|0x000000008b100000, 0x000000008b100000, 0x000000008b200000|  0%| F|  |TAMS 0x000000008b100000| PB 0x000000008b100000| Untracked 
|  10|0x000000008b200000, 0x000000008b200000, 0x000000008b300000|  0%| F|  |TAMS 0x000000008b200000| PB 0x000000008b200000| Untracked 
|  11|0x000000008b300000, 0x000000008b300000, 0x000000008b400000|  0%| F|  |TAMS 0x000000008b300000| PB 0x000000008b300000| Untracked 
|  12|0x000000008b400000, 0x000000008b400000, 0x000000008b500000|  0%| F|  |TAMS 0x000000008b400000| PB 0x000000008b400000| Untracked 
|  13|0x000000008b500000, 0x000000008b500000, 0x000000008b600000|  0%| F|  |TAMS 0x000000008b500000| PB 0x000000008b500000| Untracked 
|  14|0x000000008b600000, 0x000000008b600000, 0x000000008b700000|  0%| F|  |TAMS 0x000000008b600000| PB 0x000000008b600000| Untracked 
|  15|0x000000008b700000, 0x000000008b700000, 0x000000008b800000|  0%| F|  |TAMS 0x000000008b700000| PB 0x000000008b700000| Untracked 
|  16|0x000000008b800000, 0x000000008b800000, 0x000000008b900000|  0%| F|  |TAMS 0x000000008b800000| PB 0x000000008b800000| Untracked 
|  17|0x000000008b900000, 0x000000008b900000, 0x000000008ba00000|  0%| F|  |TAMS 0x000000008b900000| PB 0x000000008b900000| Untracked 
|  18|0x000000008ba00000, 0x000000008ba00000, 0x000000008bb00000|  0%| F|  |TAMS 0x000000008ba00000| PB 0x000000008ba00000| Untracked 
|  19|0x000000008bb00000, 0x000000008bb00000, 0x000000008bc00000|  0%| F|  |TAMS 0x000000008bb00000| PB 0x000000008bb00000| Untracked 
|  20|0x000000008bc00000, 0x000000008bc00000, 0x000000008bd00000|  0%| F|  |TAMS 0x000000008bc00000| PB 0x000000008bc00000| Untracked 
|  21|0x000000008bd00000, 0x000000008bd00000, 0x000000008be00000|  0%| F|  |TAMS 0x000000008bd00000| PB 0x000000008bd00000| Untracked 
|  22|0x000000008be00000, 0x000000008be00000, 0x000000008bf00000|  0%| F|  |TAMS 0x000000008be00000| PB 0x000000008be00000| Untracked 
|  23|0x000000008bf00000, 0x000000008bf00000, 0x000000008c000000|  0%| F|  |TAMS 0x000000008bf00000| PB 0x000000008bf00000| Untracked 
|  24|0x000000008c000000, 0x000000008c000000, 0x000000008c100000|  0%| F|  |TAMS 0x000000008c000000| PB 0x000000008c000000| Untracked 
|  25|0x000000008c100000, 0x000000008c100000, 0x000000008c200000|  0%| F|  |TAMS 0x000000008c100000| PB 0x000000008c100000| Untracked 
|  26|0x000000008c200000, 0x000000008c200000, 0x000000008c300000|  0%| F|  |TAMS 0x000000008c200000| PB 0x000000008c200000| Untracked 
|  27|0x000000008c300000, 0x000000008c300000, 0x000000008c400000|  0%| F|  |TAMS 0x000000008c300000| PB 0x000000008c300000| Untracked 
|  28|0x000000008c400000, 0x000000008c400000, 0x000000008c500000|  0%| F|  |TAMS 0x000000008c400000| PB 0x000000008c400000| Untracked 
|  29|0x000000008c500000, 0x000000008c500000, 0x000000008c600000|  0%| F|  |TAMS 0x000000008c500000| PB 0x000000008c500000| Untracked 
|  30|0x000000008c600000, 0x000000008c600000, 0x000000008c700000|  0%| F|  |TAMS 0x000000008c600000| PB 0x000000008c600000| Untracked 
|  31|0x000000008c700000, 0x000000008c700000, 0x000000008c800000|  0%| F|  |TAMS 0x000000008c700000| PB 0x000000008c700000| Untracked 
|  32|0x000000008c800000, 0x000000008c800000, 0x000000008c900000|  0%| F|  |TAMS 0x000000008c800000| PB 0x000000008c800000| Untracked 
|  33|0x000000008c900000, 0x000000008c900000, 0x000000008ca00000|  0%| F|  |TAMS 0x000000008c900000| PB 0x000000008c900000| Untracked 
|  34|0x000000008ca00000, 0x000000008ca00000, 0x000000008cb00000|  0%| F|  |TAMS 0x000000008ca00000| PB 0x000000008ca00000| Untracked 
|  35|0x000000008cb00000, 0x000000008cb00000, 0x000000008cc00000|  0%| F|  |TAMS 0x000000008cb00000| PB 0x000000008cb00000| Untracked 
|  36|0x000000008cc00000, 0x000000008cc00000, 0x000000008cd00000|  0%| F|  |TAMS 0x000000008cc00000| PB 0x000000008cc00000| Untracked 
|  37|0x000000008cd00000, 0x000000008cd00000, 0x000000008ce00000|  0%| F|  |TAMS 0x000000008cd00000| PB 0x000000008cd00000| Untracked 
|  38|0x000000008ce00000, 0x000000008ce00000, 0x000000008cf00000|  0%| F|  |TAMS 0x000000008ce00000| PB 0x000000008ce00000| Untracked 
|  39|0x000000008cf00000, 0x000000008cf00000, 0x000000008d000000|  0%| F|  |TAMS 0x000000008cf00000| PB 0x000000008cf00000| Untracked 
|  40|0x000000008d000000, 0x000000008d000000, 0x000000008d100000|  0%| F|  |TAMS 0x000000008d000000| PB 0x000000008d000000| Untracked 
|  41|0x000000008d100000, 0x000000008d100000, 0x000000008d200000|  0%| F|  |TAMS 0x000000008d100000| PB 0x000000008d100000| Untracked 
|  42|0x000000008d200000, 0x000000008d200000, 0x000000008d300000|  0%| F|  |TAMS 0x000000008d200000| PB 0x000000008d200000| Untracked 
|  43|0x000000008d300000, 0x000000008d300000, 0x000000008d400000|  0%| F|  |TAMS 0x000000008d300000| PB 0x000000008d300000| Untracked 
|  44|0x000000008d400000, 0x000000008d400000, 0x000000008d500000|  0%| F|  |TAMS 0x000000008d400000| PB 0x000000008d400000| Untracked 
|  45|0x000000008d500000, 0x000000008d500000, 0x000000008d600000|  0%| F|  |TAMS 0x000000008d500000| PB 0x000000008d500000| Untracked 
|  46|0x000000008d600000, 0x000000008d600000, 0x000000008d700000|  0%| F|  |TAMS 0x000000008d600000| PB 0x000000008d600000| Untracked 
|  47|0x000000008d700000, 0x000000008d700000, 0x000000008d800000|  0%| F|  |TAMS 0x000000008d700000| PB 0x000000008d700000| Untracked 
|  48|0x000000008d800000, 0x000000008d800000, 0x000000008d900000|  0%| F|  |TAMS 0x000000008d800000| PB 0x000000008d800000| Untracked 
|  49|0x000000008d900000, 0x000000008d900000, 0x000000008da00000|  0%| F|  |TAMS 0x000000008d900000| PB 0x000000008d900000| Untracked 
|  50|0x000000008da00000, 0x000000008da00000, 0x000000008db00000|  0%| F|  |TAMS 0x000000008da00000| PB 0x000000008da00000| Untracked 
|  51|0x000000008db00000, 0x000000008db00000, 0x000000008dc00000|  0%| F|  |TAMS 0x000000008db00000| PB 0x000000008db00000| Untracked 
|  52|0x000000008dc00000, 0x000000008dc00000, 0x000000008dd00000|  0%| F|  |TAMS 0x000000008dc00000| PB 0x000000008dc00000| Untracked 
|  53|0x000000008dd00000, 0x000000008dd00000, 0x000000008de00000|  0%| F|  |TAMS 0x000000008dd00000| PB 0x000000008dd00000| Untracked 
|  54|0x000000008de00000, 0x000000008de00000, 0x000000008df00000|  0%| F|  |TAMS 0x000000008de00000| PB 0x000000008de00000| Untracked 
|  55|0x000000008df00000, 0x000000008df00000, 0x000000008e000000|  0%| F|  |TAMS 0x000000008df00000| PB 0x000000008df00000| Untracked 
|  56|0x000000008e000000, 0x000000008e000000, 0x000000008e100000|  0%| F|  |TAMS 0x000000008e000000| PB 0x000000008e000000| Untracked 
|  57|0x000000008e100000, 0x000000008e100000, 0x000000008e200000|  0%| F|  |TAMS 0x000000008e100000| PB 0x000000008e100000| Untracked 
|  58|0x000000008e200000, 0x000000008e200000, 0x000000008e300000|  0%| F|  |TAMS 0x000000008e200000| PB 0x000000008e200000| Untracked 
|  59|0x000000008e300000, 0x000000008e300000, 0x000000008e400000|  0%| F|  |TAMS 0x000000008e300000| PB 0x000000008e300000| Untracked 
|  60|0x000000008e400000, 0x000000008e400000, 0x000000008e500000|  0%| F|  |TAMS 0x000000008e400000| PB 0x000000008e400000| Untracked 
|  61|0x000000008e500000, 0x000000008e500000, 0x000000008e600000|  0%| F|  |TAMS 0x000000008e500000| PB 0x000000008e500000| Untracked 
|  62|0x000000008e600000, 0x000000008e600000, 0x000000008e700000|  0%| F|  |TAMS 0x000000008e600000| PB 0x000000008e600000| Untracked 
|  63|0x000000008e700000, 0x000000008e700000, 0x000000008e800000|  0%| F|  |TAMS 0x000000008e700000| PB 0x000000008e700000| Untracked 
|  64|0x000000008e800000, 0x000000008e800000, 0x000000008e900000|  0%| F|  |TAMS 0x000000008e800000| PB 0x000000008e800000| Untracked 
|  65|0x000000008e900000, 0x000000008e900000, 0x000000008ea00000|  0%| F|  |TAMS 0x000000008e900000| PB 0x000000008e900000| Untracked 
|  66|0x000000008ea00000, 0x000000008ea00000, 0x000000008eb00000|  0%| F|  |TAMS 0x000000008ea00000| PB 0x000000008ea00000| Untracked 
|  67|0x000000008eb00000, 0x000000008eb00000, 0x000000008ec00000|  0%| F|  |TAMS 0x000000008eb00000| PB 0x000000008eb00000| Untracked 
|  68|0x000000008ec00000, 0x000000008ec00000, 0x000000008ed00000|  0%| F|  |TAMS 0x000000008ec00000| PB 0x000000008ec00000| Untracked 
|  69|0x000000008ed00000, 0x000000008ed00000, 0x000000008ee00000|  0%| F|  |TAMS 0x000000008ed00000| PB 0x000000008ed00000| Untracked 
|  70|0x000000008ee00000, 0x000000008ee00000, 0x000000008ef00000|  0%| F|  |TAMS 0x000000008ee00000| PB 0x000000008ee00000| Untracked 
|  71|0x000000008ef00000, 0x000000008ef00000, 0x000000008f000000|  0%| F|  |TAMS 0x000000008ef00000| PB 0x000000008ef00000| Untracked 
|  72|0x000000008f000000, 0x000000008f000000, 0x000000008f100000|  0%| F|  |TAMS 0x000000008f000000| PB 0x000000008f000000| Untracked 
|  73|0x000000008f100000, 0x000000008f100000, 0x000000008f200000|  0%| F|  |TAMS 0x000000008f100000| PB 0x000000008f100000| Untracked 
|  74|0x000000008f200000, 0x000000008f200000, 0x000000008f300000|  0%| F|  |TAMS 0x000000008f200000| PB 0x000000008f200000| Untracked 
|  75|0x000000008f300000, 0x000000008f300000, 0x000000008f400000|  0%| F|  |TAMS 0x000000008f300000| PB 0x000000008f300000| Untracked 
|  76|0x000000008f400000, 0x000000008f400000, 0x000000008f500000|  0%| F|  |TAMS 0x000000008f400000| PB 0x000000008f400000| Untracked 
|  77|0x000000008f500000, 0x000000008f500000, 0x000000008f600000|  0%| F|  |TAMS 0x000000008f500000| PB 0x000000008f500000| Untracked 
|  78|0x000000008f600000, 0x000000008f600000, 0x000000008f700000|  0%| F|  |TAMS 0x000000008f600000| PB 0x000000008f600000| Untracked 
|  79|0x000000008f700000, 0x000000008f700000, 0x000000008f800000|  0%| F|  |TAMS 0x000000008f700000| PB 0x000000008f700000| Untracked 
|  80|0x000000008f800000, 0x000000008f800000, 0x000000008f900000|  0%| F|  |TAMS 0x000000008f800000| PB 0x000000008f800000| Untracked 
|  81|0x000000008f900000, 0x000000008f900000, 0x000000008fa00000|  0%| F|  |TAMS 0x000000008f900000| PB 0x000000008f900000| Untracked 
|  82|0x000000008fa00000, 0x000000008fa00000, 0x000000008fb00000|  0%| F|  |TAMS 0x000000008fa00000| PB 0x000000008fa00000| Untracked 
|  83|0x000000008fb00000, 0x000000008fb00000, 0x000000008fc00000|  0%| F|  |TAMS 0x000000008fb00000| PB 0x000000008fb00000| Untracked 
|  84|0x000000008fc00000, 0x000000008fc00000, 0x000000008fd00000|  0%| F|  |TAMS 0x000000008fc00000| PB 0x000000008fc00000| Untracked 
|  85|0x000000008fd00000, 0x000000008fd00000, 0x000000008fe00000|  0%| F|  |TAMS 0x000000008fd00000| PB 0x000000008fd00000| Untracked 
|  86|0x000000008fe00000, 0x000000008fe00000, 0x000000008ff00000|  0%| F|  |TAMS 0x000000008fe00000| PB 0x000000008fe00000| Untracked 
|  87|0x000000008ff00000, 0x000000008ff00000, 0x0000000090000000|  0%| F|  |TAMS 0x000000008ff00000| PB 0x000000008ff00000| Untracked 
|  88|0x0000000090000000, 0x0000000090000000, 0x0000000090100000|  0%| F|  |TAMS 0x0000000090000000| PB 0x0000000090000000| Untracked 
|  89|0x0000000090100000, 0x0000000090100000, 0x0000000090200000|  0%| F|  |TAMS 0x0000000090100000| PB 0x0000000090100000| Untracked 
|  90|0x0000000090200000, 0x0000000090200000, 0x0000000090300000|  0%| F|  |TAMS 0x0000000090200000| PB 0x0000000090200000| Untracked 
|  91|0x0000000090300000, 0x0000000090300000, 0x0000000090400000|  0%| F|  |TAMS 0x0000000090300000| PB 0x0000000090300000| Untracked 
|  92|0x0000000090400000, 0x0000000090400000, 0x0000000090500000|  0%| F|  |TAMS 0x0000000090400000| PB 0x0000000090400000| Untracked 
|  93|0x0000000090500000, 0x0000000090500000, 0x0000000090600000|  0%| F|  |TAMS 0x0000000090500000| PB 0x0000000090500000| Untracked 
|  94|0x0000000090600000, 0x0000000090600000, 0x0000000090700000|  0%| F|  |TAMS 0x0000000090600000| PB 0x0000000090600000| Untracked 
|  95|0x0000000090700000, 0x0000000090700000, 0x0000000090800000|  0%| F|  |TAMS 0x0000000090700000| PB 0x0000000090700000| Untracked 
|  96|0x0000000090800000, 0x0000000090800000, 0x0000000090900000|  0%| F|  |TAMS 0x0000000090800000| PB 0x0000000090800000| Untracked 
|  97|0x0000000090900000, 0x0000000090900000, 0x0000000090a00000|  0%| F|  |TAMS 0x0000000090900000| PB 0x0000000090900000| Untracked 
|  98|0x0000000090a00000, 0x0000000090a00000, 0x0000000090b00000|  0%| F|  |TAMS 0x0000000090a00000| PB 0x0000000090a00000| Untracked 
|  99|0x0000000090b00000, 0x0000000090b00000, 0x0000000090c00000|  0%| F|  |TAMS 0x0000000090b00000| PB 0x0000000090b00000| Untracked 
| 100|0x0000000090c00000, 0x0000000090c00000, 0x0000000090d00000|  0%| F|  |TAMS 0x0000000090c00000| PB 0x0000000090c00000| Untracked 
| 101|0x0000000090d00000, 0x0000000090d00000, 0x0000000090e00000|  0%| F|  |TAMS 0x0000000090d00000| PB 0x0000000090d00000| Untracked 
| 102|0x0000000090e00000, 0x0000000090e00000, 0x0000000090f00000|  0%| F|  |TAMS 0x0000000090e00000| PB 0x0000000090e00000| Untracked 
| 103|0x0000000090f00000, 0x0000000090f00000, 0x0000000091000000|  0%| F|  |TAMS 0x0000000090f00000| PB 0x0000000090f00000| Untracked 
| 104|0x0000000091000000, 0x0000000091000000, 0x0000000091100000|  0%| F|  |TAMS 0x0000000091000000| PB 0x0000000091000000| Untracked 
| 105|0x0000000091100000, 0x0000000091100000, 0x0000000091200000|  0%| F|  |TAMS 0x0000000091100000| PB 0x0000000091100000| Untracked 
| 106|0x0000000091200000, 0x0000000091200000, 0x0000000091300000|  0%| F|  |TAMS 0x0000000091200000| PB 0x0000000091200000| Untracked 
| 107|0x0000000091300000, 0x0000000091300000, 0x0000000091400000|  0%| F|  |TAMS 0x0000000091300000| PB 0x0000000091300000| Untracked 
| 108|0x0000000091400000, 0x0000000091400000, 0x0000000091500000|  0%| F|  |TAMS 0x0000000091400000| PB 0x0000000091400000| Untracked 
| 109|0x0000000091500000, 0x0000000091500000, 0x0000000091600000|  0%| F|  |TAMS 0x0000000091500000| PB 0x0000000091500000| Untracked 
| 110|0x0000000091600000, 0x0000000091600000, 0x0000000091700000|  0%| F|  |TAMS 0x0000000091600000| PB 0x0000000091600000| Untracked 
| 111|0x0000000091700000, 0x0000000091700000, 0x0000000091800000|  0%| F|  |TAMS 0x0000000091700000| PB 0x0000000091700000| Untracked 
| 112|0x0000000091800000, 0x0000000091800000, 0x0000000091900000|  0%| F|  |TAMS 0x0000000091800000| PB 0x0000000091800000| Untracked 
| 113|0x0000000091900000, 0x0000000091900000, 0x0000000091a00000|  0%| F|  |TAMS 0x0000000091900000| PB 0x0000000091900000| Untracked 
| 114|0x0000000091a00000, 0x0000000091a00000, 0x0000000091b00000|  0%| F|  |TAMS 0x0000000091a00000| PB 0x0000000091a00000| Untracked 
| 115|0x0000000091b00000, 0x0000000091c00000, 0x0000000091c00000|100%| E|  |TAMS 0x0000000091b00000| PB 0x0000000091b00000| Complete 
| 116|0x0000000091c00000, 0x0000000091d00000, 0x0000000091d00000|100%| E|CS|TAMS 0x0000000091c00000| PB 0x0000000091c00000| Complete 
| 117|0x0000000091d00000, 0x0000000091e00000, 0x0000000091e00000|100%| E|CS|TAMS 0x0000000091d00000| PB 0x0000000091d00000| Complete 

Card table byte_map: [0x000002bc59c30000,0x000002bc59fe0000] _byte_map_base: 0x000002bc597dc000

Marking Bits: (CMBitMap*) 0x000002bc422d6630
 Bits: [0x000002bc5a390000, 0x000002bc5c0f0000)

Polling page: 0x000002bc40260000

Metaspace:

Usage:
  Non-class:    965.90 KB used.
      Class:     84.59 KB used.
       Both:      1.03 MB used.

Virtual space:
  Non-class space:       64.00 MB reserved,       1.00 MB (  2%) committed,  1 nodes.
      Class space:        1.00 GB reserved,     192.00 KB ( <1%) committed,  1 nodes.
             Both:        1.06 GB reserved,       1.19 MB ( <1%) committed. 

Chunk freelists:
   Non-Class:  3.99 MB
       Class:  3.74 MB
        Both:  7.73 MB

MaxMetaspaceSize: unlimited
CompressedClassSpaceSize: 1.00 GB
Initial GC threshold: 21.00 MB
Current GC threshold: 21.00 MB
CDS: on
MetaspaceReclaimPolicy: balanced
 - commit_granule_bytes: 65536.
 - commit_granule_words: 8192.
 - virtual_space_node_default_size: 8388608.
 - enlarge_chunks_in_place: 1.
 - new_chunks_are_fully_committed: 0.
 - uncommit_free_chunks: 1.
 - use_allocation_guard: 0.


Internal statistics:

num_allocs_failed_limit: 0.
num_arena_births: 8.
num_arena_deaths: 0.
num_vsnodes_births: 2.
num_vsnodes_deaths: 0.
num_space_committed: 19.
num_space_uncommitted: 0.
num_chunks_returned_to_freelist: 0.
num_chunks_taken_from_freelist: 10.
num_chunk_merges: 0.
num_chunk_splits: 5.
num_chunks_enlarged: 2.
num_inconsistent_stats: 0.

CodeHeap 'non-profiled nmethods': size=120000Kb used=81Kb max_used=81Kb free=119918Kb
 bounds [0x000002bc51e00000, 0x000002bc52070000, 0x000002bc59330000]
CodeHeap 'profiled nmethods': size=120000Kb used=260Kb max_used=260Kb free=119739Kb
 bounds [0x000002bc4a330000, 0x000002bc4a5a0000, 0x000002bc51860000]
CodeHeap 'non-nmethods': size=5760Kb used=1344Kb max_used=1355Kb free=4415Kb
 bounds [0x000002bc51860000, 0x000002bc51ad0000, 0x000002bc51e00000]
 total_blobs=652 nmethods=254 adapters=309
 compilation: enabled
              stopped_count=0, restarted_count=0
 full_count=0

Compilation events (20 events):
Event: 0.092 Thread 0x000002bc5ed49d20 nmethod 242 0x000002bc4a36df10 code [0x000002bc4a36e0a0, 0x000002bc4a36e1d8]
Event: 0.092 Thread 0x000002bc5ed49d20  243       3       java.nio.Buffer::session (20 bytes)
Event: 0.092 Thread 0x000002bc5ed49d20 nmethod 243 0x000002bc4a36e290 code [0x000002bc4a36e440, 0x000002bc4a36e720]
Event: 0.092 Thread 0x000002bc5ed49d20  246       3       java.nio.Buffer::checkIndex (9 bytes)
Event: 0.092 Thread 0x000002bc5ed49d20 nmethod 246 0x000002bc4a36e810 code [0x000002bc4a36e9a0, 0x000002bc4a36eb60]
Event: 0.092 Thread 0x000002bc5ed49d20  247   !   3       java.nio.DirectByteBuffer::get (34 bytes)
Event: 0.093 Thread 0x000002bc5ed49d20 nmethod 247 0x000002bc4a36ec90 code [0x000002bc4a36eec0, 0x000002bc4a36f830]
Event: 0.093 Thread 0x000002bc5ed49d20  248       3       java.nio.DirectByteBuffer::ix (10 bytes)
Event: 0.093 Thread 0x000002bc5ed49d20 nmethod 248 0x000002bc4a36fd10 code [0x000002bc4a36fea0, 0x000002bc4a36ffb8]
Event: 0.093 Thread 0x000002bc5ed49d20  249   !   3       jdk.internal.misc.ScopedMemoryAccess::getByte (16 bytes)
Event: 0.093 Thread 0x000002bc5ed49d20 nmethod 249 0x000002bc4a370090 code [0x000002bc4a370260, 0x000002bc4a370640]
Event: 0.093 Thread 0x000002bc5ed49d20  250   !   3       jdk.internal.misc.ScopedMemoryAccess::getByteInternal (34 bytes)
Event: 0.093 Thread 0x000002bc5ed41d60 nmethod 245 0x000002bc51e13b10 code [0x000002bc51e13c80, 0x000002bc51e13d88]
Event: 0.093 Thread 0x000002bc5ed49d20 nmethod 250 0x000002bc4a370810 code [0x000002bc4a3709c0, 0x000002bc4a370c28]
Event: 0.093 Thread 0x000002bc5ed49d20  253       1       java.nio.Buffer::limit (5 bytes)
Event: 0.093 Thread 0x000002bc5ed41d60  252       4       java.lang.ref.Reference::reachabilityFence (1 bytes)
Event: 0.093 Thread 0x000002bc5ed49d20 nmethod 253 0x000002bc51e13e90 code [0x000002bc51e14000, 0x000002bc51e140c8]
Event: 0.093 Thread 0x000002bc5ed41d60 nmethod 252 0x000002bc51e14190 code [0x000002bc51e14300, 0x000002bc51e14368]
Event: 0.096 Thread 0x000002bc5ed49d20  254       3       java.lang.invoke.MemberName::initResolved (53 bytes)
Event: 0.096 Thread 0x000002bc5ed49d20 nmethod 254 0x000002bc4a370d90 code [0x000002bc4a370f20, 0x000002bc4a3710d8]

GC Heap History (0 events):
No events

Dll operation events (6 events):
Event: 0.006 Loaded shared library C:\Program Files\Java\jdk-20\bin\java.dll
Event: 0.016 Loaded shared library C:\Program Files\Java\jdk-20\bin\jsvml.dll
Event: 0.057 Loaded shared library C:\Program Files\Java\jdk-20\bin\net.dll
Event: 0.058 Loaded shared library C:\Program Files\Java\jdk-20\bin\nio.dll
Event: 0.080 Loaded shared library C:\Program Files\Java\jdk-20\bin\zip.dll
Event: 0.091 Loaded shared library C:\Program Files\Java\jdk-20\bin\jimage.dll

Deoptimization events (0 events):
No events

Classes loaded (20 events):
Event: 0.094 Loading class java/awt/Toolkit$3 done
Event: 0.094 Loading class sun/awt/AWTAccessor
Event: 0.094 Loading class sun/awt/AWTAccessor done
Event: 0.094 Loading class java/awt/Toolkit$4
Event: 0.094 Loading class java/awt/Toolkit$4 done
Event: 0.095 Loading class java/util/ResourceBundle$CacheKey
Event: 0.095 Loading class java/util/ResourceBundle$CacheKey done
Event: 0.095 Loading class java/util/ResourceBundle$KeyElementReference
Event: 0.095 Loading class java/util/ResourceBundle$CacheKeyReference
Event: 0.095 Loading class java/util/ResourceBundle$CacheKeyReference done
Event: 0.095 Loading class java/util/ResourceBundle$KeyElementReference done
Event: 0.095 Loading class java/util/ResourceBundle$3
Event: 0.095 Loading class java/util/ResourceBundle$3 done
Event: 0.096 Loading class sun/security/util/SecurityConstants
Event: 0.096 Loading class sun/security/util/SecurityConstants done
Event: 0.096 Loading class java/net/NetPermission
Event: 0.096 Loading class java/net/NetPermission done
Event: 0.096 Loading class java/security/SecurityPermission
Event: 0.096 Loading class java/security/SecurityPermission done
Event: 0.096 Loading class java/net/SocketPermission

Classes unloaded (0 events):
No events

Classes redefined (0 events):
No events

Internal exceptions (7 events):
Event: 0.059 Thread 0x000002bc42279690 Exception <a 'sun/nio/fs/WindowsException'{0x0000000091c44570}> (0x0000000091c44570) 
thrown [s\open\src\hotspot\share\prims\jni.cpp, line 519]
Event: 0.062 Thread 0x000002bc42279690 Exception <a 'sun/nio/fs/WindowsException'{0x0000000091c4e4c8}> (0x0000000091c4e4c8) 
thrown [s\open\src\hotspot\share\prims\jni.cpp, line 519]
Event: 0.064 Thread 0x000002bc42279690 Exception <a 'sun/nio/fs/WindowsException'{0x0000000091c58600}> (0x0000000091c58600) 
thrown [s\open\src\hotspot\share\prims\jni.cpp, line 519]
Event: 0.064 Thread 0x000002bc42279690 Exception <a 'sun/nio/fs/WindowsException'{0x0000000091c59048}> (0x0000000091c59048) 
thrown [s\open\src\hotspot\share\prims\jni.cpp, line 519]
Event: 0.064 Thread 0x000002bc42279690 Exception <a 'sun/nio/fs/WindowsException'{0x0000000091c5a2b0}> (0x0000000091c5a2b0) 
thrown [s\open\src\hotspot\share\prims\jni.cpp, line 519]
Event: 0.064 Thread 0x000002bc42279690 Exception <a 'sun/nio/fs/WindowsException'{0x0000000091c5b108}> (0x0000000091c5b108) 
thrown [s\open\src\hotspot\share\prims\jni.cpp, line 519]
Event: 0.096 Thread 0x000002bc42279690 Exception <a 'java/lang/ClassNotFoundException'{0x0000000091bacaf8}: sun/awt/resources/spi/awtProvider> (0x0000000091bacaf8) 
thrown [s\open\src\hotspot\share\classfile\systemDictionary.cpp, line 305]

VM Operations (2 events):
Event: 0.066 Executing VM operation: HandshakeAllThreads
Event: 0.066 Executing VM operation: HandshakeAllThreads done

Events (11 events):
Event: 0.016 Thread 0x000002bc42279690 Thread added: 0x000002bc42279690
Event: 0.028 Thread 0x000002bc5ed31fc0 Thread added: 0x000002bc5ed31fc0
Event: 0.028 Thread 0x000002bc5ed33bd0 Thread added: 0x000002bc5ed33bd0
Event: 0.029 Thread 0x000002bc5ed37d10 Thread added: 0x000002bc5ed37d10
Event: 0.029 Thread 0x000002bc5ed39af0 Thread added: 0x000002bc5ed39af0
Event: 0.029 Thread 0x000002bc5ed3a430 Thread added: 0x000002bc5ed3a430
Event: 0.029 Thread 0x000002bc5ed3b510 Thread added: 0x000002bc5ed3b510
Event: 0.029 Thread 0x000002bc5ed41d60 Thread added: 0x000002bc5ed41d60
Event: 0.029 Thread 0x000002bc5ed49d20 Thread added: 0x000002bc5ed49d20
Event: 0.048 Thread 0x000002bc630bf5e0 Thread added: 0x000002bc630bf5e0
Event: 0.075 Thread 0x000002bc63179200 Thread added: 0x000002bc63179200


Dynamic libraries:
0x00007ff77fed0000 - 0x00007ff77fee0000 	C:\Program Files\Java\jdk-20\bin\java.exe
0x00007fffe6050000 - 0x00007fffe6267000 	C:\WINDOWS\SYSTEM32\ntdll.dll
0x00007fffe58b0000 - 0x00007fffe5974000 	C:\WINDOWS\System32\KERNEL32.DLL
0x00007fffe3730000 - 0x00007fffe3ad6000 	C:\WINDOWS\System32\KERNELBASE.dll
0x00007fffe3b60000 - 0x00007fffe3c71000 	C:\WINDOWS\System32\ucrtbase.dll
0x00007fffd7b70000 - 0x00007fffd7b8b000 	C:\Program Files\Java\jdk-20\bin\VCRUNTIME140.dll
0x00007fffe06f0000 - 0x00007fffe0709000 	C:\Program Files\Java\jdk-20\bin\jli.dll
0x00007fffe5c80000 - 0x00007fffe5d30000 	C:\WINDOWS\System32\ADVAPI32.dll
0x00007fffe5bc0000 - 0x00007fffe5c67000 	C:\WINDOWS\System32\msvcrt.dll
0x00007fffe5720000 - 0x00007fffe57c6000 	C:\WINDOWS\System32\sechost.dll
0x00007fffe3e30000 - 0x00007fffe3f47000 	C:\WINDOWS\System32\RPCRT4.dll
0x00007fffe3f50000 - 0x00007fffe40fd000 	C:\WINDOWS\System32\USER32.dll
0x00007fffe33d0000 - 0x00007fffe33f6000 	C:\WINDOWS\System32\win32u.dll
0x00007fffd2600000 - 0x00007fffd2893000 	C:\WINDOWS\WinSxS\amd64_microsoft.windows.common-controls_6595b64144ccf1df_6.0.22621.2361_none_2712ced57382f843\COMCTL32.dll
0x00007fffe5de0000 - 0x00007fffe5e09000 	C:\WINDOWS\System32\GDI32.dll
0x00007fffe3400000 - 0x00007fffe3518000 	C:\WINDOWS\System32\gdi32full.dll
0x00007fffe3520000 - 0x00007fffe35ba000 	C:\WINDOWS\System32\msvcp_win.dll
0x00007fffda820000 - 0x00007fffda82a000 	C:\WINDOWS\SYSTEM32\VERSION.dll
0x00007fffe4100000 - 0x00007fffe4131000 	C:\WINDOWS\System32\IMM32.DLL
0x00007fffdcc30000 - 0x00007fffdcc3c000 	C:\Program Files\Java\jdk-20\bin\vcruntime140_1.dll
0x00007fffc2ea0000 - 0x00007fffc2f2e000 	C:\Program Files\Java\jdk-20\bin\msvcp140.dll
0x00007fffc9760000 - 0x00007fffca3f7000 	C:\Program Files\Java\jdk-20\bin\server\jvm.dll
0x00007fffc95d0000 - 0x00007fffc95d9000 	C:\WINDOWS\SYSTEM32\WSOCK32.dll
0x00007fffe5d40000 - 0x00007fffe5db1000 	C:\WINDOWS\System32\WS2_32.dll
0x00007fffdc510000 - 0x00007fffdc544000 	C:\WINDOWS\SYSTEM32\WINMM.dll
0x00007fffe23b0000 - 0x00007fffe23c8000 	C:\WINDOWS\SYSTEM32\kernel.appcore.dll
0x00007fffca480000 - 0x00007fffca48a000 	C:\Program Files\Java\jdk-20\bin\jimage.dll
0x00007fffd9b10000 - 0x00007fffd9d3e000 	C:\WINDOWS\SYSTEM32\DBGHELP.DLL
0x00007fffe4950000 - 0x00007fffe4cda000 	C:\WINDOWS\System32\combase.dll
0x00007fffe57d0000 - 0x00007fffe58a7000 	C:\WINDOWS\System32\OLEAUT32.dll
0x00007fffce9e0000 - 0x00007fffcea12000 	C:\WINDOWS\SYSTEM32\dbgcore.DLL
0x00007fffe3ae0000 - 0x00007fffe3b5a000 	C:\WINDOWS\System32\bcryptPrimitives.dll
0x00007fffc95e0000 - 0x00007fffc9606000 	C:\Program Files\Java\jdk-20\bin\java.dll
0x00007fffc70b0000 - 0x00007fffc7187000 	C:\Program Files\Java\jdk-20\bin\jsvml.dll
0x00007fffe4ea0000 - 0x00007fffe56f8000 	C:\WINDOWS\System32\SHELL32.dll
0x00007fffe1330000 - 0x00007fffe1c22000 	C:\WINDOWS\SYSTEM32\windows.storage.dll
0x00007fffe11f0000 - 0x00007fffe132e000 	C:\WINDOWS\SYSTEM32\wintypes.dll
0x00007fffe4da0000 - 0x00007fffe4e93000 	C:\WINDOWS\System32\SHCORE.dll
0x00007fffe4d40000 - 0x00007fffe4d9e000 	C:\WINDOWS\System32\shlwapi.dll
0x00007fffe3300000 - 0x00007fffe3326000 	C:\WINDOWS\SYSTEM32\profapi.dll
0x00007fffdcfd0000 - 0x00007fffdcfe3000 	C:\Program Files\Java\jdk-20\bin\net.dll
0x00007fffdae80000 - 0x00007fffdafb7000 	C:\WINDOWS\SYSTEM32\WINHTTP.dll
0x00007fffe2890000 - 0x00007fffe28f9000 	C:\WINDOWS\system32\mswsock.dll
0x00007fffdc570000 - 0x00007fffdc586000 	C:\Program Files\Java\jdk-20\bin\nio.dll
0x00007fffc0de0000 - 0x00007fffc0df8000 	C:\Program Files\Java\jdk-20\bin\zip.dll

dbghelp: loaded successfully - version: 4.0.5 - missing functions: none
symbol engine: initialized successfully - sym options: 0x614 - pdb path: .;C:\Program Files\Java\jdk-20\bin;C:\WINDOWS\SYSTEM32;C:\WINDOWS\WinSxS\amd64_microsoft.windows.common-controls_6595b64144ccf1df_6.0.22621.2361_none_2712ced57382f843;C:\Program Files\Java\jdk-20\bin\server

VM Arguments:
jvm_args: -Dfile.encoding=UTF-8 --module-path=C:\Users\Acer\Documents\NetBeansProjects\Trial1\build\classes 
java_command: View
java_class_path (initial): C:\Users\Acer\Desktop\mysql-connector-j-8.1.0\mysql-connector-j-8.1.0\mysql-connector-j-8.1.0.jar;C:\Users\Acer\Desktop\rs2xml.jar;C:\Users\Acer\Documents\NetBeansProjects\Trial1\build\classes
Launcher Type: SUN_STANDARD

[Global flags]
     intx CICompilerCount                          = 4                                         {product} {ergonomic}
     uint ConcGCThreads                            = 3                                         {product} {ergonomic}
     uint G1ConcRefinementThreads                  = 10                                        {product} {ergonomic}
   size_t G1HeapRegionSize                         = 1048576                                   {product} {ergonomic}
    uintx GCDrainStackTargetSize                   = 64                                        {product} {ergonomic}
   size_t InitialHeapSize                          = 123731968                                 {product} {ergonomic}
   size_t MarkStackSize                            = 4194304                                   {product} {ergonomic}
   size_t MaxHeapSize                              = 1971322880                                {product} {ergonomic}
   size_t MaxNewSize                               = 1182793728                                {product} {ergonomic}
   size_t MinHeapDeltaBytes                        = 1048576                                   {product} {ergonomic}
   size_t MinHeapSize                              = 8388608                                   {product} {ergonomic}
    uintx NonNMethodCodeHeapSize                   = 5839372                                {pd product} {ergonomic}
    uintx NonProfiledCodeHeapSize                  = 122909434                              {pd product} {ergonomic}
    uintx ProfiledCodeHeapSize                     = 122909434                              {pd product} {ergonomic}
    uintx ReservedCodeCacheSize                    = 251658240                              {pd product} {ergonomic}
     bool SegmentedCodeCache                       = true                                      {product} {ergonomic}
   size_t SoftMaxHeapSize                          = 1971322880                             {manageable} {ergonomic}
     bool UseCompressedClassPointers               = true                           {product lp64_product} {ergonomic}
     bool UseCompressedOops                        = true                           {product lp64_product} {ergonomic}
     bool UseG1GC                                  = true                                      {product} {ergonomic}
     bool UseLargePagesIndividualAllocation        = false                                  {pd product} {ergonomic}

Logging:
Log output configuration:
 #0: stdout all=warning uptime,level,tags foldmultilines=false
 #1: stderr all=off uptime,level,tags foldmultilines=false

Environment Variables:
PATH=C:\Python311\Scripts\;C:\Python311\;C:\Users\Acer\Documents\JAVA-CODES;C:\Program Files\MySQL\MySQL Shell 8.0\bin\;C:\Users\Acer\AppData\Local\Microsoft\WindowsApps;C:\Users\Acer\AppData\Local\Programs\Microsoft VS Code\bin;C:\MinGW\bin;C:\Program Files\MongoDB\Tools\100\bin;C:\Users\Acer\AppData\Roaming\npm;C:\Program Files\MongoDB\Server\6.0\bin\;C:\Program Files\mongosh\mongosh-1.10.3-win32-x64\bin;C:\Program Files\Java\jdk-20\bin\;C:\Program Files\nodejs;C:\Users\Acer\AppData\Roaming\nvm;C:\Program Files\nodejs;C:\Users\Acer\Desktop\mongodb-database-tools-windows-x86_64-100.7.5\mongodb-database-tools-windows-x86_64-100.7.5\bin;C:\Program Files\Git\cmd;C:\Program Files\nodejs\;C:\Program Files\nodejs\node_modules\npm\bin;C:\Program Files\NetBeans-18\netbeans\bin;C:\Program Files\MySQL\MySQL Shell 8.0\bin;C:\Program Files\MySQL;C:\Program Files\MySQL\MySQL Shell 8.0\bin\;C:\Users\Acer\AppData\Local\Microsoft\WindowsApps;C:\Users\Acer\AppData\Local\Programs\Microsoft VS Code\bin;C:\MinGW\bin;C:\Program Files\MongoDB\Tools\100\bin;C:\Program Files\MongoDB\Server\6.0\bin\;C:\Program Files\mongosh\mongosh-1.10.3-win32-x64\bin;C:\Users\Acer\AppData\Roaming\nvm;C:\Program Files\nodejs;C:\Users\Acer\AppData\Roaming\npm
USERNAME=Acer
OS=Windows_NT
PROCESSOR_IDENTIFIER=AMD64 Family 23 Model 104 Stepping 1, AuthenticAMD
TMP=C:\Users\Acer\AppData\Local\Temp
TEMP=C:\Users\Acer\AppData\Local\Temp




---------------  S Y S T E M  ---------------

OS:
 Windows 11 , 64 bit Build 22621 (10.0.22621.2428)
OS uptime: 1 days 0:04 hours

CPU: total 12 (initial active 12) (12 cores per cpu, 2 threads per core) family 23 model 104 stepping 1 microcode 0x0, cx8, cmov, fxsr, ht, mmx, 3dnowpref, sse, sse2, sse3, ssse3, sse4a, sse4.1, sse4.2, popcnt, lzcnt, tsc, tscinvbit, avx, avx2, aes, clmul, bmi1, bmi2, adx, sha, fma, vzeroupper, clflush, clflushopt, rdtscp, rdpid, f16c

Memory: 4k page, system-wide physical 7514M (294M free)
TotalPageFile size 31066M (AvailPageFile size 0M)
current process WorkingSet (physical memory assigned to process): 36M, peak: 36M
current process commit charge ("private bytes"): 204M, peak: 204M

vm_info: Java HotSpot(TM) 64-Bit Server VM (20.0.1+9-29) for windows-amd64 JRE (20.0.1+9-29), built on 2023-03-07T13:56:11Z by "mach5one" with MS VC++ 17.1 (VS2022)

END.
