#
# There is insufficient memory for the Java Runtime Environment to continue.
# Native memory allocation (mmap) failed to map 65536 bytes for Failed to commit metaspace.
# Possible reasons:
#   The system is out of physical RAM or swap space
#   The process is running with CompressedOops enabled, and the Java Heap may be blocking the growth of the native heap
# Possible solutions:
#   Reduce memory load on the system
#   Increase physical memory or swap space
#   Check if swap backing store is full
#   Decrease Java heap size (-Xmx/-Xms)
#   Decrease number of Java threads
#   Decrease Java thread stack sizes (-Xss)
#   Set larger code cache with -XX:ReservedCodeCacheSize=
#   JVM is running with Unscaled Compressed Oops mode in which the Java heap is
#     placed in the first 4GB address space. The Java Heap base address is the
#     maximum limit for the native heap growth. Please use -XX:HeapBaseMinAddress
#     to set the Java Heap base and to place the Java Heap above 4GB virtual address.
# This output file may be truncated or incomplete.
#
#  Out of Memory Error (virtualSpaceNode.cpp:110), pid=29796, tid=15436
#
# JRE version: Java(TM) SE Runtime Environment (20.0.1+9) (build 20.0.1+9-29)
# Java VM: Java HotSpot(TM) 64-Bit Server VM (20.0.1+9-29, mixed mode, sharing, tiered, compressed oops, compressed class ptrs, g1 gc, windows-amd64)
# No core dump will be written. Minidumps are not enabled by default on client versions of Windows
#

---------------  S U M M A R Y ------------

Command Line: -Dfile.encoding=UTF-8 --module-path=C:\Users\Acer\Documents\NetBeansProjects\Trial1\build\classes View

Host: AMD Ryzen 5 5500U with Radeon Graphics         , 12 cores, 7G,  Windows 11 , 64 bit Build 22621 (10.0.22621.2428)
Time: Wed Oct 25 01:19:27 2023 India Standard Time elapsed time: 0.904913 seconds (0d 0h 0m 0s)

---------------  T H R E A D  ---------------

Current thread (0x000001badeb9bbd0):  JavaThread "AWT-EventQueue-0" [_thread_in_vm, id=15436, stack(0x00000061f4100000,0x00000061f4200000)]

Stack: [0x00000061f4100000,0x00000061f4200000]
Native frames: (J=compiled Java code, j=interpreted, Vv=VM code, C=native code)
V  [jvm.dll+0x6bb95a]
V  [jvm.dll+0x8485fa]
V  [jvm.dll+0x84a1f5]
V  [jvm.dll+0x84a8f3]
V  [jvm.dll+0x280b0f]
V  [jvm.dll+0x84453b]
V  [jvm.dll+0x65fd86]
V  [jvm.dll+0x65fdea]
V  [jvm.dll+0x6626c3]
V  [jvm.dll+0x66258e]
V  [jvm.dll+0x66079e]
V  [jvm.dll+0x66ae17]
V  [jvm.dll+0x21b442]
V  [jvm.dll+0x21b975]
V  [jvm.dll+0x21c361]
V  [jvm.dll+0x211780]
V  [jvm.dll+0x59c26c]
V  [jvm.dll+0x222d6a]
V  [jvm.dll+0x7c2cb4]
V  [jvm.dll+0x7c3dff]
V  [jvm.dll+0x7c43af]
V  [jvm.dll+0x7c4058]
V  [jvm.dll+0x27024b]
V  [jvm.dll+0x3d84fe]
C  0x000001baccf8f874

Java frames: (J=compiled Java code, j=interpreted, Vv=VM code)
j  java.text.AttributedString.getIterator([Ljava/text/AttributedCharacterIterator$Attribute;II)Ljava/text/AttributedCharacterIterator;+0 java.base@20.0.1
j  java.text.AttributedString.getIterator()Ljava/text/AttributedCharacterIterator;+7 java.base@20.0.1
j  sun.awt.im.CompositionAreaHandler.<clinit>()V+32 java.desktop@20.0.1
v  ~StubRoutines::call_stub 0x000001baccf6100d
j  sun.awt.im.InputMethodContext.grabCompositionArea(Z)V+25 java.desktop@20.0.1
j  sun.awt.im.InputContext.activateInputMethod(Z)V+276 java.desktop@20.0.1
j  sun.awt.im.InputContext.focusGained(Ljava/awt/Component;)V+137 java.desktop@20.0.1
j  sun.awt.im.InputContext.dispatchEvent(Ljava/awt/AWTEvent;)V+100 java.desktop@20.0.1
j  sun.awt.im.InputMethodContext.dispatchEvent(Ljava/awt/AWTEvent;)V+58 java.desktop@20.0.1
j  java.awt.Component.dispatchEventImpl(Ljava/awt/AWTEvent;)V+314 java.desktop@20.0.1
j  java.awt.Container.dispatchEventImpl(Ljava/awt/AWTEvent;)V+42 java.desktop@20.0.1
j  java.awt.Component.dispatchEvent(Ljava/awt/AWTEvent;)V+2 java.desktop@20.0.1
j  java.awt.KeyboardFocusManager.redispatchEvent(Ljava/awt/Component;Ljava/awt/AWTEvent;)V+7 java.desktop@20.0.1
j  java.awt.DefaultKeyboardFocusManager.typeAheadAssertions(Ljava/awt/Component;Ljava/awt/AWTEvent;)Z+339 java.desktop@20.0.1
j  java.awt.DefaultKeyboardFocusManager.dispatchEvent(Ljava/awt/AWTEvent;)Z+1066 java.desktop@20.0.1
j  java.awt.Component.dispatchEventImpl(Ljava/awt/AWTEvent;)V+134 java.desktop@20.0.1
j  java.awt.Container.dispatchEventImpl(Ljava/awt/AWTEvent;)V+42 java.desktop@20.0.1
j  java.awt.Component.dispatchEvent(Ljava/awt/AWTEvent;)V+2 java.desktop@20.0.1
j  java.awt.EventQueue.dispatchEventImpl(Ljava/awt/AWTEvent;Ljava/lang/Object;)V+41 java.desktop@20.0.1
j  java.awt.EventQueue$4.run()Ljava/lang/Void;+32 java.desktop@20.0.1
j  java.awt.EventQueue$4.run()Ljava/lang/Object;+1 java.desktop@20.0.1
j  java.security.AccessController.executePrivileged(Ljava/security/PrivilegedAction;Ljava/security/AccessControlContext;Ljava/lang/Class;)Ljava/lang/Object;+29 java.base@20.0.1
j  java.security.AccessController.doPrivileged(Ljava/security/PrivilegedAction;Ljava/security/AccessControlContext;)Ljava/lang/Object;+13 java.base@20.0.1
j  java.security.ProtectionDomain$JavaSecurityAccessImpl.doIntersectionPrivilege(Ljava/security/PrivilegedAction;Ljava/security/AccessControlContext;Ljava/security/AccessControlContext;)Ljava/lang/Object;+18 java.base@20.0.1
j  java.security.ProtectionDomain$JavaSecurityAccessImpl.doIntersectionPrivilege(Ljava/security/PrivilegedAction;Ljava/security/AccessControlContext;)Ljava/lang/Object;+6 java.base@20.0.1
j  java.awt.EventQueue$5.run()Ljava/lang/Void;+11 java.desktop@20.0.1
j  java.awt.EventQueue$5.run()Ljava/lang/Object;+1 java.desktop@20.0.1
j  java.security.AccessController.executePrivileged(Ljava/security/PrivilegedAction;Ljava/security/AccessControlContext;Ljava/lang/Class;)Ljava/lang/Object;+29 java.base@20.0.1
j  java.security.AccessController.doPrivileged(Ljava/security/PrivilegedAction;Ljava/security/AccessControlContext;)Ljava/lang/Object;+13 java.base@20.0.1
j  java.security.ProtectionDomain$JavaSecurityAccessImpl.doIntersectionPrivilege(Ljava/security/PrivilegedAction;Ljava/security/AccessControlContext;Ljava/security/AccessControlContext;)Ljava/lang/Object;+18 java.base@20.0.1
j  java.awt.EventQueue.dispatchEvent(Ljava/awt/AWTEvent;)V+73 java.desktop@20.0.1
j  java.awt.EventDispatchThread.pumpOneEventForFilters(I)V+81 java.desktop@20.0.1
j  java.awt.EventDispatchThread.pumpEventsForFilter(ILjava/awt/Conditional;Ljava/awt/EventFilter;)V+35 java.desktop@20.0.1
j  java.awt.EventDispatchThread.pumpEventsForHierarchy(ILjava/awt/Conditional;Ljava/awt/Component;)V+11 java.desktop@20.0.1
j  java.awt.EventDispatchThread.pumpEvents(ILjava/awt/Conditional;)V+4 java.desktop@20.0.1
j  java.awt.EventDispatchThread.pumpEvents(Ljava/awt/Conditional;)V+3 java.desktop@20.0.1
j  java.awt.EventDispatchThread.run()V+9 java.desktop@20.0.1
v  ~StubRoutines::call_stub 0x000001baccf6100d

---------------  P R O C E S S  ---------------

Threads class SMR info:
_java_thread_list=0x000001badf3a74c0, length=18, elements={
0x000001bad9bf0380, 0x000001bad9bf0c30, 0x000001bad9bf4920, 0x000001bad9bf8130,
0x000001bad9bf8900, 0x000001bad9bf9460, 0x000001bad9c00bf0, 0x000001bade808090,
0x000001bad9bb5df0, 0x000001bade9afed0, 0x000001bade9f78f0, 0x000001badeb6cc30,
0x000001badeb22130, 0x000001badeb8ae90, 0x000001badeb9bbd0, 0x000001babd9764b0,
0x000001badee10620, 0x000001badee12600
}

Java Threads: ( => current thread )
  0x000001bad9bf0380 JavaThread "Reference Handler" daemon [_thread_blocked, id=6808, stack(0x00000061f3200000,0x00000061f3300000)]
  0x000001bad9bf0c30 JavaThread "Finalizer" daemon [_thread_blocked, id=9124, stack(0x00000061f3300000,0x00000061f3400000)]
  0x000001bad9bf4920 JavaThread "Signal Dispatcher" daemon [_thread_blocked, id=26364, stack(0x00000061f3400000,0x00000061f3500000)]
  0x000001bad9bf8130 JavaThread "Attach Listener" daemon [_thread_blocked, id=2620, stack(0x00000061f3500000,0x00000061f3600000)]
  0x000001bad9bf8900 JavaThread "Service Thread" daemon [_thread_blocked, id=22776, stack(0x00000061f3600000,0x00000061f3700000)]
  0x000001bad9bf9460 JavaThread "Monitor Deflation Thread" daemon [_thread_blocked, id=17568, stack(0x00000061f3700000,0x00000061f3800000)]
  0x000001bad9c00bf0 JavaThread "C2 CompilerThread0" daemon [_thread_blocked, id=22368, stack(0x00000061f3800000,0x00000061f3900000)]
  0x000001bade808090 JavaThread "C1 CompilerThread0" daemon [_thread_blocked, id=6516, stack(0x00000061f3900000,0x00000061f3a00000)]
  0x000001bad9bb5df0 JavaThread "Common-Cleaner" daemon [_thread_blocked, id=22268, stack(0x00000061f3a00000,0x00000061f3b00000)]
  0x000001bade9afed0 JavaThread "Notification Thread" daemon [_thread_blocked, id=22884, stack(0x00000061f3b00000,0x00000061f3c00000)]
  0x000001bade9f78f0 JavaThread "C2 CompilerThread1" daemon [_thread_blocked, id=24176, stack(0x00000061f3d00000,0x00000061f3e00000)]
  0x000001badeb6cc30 JavaThread "Java2D Disposer" daemon [_thread_blocked, id=31504, stack(0x00000061f3e00000,0x00000061f3f00000)]
  0x000001badeb22130 JavaThread "AWT-Shutdown" [_thread_blocked, id=30544, stack(0x00000061f3f00000,0x00000061f4000000)]
  0x000001badeb8ae90 JavaThread "AWT-Windows" daemon [_thread_in_native, id=26748, stack(0x00000061f4000000,0x00000061f4100000)]
=>0x000001badeb9bbd0 JavaThread "AWT-EventQueue-0" [_thread_in_vm, id=15436, stack(0x00000061f4100000,0x00000061f4200000)]
  0x000001babd9764b0 JavaThread "DestroyJavaVM" [_thread_blocked, id=32764, stack(0x00000061f2b00000,0x00000061f2c00000)]
  0x000001badee10620 JavaThread "mysql-cj-abandoned-connection-cleanup" daemon [_thread_blocked, id=31436, stack(0x00000061f4c00000,0x00000061f4d00000)]
  0x000001badee12600 JavaThread "D3D Screen Updater" daemon [_thread_blocked, id=25160, stack(0x00000061f4d00000,0x00000061f4e00000)]

Other Threads:
  0x000001bad9bcdf70 VMThread "VM Thread" [stack: 0x00000061f3100000,0x00000061f3200000] [id=23376]
  0x000001bade9b4430 WatcherThread "VM Periodic Task Thread" [stack: 0x00000061f3c00000,0x00000061f3d00000] [id=25384]
  0x000001babd9d50c0 WorkerThread "GC Thread#0" [stack: 0x00000061f2c00000,0x00000061f2d00000] [id=21624]
  0x000001babda011b0 ConcurrentGCThread "G1 Main Marker" [stack: 0x00000061f2d00000,0x00000061f2e00000] [id=15220]
  0x000001babda01be0 WorkerThread "G1 Conc#0" [stack: 0x00000061f2e00000,0x00000061f2f00000] [id=16300]
  0x000001babda3d670 ConcurrentGCThread "G1 Refine#0" [stack: 0x00000061f2f00000,0x00000061f3000000] [id=13368]
  0x000001babda3dd20 ConcurrentGCThread "G1 Service" [stack: 0x00000061f3000000,0x00000061f3100000] [id=944]

Threads with active compile tasks:

VM state: not at safepoint (normal execution)

VM Mutex/Monitor currently owned by a thread:  ([mutex/lock_event])
[0x000001babb671b60] Metaspace_lock - owner thread: 0x000001badeb9bbd0

Heap address: 0x000000008a800000, size: 1880 MB, Compressed Oops mode: 32-bit

CDS archive(s) mapped at: [0x0000000800000000-0x0000000800c60000-0x0000000800c60000), size 12976128, SharedBaseAddress: 0x0000000800000000, ArchiveRelocationMode: 0.
Compressed class space mapped at: 0x0000000801000000-0x0000000841000000, reserved size: 1073741824
Narrow klass base: 0x0000000800000000, Narrow klass shift: 0, Narrow klass range: 0x100000000

GC Precious Log:
 CardTable entry size: 512
 Card Set container configuration: InlinePtr #cards 5 size 8 Array Of Cards #cards 12 size 40 Howl #buckets 4 coarsen threshold 1843 Howl Bitmap #cards 512 size 80 coarsen threshold 460 Card regions per heap region 1 cards per card region 2048
 CPUs: 12 total, 12 available
 Memory: 7514M
 Large Page Support: Disabled
 NUMA Support: Disabled
 Compressed Oops: Enabled (32-bit)
 Heap Region Size: 1M
 Heap Min Capacity: 8M
 Heap Initial Capacity: 118M
 Heap Max Capacity: 1880M
 Pre-touch: Disabled
 Parallel Workers: 10
 Concurrent Workers: 3
 Concurrent Refinement Workers: 10
 Periodic GC: Disabled

Heap:
 garbage-first heap   total 120832K, used 23552K [0x000000008a800000, 0x0000000100000000)
  region size 1024K, 17 young (17408K), 0 survivors (0K)
 Metaspace       used 11883K, committed 12096K, reserved 1114112K
  class space    used 1295K, committed 1408K, reserved 1048576K

Heap Regions: E=young(eden), S=young(survivor), O=old, HS=humongous(starts), HC=humongous(continues), CS=collection set, F=free, OA=open archive, CA=closed archive, TAMS=top-at-mark-start, PB=parsable bottom
|   0|0x000000008a800000, 0x000000008a900000, 0x000000008a900000|100%|HS|  |TAMS 0x000000008a800000| PB 0x000000008a800000| Complete 
|   1|0x000000008a900000, 0x000000008aa00000, 0x000000008aa00000|100%|HC|  |TAMS 0x000000008a900000| PB 0x000000008a900000| Complete 
|   2|0x000000008aa00000, 0x000000008ab00000, 0x000000008ab00000|100%|HC|  |TAMS 0x000000008aa00000| PB 0x000000008aa00000| Complete 
|   3|0x000000008ab00000, 0x000000008ac00000, 0x000000008ac00000|100%|HC|  |TAMS 0x000000008ab00000| PB 0x000000008ab00000| Complete 
|   4|0x000000008ac00000, 0x000000008ad00000, 0x000000008ad00000|100%|HC|  |TAMS 0x000000008ac00000| PB 0x000000008ac00000| Complete 
|   5|0x000000008ad00000, 0x000000008ae00000, 0x000000008ae00000|100%|HC|  |TAMS 0x000000008ad00000| PB 0x000000008ad00000| Complete 
|   6|0x000000008ae00000, 0x000000008af00000, 0x000000008af00000|100%|HC|  |TAMS 0x000000008ae00000| PB 0x000000008ae00000| Complete 
|   7|0x000000008af00000, 0x000000008b000000, 0x000000008b000000|100%|HC|  |TAMS 0x000000008af00000| PB 0x000000008af00000| Complete 
|   8|0x000000008b000000, 0x000000008b000000, 0x000000008b100000|  0%| F|  |TAMS 0x000000008b000000| PB 0x000000008b000000| Untracked 
|   9|0x000000008b100000, 0x000000008b100000, 0x000000008b200000|  0%| F|  |TAMS 0x000000008b100000| PB 0x000000008b100000| Untracked 
|  10|0x000000008b200000, 0x000000008b200000, 0x000000008b300000|  0%| F|  |TAMS 0x000000008b200000| PB 0x000000008b200000| Untracked 
|  11|0x000000008b300000, 0x000000008b300000, 0x000000008b400000|  0%| F|  |TAMS 0x000000008b300000| PB 0x000000008b300000| Untracked 
|  12|0x000000008b400000, 0x000000008b400000, 0x000000008b500000|  0%| F|  |TAMS 0x000000008b400000| PB 0x000000008b400000| Untracked 
|  13|0x000000008b500000, 0x000000008b500000, 0x000000008b600000|  0%| F|  |TAMS 0x000000008b500000| PB 0x000000008b500000| Untracked 
|  14|0x000000008b600000, 0x000000008b600000, 0x000000008b700000|  0%| F|  |TAMS 0x000000008b600000| PB 0x000000008b600000| Untracked 
|  15|0x000000008b700000, 0x000000008b700000, 0x000000008b800000|  0%| F|  |TAMS 0x000000008b700000| PB 0x000000008b700000| Untracked 
|  16|0x000000008b800000, 0x000000008b800000, 0x000000008b900000|  0%| F|  |TAMS 0x000000008b800000| PB 0x000000008b800000| Untracked 
|  17|0x000000008b900000, 0x000000008b900000, 0x000000008ba00000|  0%| F|  |TAMS 0x000000008b900000| PB 0x000000008b900000| Untracked 
|  18|0x000000008ba00000, 0x000000008ba00000, 0x000000008bb00000|  0%| F|  |TAMS 0x000000008ba00000| PB 0x000000008ba00000| Untracked 
|  19|0x000000008bb00000, 0x000000008bb00000, 0x000000008bc00000|  0%| F|  |TAMS 0x000000008bb00000| PB 0x000000008bb00000| Untracked 
|  20|0x000000008bc00000, 0x000000008bc00000, 0x000000008bd00000|  0%| F|  |TAMS 0x000000008bc00000| PB 0x000000008bc00000| Untracked 
|  21|0x000000008bd00000, 0x000000008bd00000, 0x000000008be00000|  0%| F|  |TAMS 0x000000008bd00000| PB 0x000000008bd00000| Untracked 
|  22|0x000000008be00000, 0x000000008be00000, 0x000000008bf00000|  0%| F|  |TAMS 0x000000008be00000| PB 0x000000008be00000| Untracked 
|  23|0x000000008bf00000, 0x000000008bf00000, 0x000000008c000000|  0%| F|  |TAMS 0x000000008bf00000| PB 0x000000008bf00000| Untracked 
|  24|0x000000008c000000, 0x000000008c000000, 0x000000008c100000|  0%| F|  |TAMS 0x000000008c000000| PB 0x000000008c000000| Untracked 
|  25|0x000000008c100000, 0x000000008c100000, 0x000000008c200000|  0%| F|  |TAMS 0x000000008c100000| PB 0x000000008c100000| Untracked 
|  26|0x000000008c200000, 0x000000008c200000, 0x000000008c300000|  0%| F|  |TAMS 0x000000008c200000| PB 0x000000008c200000| Untracked 
|  27|0x000000008c300000, 0x000000008c300000, 0x000000008c400000|  0%| F|  |TAMS 0x000000008c300000| PB 0x000000008c300000| Untracked 
|  28|0x000000008c400000, 0x000000008c400000, 0x000000008c500000|  0%| F|  |TAMS 0x000000008c400000| PB 0x000000008c400000| Untracked 
|  29|0x000000008c500000, 0x000000008c500000, 0x000000008c600000|  0%| F|  |TAMS 0x000000008c500000| PB 0x000000008c500000| Untracked 
|  30|0x000000008c600000, 0x000000008c600000, 0x000000008c700000|  0%| F|  |TAMS 0x000000008c600000| PB 0x000000008c600000| Untracked 
|  31|0x000000008c700000, 0x000000008c700000, 0x000000008c800000|  0%| F|  |TAMS 0x000000008c700000| PB 0x000000008c700000| Untracked 
|  32|0x000000008c800000, 0x000000008c800000, 0x000000008c900000|  0%| F|  |TAMS 0x000000008c800000| PB 0x000000008c800000| Untracked 
|  33|0x000000008c900000, 0x000000008c900000, 0x000000008ca00000|  0%| F|  |TAMS 0x000000008c900000| PB 0x000000008c900000| Untracked 
|  34|0x000000008ca00000, 0x000000008ca00000, 0x000000008cb00000|  0%| F|  |TAMS 0x000000008ca00000| PB 0x000000008ca00000| Untracked 
|  35|0x000000008cb00000, 0x000000008cb00000, 0x000000008cc00000|  0%| F|  |TAMS 0x000000008cb00000| PB 0x000000008cb00000| Untracked 
|  36|0x000000008cc00000, 0x000000008cc00000, 0x000000008cd00000|  0%| F|  |TAMS 0x000000008cc00000| PB 0x000000008cc00000| Untracked 
|  37|0x000000008cd00000, 0x000000008cd00000, 0x000000008ce00000|  0%| F|  |TAMS 0x000000008cd00000| PB 0x000000008cd00000| Untracked 
|  38|0x000000008ce00000, 0x000000008ce00000, 0x000000008cf00000|  0%| F|  |TAMS 0x000000008ce00000| PB 0x000000008ce00000| Untracked 
|  39|0x000000008cf00000, 0x000000008cf00000, 0x000000008d000000|  0%| F|  |TAMS 0x000000008cf00000| PB 0x000000008cf00000| Untracked 
|  40|0x000000008d000000, 0x000000008d000000, 0x000000008d100000|  0%| F|  |TAMS 0x000000008d000000| PB 0x000000008d000000| Untracked 
|  41|0x000000008d100000, 0x000000008d100000, 0x000000008d200000|  0%| F|  |TAMS 0x000000008d100000| PB 0x000000008d100000| Untracked 
|  42|0x000000008d200000, 0x000000008d200000, 0x000000008d300000|  0%| F|  |TAMS 0x000000008d200000| PB 0x000000008d200000| Untracked 
|  43|0x000000008d300000, 0x000000008d300000, 0x000000008d400000|  0%| F|  |TAMS 0x000000008d300000| PB 0x000000008d300000| Untracked 
|  44|0x000000008d400000, 0x000000008d400000, 0x000000008d500000|  0%| F|  |TAMS 0x000000008d400000| PB 0x000000008d400000| Untracked 
|  45|0x000000008d500000, 0x000000008d500000, 0x000000008d600000|  0%| F|  |TAMS 0x000000008d500000| PB 0x000000008d500000| Untracked 
|  46|0x000000008d600000, 0x000000008d600000, 0x000000008d700000|  0%| F|  |TAMS 0x000000008d600000| PB 0x000000008d600000| Untracked 
|  47|0x000000008d700000, 0x000000008d700000, 0x000000008d800000|  0%| F|  |TAMS 0x000000008d700000| PB 0x000000008d700000| Untracked 
|  48|0x000000008d800000, 0x000000008d800000, 0x000000008d900000|  0%| F|  |TAMS 0x000000008d800000| PB 0x000000008d800000| Untracked 
|  49|0x000000008d900000, 0x000000008d900000, 0x000000008da00000|  0%| F|  |TAMS 0x000000008d900000| PB 0x000000008d900000| Untracked 
|  50|0x000000008da00000, 0x000000008da00000, 0x000000008db00000|  0%| F|  |TAMS 0x000000008da00000| PB 0x000000008da00000| Untracked 
|  51|0x000000008db00000, 0x000000008db00000, 0x000000008dc00000|  0%| F|  |TAMS 0x000000008db00000| PB 0x000000008db00000| Untracked 
|  52|0x000000008dc00000, 0x000000008dc00000, 0x000000008dd00000|  0%| F|  |TAMS 0x000000008dc00000| PB 0x000000008dc00000| Untracked 
|  53|0x000000008dd00000, 0x000000008dd00000, 0x000000008de00000|  0%| F|  |TAMS 0x000000008dd00000| PB 0x000000008dd00000| Untracked 
|  54|0x000000008de00000, 0x000000008de00000, 0x000000008df00000|  0%| F|  |TAMS 0x000000008de00000| PB 0x000000008de00000| Untracked 
|  55|0x000000008df00000, 0x000000008df00000, 0x000000008e000000|  0%| F|  |TAMS 0x000000008df00000| PB 0x000000008df00000| Untracked 
|  56|0x000000008e000000, 0x000000008e000000, 0x000000008e100000|  0%| F|  |TAMS 0x000000008e000000| PB 0x000000008e000000| Untracked 
|  57|0x000000008e100000, 0x000000008e100000, 0x000000008e200000|  0%| F|  |TAMS 0x000000008e100000| PB 0x000000008e100000| Untracked 
|  58|0x000000008e200000, 0x000000008e200000, 0x000000008e300000|  0%| F|  |TAMS 0x000000008e200000| PB 0x000000008e200000| Untracked 
|  59|0x000000008e300000, 0x000000008e300000, 0x000000008e400000|  0%| F|  |TAMS 0x000000008e300000| PB 0x000000008e300000| Untracked 
|  60|0x000000008e400000, 0x000000008e400000, 0x000000008e500000|  0%| F|  |TAMS 0x000000008e400000| PB 0x000000008e400000| Untracked 
|  61|0x000000008e500000, 0x000000008e500000, 0x000000008e600000|  0%| F|  |TAMS 0x000000008e500000| PB 0x000000008e500000| Untracked 
|  62|0x000000008e600000, 0x000000008e600000, 0x000000008e700000|  0%| F|  |TAMS 0x000000008e600000| PB 0x000000008e600000| Untracked 
|  63|0x000000008e700000, 0x000000008e700000, 0x000000008e800000|  0%| F|  |TAMS 0x000000008e700000| PB 0x000000008e700000| Untracked 
|  64|0x000000008e800000, 0x000000008e800000, 0x000000008e900000|  0%| F|  |TAMS 0x000000008e800000| PB 0x000000008e800000| Untracked 
|  65|0x000000008e900000, 0x000000008e900000, 0x000000008ea00000|  0%| F|  |TAMS 0x000000008e900000| PB 0x000000008e900000| Untracked 
|  66|0x000000008ea00000, 0x000000008ea00000, 0x000000008eb00000|  0%| F|  |TAMS 0x000000008ea00000| PB 0x000000008ea00000| Untracked 
|  67|0x000000008eb00000, 0x000000008eb00000, 0x000000008ec00000|  0%| F|  |TAMS 0x000000008eb00000| PB 0x000000008eb00000| Untracked 
|  68|0x000000008ec00000, 0x000000008ec00000, 0x000000008ed00000|  0%| F|  |TAMS 0x000000008ec00000| PB 0x000000008ec00000| Untracked 
|  69|0x000000008ed00000, 0x000000008ed00000, 0x000000008ee00000|  0%| F|  |TAMS 0x000000008ed00000| PB 0x000000008ed00000| Untracked 
|  70|0x000000008ee00000, 0x000000008ee00000, 0x000000008ef00000|  0%| F|  |TAMS 0x000000008ee00000| PB 0x000000008ee00000| Untracked 
|  71|0x000000008ef00000, 0x000000008ef00000, 0x000000008f000000|  0%| F|  |TAMS 0x000000008ef00000| PB 0x000000008ef00000| Untracked 
|  72|0x000000008f000000, 0x000000008f000000, 0x000000008f100000|  0%| F|  |TAMS 0x000000008f000000| PB 0x000000008f000000| Untracked 
|  73|0x000000008f100000, 0x000000008f100000, 0x000000008f200000|  0%| F|  |TAMS 0x000000008f100000| PB 0x000000008f100000| Untracked 
|  74|0x000000008f200000, 0x000000008f200000, 0x000000008f300000|  0%| F|  |TAMS 0x000000008f200000| PB 0x000000008f200000| Untracked 
|  75|0x000000008f300000, 0x000000008f300000, 0x000000008f400000|  0%| F|  |TAMS 0x000000008f300000| PB 0x000000008f300000| Untracked 
|  76|0x000000008f400000, 0x000000008f400000, 0x000000008f500000|  0%| F|  |TAMS 0x000000008f400000| PB 0x000000008f400000| Untracked 
|  77|0x000000008f500000, 0x000000008f500000, 0x000000008f600000|  0%| F|  |TAMS 0x000000008f500000| PB 0x000000008f500000| Untracked 
|  78|0x000000008f600000, 0x000000008f600000, 0x000000008f700000|  0%| F|  |TAMS 0x000000008f600000| PB 0x000000008f600000| Untracked 
|  79|0x000000008f700000, 0x000000008f700000, 0x000000008f800000|  0%| F|  |TAMS 0x000000008f700000| PB 0x000000008f700000| Untracked 
|  80|0x000000008f800000, 0x000000008f800000, 0x000000008f900000|  0%| F|  |TAMS 0x000000008f800000| PB 0x000000008f800000| Untracked 
|  81|0x000000008f900000, 0x000000008f900000, 0x000000008fa00000|  0%| F|  |TAMS 0x000000008f900000| PB 0x000000008f900000| Untracked 
|  82|0x000000008fa00000, 0x000000008fa00000, 0x000000008fb00000|  0%| F|  |TAMS 0x000000008fa00000| PB 0x000000008fa00000| Untracked 
|  83|0x000000008fb00000, 0x000000008fb00000, 0x000000008fc00000|  0%| F|  |TAMS 0x000000008fb00000| PB 0x000000008fb00000| Untracked 
|  84|0x000000008fc00000, 0x000000008fc00000, 0x000000008fd00000|  0%| F|  |TAMS 0x000000008fc00000| PB 0x000000008fc00000| Untracked 
|  85|0x000000008fd00000, 0x000000008fd00000, 0x000000008fe00000|  0%| F|  |TAMS 0x000000008fd00000| PB 0x000000008fd00000| Untracked 
|  86|0x000000008fe00000, 0x000000008fe00000, 0x000000008ff00000|  0%| F|  |TAMS 0x000000008fe00000| PB 0x000000008fe00000| Untracked 
|  87|0x000000008ff00000, 0x000000008ff00000, 0x0000000090000000|  0%| F|  |TAMS 0x000000008ff00000| PB 0x000000008ff00000| Untracked 
|  88|0x0000000090000000, 0x0000000090000000, 0x0000000090100000|  0%| F|  |TAMS 0x0000000090000000| PB 0x0000000090000000| Untracked 
|  89|0x0000000090100000, 0x0000000090100000, 0x0000000090200000|  0%| F|  |TAMS 0x0000000090100000| PB 0x0000000090100000| Untracked 
|  90|0x0000000090200000, 0x0000000090200000, 0x0000000090300000|  0%| F|  |TAMS 0x0000000090200000| PB 0x0000000090200000| Untracked 
|  91|0x0000000090300000, 0x0000000090300000, 0x0000000090400000|  0%| F|  |TAMS 0x0000000090300000| PB 0x0000000090300000| Untracked 
|  92|0x0000000090400000, 0x0000000090400000, 0x0000000090500000|  0%| F|  |TAMS 0x0000000090400000| PB 0x0000000090400000| Untracked 
|  93|0x0000000090500000, 0x0000000090500000, 0x0000000090600000|  0%| F|  |TAMS 0x0000000090500000| PB 0x0000000090500000| Untracked 
|  94|0x0000000090600000, 0x0000000090600000, 0x0000000090700000|  0%| F|  |TAMS 0x0000000090600000| PB 0x0000000090600000| Untracked 
|  95|0x0000000090700000, 0x0000000090700000, 0x0000000090800000|  0%| F|  |TAMS 0x0000000090700000| PB 0x0000000090700000| Untracked 
|  96|0x0000000090800000, 0x0000000090800000, 0x0000000090900000|  0%| F|  |TAMS 0x0000000090800000| PB 0x0000000090800000| Untracked 
|  97|0x0000000090900000, 0x0000000090900000, 0x0000000090a00000|  0%| F|  |TAMS 0x0000000090900000| PB 0x0000000090900000| Untracked 
|  98|0x0000000090a00000, 0x0000000090a00000, 0x0000000090b00000|  0%| F|  |TAMS 0x0000000090a00000| PB 0x0000000090a00000| Untracked 
|  99|0x0000000090b00000, 0x0000000090b00000, 0x0000000090c00000|  0%| F|  |TAMS 0x0000000090b00000| PB 0x0000000090b00000| Untracked 
| 100|0x0000000090c00000, 0x0000000090c00000, 0x0000000090d00000|  0%| F|  |TAMS 0x0000000090c00000| PB 0x0000000090c00000| Untracked 
| 101|0x0000000090d00000, 0x0000000090d76470, 0x0000000090e00000| 46%| E|  |TAMS 0x0000000090d00000| PB 0x0000000090d00000| Complete 
| 102|0x0000000090e00000, 0x0000000090f00000, 0x0000000090f00000|100%| E|CS|TAMS 0x0000000090e00000| PB 0x0000000090e00000| Complete 
| 103|0x0000000090f00000, 0x0000000091000000, 0x0000000091000000|100%| E|CS|TAMS 0x0000000090f00000| PB 0x0000000090f00000| Complete 
| 104|0x0000000091000000, 0x0000000091100000, 0x0000000091100000|100%| E|CS|TAMS 0x0000000091000000| PB 0x0000000091000000| Complete 
| 105|0x0000000091100000, 0x0000000091200000, 0x0000000091200000|100%| E|CS|TAMS 0x0000000091100000| PB 0x0000000091100000| Complete 
| 106|0x0000000091200000, 0x0000000091300000, 0x0000000091300000|100%| E|CS|TAMS 0x0000000091200000| PB 0x0000000091200000| Complete 
| 107|0x0000000091300000, 0x0000000091400000, 0x0000000091400000|100%| E|CS|TAMS 0x0000000091300000| PB 0x0000000091300000| Complete 
| 108|0x0000000091400000, 0x0000000091500000, 0x0000000091500000|100%| E|CS|TAMS 0x0000000091400000| PB 0x0000000091400000| Complete 
| 109|0x0000000091500000, 0x0000000091600000, 0x0000000091600000|100%| E|CS|TAMS 0x0000000091500000| PB 0x0000000091500000| Complete 
| 110|0x0000000091600000, 0x0000000091700000, 0x0000000091700000|100%| E|  |TAMS 0x0000000091600000| PB 0x0000000091600000| Complete 
| 111|0x0000000091700000, 0x0000000091800000, 0x0000000091800000|100%| E|CS|TAMS 0x0000000091700000| PB 0x0000000091700000| Complete 
| 112|0x0000000091800000, 0x0000000091900000, 0x0000000091900000|100%| E|CS|TAMS 0x0000000091800000| PB 0x0000000091800000| Complete 
| 113|0x0000000091900000, 0x0000000091a00000, 0x0000000091a00000|100%| E|CS|TAMS 0x0000000091900000| PB 0x0000000091900000| Complete 
| 114|0x0000000091a00000, 0x0000000091b00000, 0x0000000091b00000|100%| E|CS|TAMS 0x0000000091a00000| PB 0x0000000091a00000| Complete 
| 115|0x0000000091b00000, 0x0000000091c00000, 0x0000000091c00000|100%| E|CS|TAMS 0x0000000091b00000| PB 0x0000000091b00000| Complete 
| 116|0x0000000091c00000, 0x0000000091d00000, 0x0000000091d00000|100%| E|CS|TAMS 0x0000000091c00000| PB 0x0000000091c00000| Complete 
| 117|0x0000000091d00000, 0x0000000091e00000, 0x0000000091e00000|100%| E|CS|TAMS 0x0000000091d00000| PB 0x0000000091d00000| Complete 

Card table byte_map: [0x000001bad5330000,0x000001bad56e0000] _byte_map_base: 0x000001bad4edc000

Marking Bits: (CMBitMap*) 0x000001babd9d56f0
 Bits: [0x000001bad5a90000, 0x000001bad77f0000)

Polling page: 0x000001babb900000

Metaspace:

Usage:
  Non-class:     10.34 MB used.
      Class:      1.26 MB used.
       Both:     11.61 MB used.

Virtual space:
  Non-class space:       64.00 MB reserved,      10.44 MB ( 16%) committed,  1 nodes.
      Class space:        1.00 GB reserved,       1.38 MB ( <1%) committed,  1 nodes.
             Both:        1.06 GB reserved,      11.81 MB (  1%) committed. 

Chunk freelists:
   Non-Class:  672.00 KB
       Class:  2.56 MB
        Both:  3.22 MB

MaxMetaspaceSize: unlimited
CompressedClassSpaceSize: 1.00 GB
Initial GC threshold: 21.00 MB
Current GC threshold: 21.00 MB
CDS: on
MetaspaceReclaimPolicy: balanced
 - commit_granule_bytes: 65536.
 - commit_granule_words: 8192.
 - virtual_space_node_default_size: 8388608.
 - enlarge_chunks_in_place: 1.
 - new_chunks_are_fully_committed: 0.
 - uncommit_free_chunks: 1.
 - use_allocation_guard: 0.


Internal statistics:

num_allocs_failed_limit: 0.
num_arena_births: 170.
num_arena_deaths: 0.
num_vsnodes_births: 2.
num_vsnodes_deaths: 0.
num_space_committed: 189.
num_space_uncommitted: 0.
num_chunks_returned_to_freelist: 0.
num_chunks_taken_from_freelist: 330.
num_chunk_merges: 0.
num_chunk_splits: 208.
num_chunks_enlarged: 126.
num_inconsistent_stats: 0.

CodeHeap 'non-profiled nmethods': size=120000Kb used=442Kb max_used=442Kb free=119557Kb
 bounds [0x000001bacd500000, 0x000001bacd770000, 0x000001bad4a30000]
CodeHeap 'profiled nmethods': size=120000Kb used=2172Kb max_used=2172Kb free=117827Kb
 bounds [0x000001bac5a30000, 0x000001bac5ca0000, 0x000001baccf60000]
CodeHeap 'non-nmethods': size=5760Kb used=1652Kb max_used=1666Kb free=4107Kb
 bounds [0x000001baccf60000, 0x000001bacd1d0000, 0x000001bacd500000]
 total_blobs=2065 nmethods=1411 adapters=565
 compilation: enabled
              stopped_count=0, restarted_count=0
 full_count=0

Compilation events (20 events):
Event: 0.881 Thread 0x000001bade808090 1402       1       java.awt.geom.AffineTransform::getTranslateX (5 bytes)
Event: 0.881 Thread 0x000001bade808090 nmethod 1402 0x000001bacd56d910 code [0x000001bacd56da80, 0x000001bacd56db48]
Event: 0.881 Thread 0x000001bade808090 1403       1       java.awt.geom.AffineTransform::getTranslateY (5 bytes)
Event: 0.881 Thread 0x000001bade808090 nmethod 1403 0x000001bacd56dc10 code [0x000001bacd56dd80, 0x000001bacd56de48]
Event: 0.881 Thread 0x000001bade808090 1404       1       java.awt.BasicStroke::getLineWidth (5 bytes)
Event: 0.881 Thread 0x000001bade808090 nmethod 1404 0x000001bacd56df10 code [0x000001bacd56e080, 0x000001bacd56e148]
Event: 0.881 Thread 0x000001bade808090 1405       1       java.awt.geom.AffineTransform::getShearY (5 bytes)
Event: 0.881 Thread 0x000001bade808090 nmethod 1405 0x000001bacd56e210 code [0x000001bacd56e380, 0x000001bacd56e448]
Event: 0.882 Thread 0x000001bade808090 1407       3       sun.java2d.SunGraphics2D::invalidateTransform (226 bytes)
Event: 0.882 Thread 0x000001bade808090 nmethod 1407 0x000001bac5c47b90 code [0x000001bac5c47de0, 0x000001bac5c486e8]
Event: 0.882 Thread 0x000001bade808090 1408       3       sun.java2d.SurfaceData::pixelFor (13 bytes)
Event: 0.883 Thread 0x000001bade808090 nmethod 1408 0x000001bac5c48990 code [0x000001bac5c48b20, 0x000001bac5c48d60]
Event: 0.883 Thread 0x000001bade808090 1409       3       sun.java2d.loops.SurfaceType::pixelFor (10 bytes)
Event: 0.883 Thread 0x000001bade808090 nmethod 1409 0x000001bac5c48e90 code [0x000001bac5c49020, 0x000001bac5c491f0]
Event: 0.883 Thread 0x000001bade808090 1410       3       javax.swing.UIDefaults$TextAndMnemonicHashMap::get (358 bytes)
Event: 0.886 Thread 0x000001bade808090 nmethod 1410 0x000001bac5c49290 code [0x000001bac5c49a80, 0x000001bac5c4d8e8]
Event: 0.886 Thread 0x000001bade808090 1406       1       java.awt.BasicStroke::getEndCap (5 bytes)
Event: 0.886 Thread 0x000001bade808090 nmethod 1406 0x000001bacd56e510 code [0x000001bacd56e680, 0x000001bacd56e748]
Event: 0.897 Thread 0x000001bade808090 1411       1       java.awt.Component::isMinimumSizeSet (5 bytes)
Event: 0.897 Thread 0x000001bade808090 nmethod 1411 0x000001bacd56e810 code [0x000001bacd56e980, 0x000001bacd56ea50]

GC Heap History (0 events):
No events

Dll operation events (10 events):
Event: 0.006 Loaded shared library C:\Program Files\Java\jdk-20\bin\java.dll
Event: 0.014 Loaded shared library C:\Program Files\Java\jdk-20\bin\jsvml.dll
Event: 0.051 Loaded shared library C:\Program Files\Java\jdk-20\bin\net.dll
Event: 0.053 Loaded shared library C:\Program Files\Java\jdk-20\bin\nio.dll
Event: 0.074 Loaded shared library C:\Program Files\Java\jdk-20\bin\zip.dll
Event: 0.083 Loaded shared library C:\Program Files\Java\jdk-20\bin\jimage.dll
Event: 0.096 Loaded shared library C:\Program Files\Java\jdk-20\bin\awt.dll
Event: 0.280 Loaded shared library C:\Program Files\Java\jdk-20\bin\freetype.dll
Event: 0.281 Loaded shared library C:\Program Files\Java\jdk-20\bin\fontmanager.dll
Event: 0.537 Loaded shared library C:\Program Files\Java\jdk-20\bin\extnet.dll

Deoptimization events (20 events):
Event: 0.367 Thread 0x000001badeb9bbd0 Uncommon trap: trap_request=0xffffffc6 fr.pc=0x000001bacd52f7bc relative=0x0000000000000abc
Event: 0.367 Thread 0x000001badeb9bbd0 Uncommon trap: reason=bimorphic_or_optimized_type_check action=maybe_recompile pc=0x000001bacd52f7bc method=java.util.HashMap.putVal(ILjava/lang/Object;Ljava/lang/Object;ZZ)Ljava/lang/Object; @ 152 c2
Event: 0.367 Thread 0x000001badeb9bbd0 DEOPT PACKING pc=0x000001bacd52f7bc sp=0x00000061f41fdc10
Event: 0.367 Thread 0x000001badeb9bbd0 DEOPT UNPACKING pc=0x000001baccfc9d22 sp=0x00000061f41fdb38 mode 2
Event: 0.370 Thread 0x000001badeb9bbd0 DEOPT PACKING pc=0x000001bac5a4eed7 sp=0x00000061f41f9170
Event: 0.370 Thread 0x000001badeb9bbd0 DEOPT UNPACKING pc=0x000001baccfca4c2 sp=0x00000061f41f8590 mode 0
Event: 0.394 Thread 0x000001badeb9bbd0 DEOPT PACKING pc=0x000001bac5a38dc1 sp=0x00000061f41fd060
Event: 0.394 Thread 0x000001badeb9bbd0 DEOPT UNPACKING pc=0x000001baccfca4c2 sp=0x00000061f41fc4d8 mode 0
Event: 0.552 Thread 0x000001badeb9bbd0 DEOPT PACKING pc=0x000001bac5b42647 sp=0x00000061f41fa090
Event: 0.552 Thread 0x000001badeb9bbd0 DEOPT UNPACKING pc=0x000001baccfca4c2 sp=0x00000061f41f9528 mode 0
Event: 0.671 Thread 0x000001badeb9bbd0 Uncommon trap: trap_request=0xffffff45 fr.pc=0x000001bacd54fb4c relative=0x00000000000000cc
Event: 0.671 Thread 0x000001badeb9bbd0 Uncommon trap: reason=unstable_if action=reinterpret pc=0x000001bacd54fb4c method=java.util.concurrent.locks.ReentrantLock$Sync.tryRelease(I)Z @ 26 c2
Event: 0.671 Thread 0x000001badeb9bbd0 DEOPT PACKING pc=0x000001bacd54fb4c sp=0x00000061f41feb60
Event: 0.671 Thread 0x000001badeb9bbd0 DEOPT UNPACKING pc=0x000001baccfc9d22 sp=0x00000061f41feb00 mode 2
Event: 0.787 Thread 0x000001badeb9bbd0 DEOPT PACKING pc=0x000001bac5ae67ae sp=0x00000061f41fccf0
Event: 0.787 Thread 0x000001badeb9bbd0 DEOPT UNPACKING pc=0x000001baccfca4c2 sp=0x00000061f41fc190 mode 0
Event: 0.850 Thread 0x000001badee12600 Uncommon trap: trap_request=0xffffff45 fr.pc=0x000001bacd54f7c0 relative=0x0000000000000040
Event: 0.850 Thread 0x000001badee12600 Uncommon trap: reason=unstable_if action=reinterpret pc=0x000001bacd54f7c0 method=java.util.concurrent.locks.AbstractQueuedSynchronizer.signalNext(Ljava/util/concurrent/locks/AbstractQueuedSynchronizer$Node;)V @ 1 c2
Event: 0.850 Thread 0x000001badee12600 DEOPT PACKING pc=0x000001bacd54f7c0 sp=0x00000061f4dff320
Event: 0.850 Thread 0x000001badee12600 DEOPT UNPACKING pc=0x000001baccfc9d22 sp=0x00000061f4dff2b0 mode 2

Classes loaded (20 events):
Event: 0.847 Loading class java/awt/Toolkit$SelectiveAWTEventListener done
Event: 0.847 Loading class java/awt/Toolkit$ToolkitEventMulticaster
Event: 0.847 Loading class java/awt/Toolkit$ToolkitEventMulticaster done
Event: 0.848 Loading class java/awt/TextComponent
Event: 0.848 Loading class java/awt/TextComponent done
Event: 0.848 Loading class javax/swing/text/JTextComponent
Event: 0.849 Loading class javax/swing/text/JTextComponent done
Event: 0.896 Loading class java/awt/event/ContainerEvent
Event: 0.897 Loading class java/awt/event/ContainerEvent done
Event: 0.897 Loading class java/awt/KeyboardFocusManager$3
Event: 0.897 Loading class java/awt/KeyboardFocusManager$3 done
Event: 0.902 Loading class sun/awt/im/CompositionAreaHandler
Event: 0.903 Loading class sun/awt/im/CompositionAreaHandler done
Event: 0.903 Loading class java/text/AttributedString
Event: 0.903 Loading class java/text/AttributedString done
Event: 0.903 Loading class java/text/AttributedString$AttributedStringIterator
Event: 0.903 Loading class java/text/AttributedCharacterIterator
Event: 0.903 Loading class java/text/CharacterIterator
Event: 0.903 Loading class java/text/CharacterIterator done
Event: 0.903 Loading class java/text/AttributedCharacterIterator done

Classes unloaded (0 events):
No events

Classes redefined (0 events):
No events

Internal exceptions (20 events):
Event: 0.056 Thread 0x000001babd9764b0 Exception <a 'sun/nio/fs/WindowsException'{0x0000000091c4e4c8}> (0x0000000091c4e4c8) 
thrown [s\open\src\hotspot\share\prims\jni.cpp, line 519]
Event: 0.058 Thread 0x000001babd9764b0 Exception <a 'sun/nio/fs/WindowsException'{0x0000000091c58600}> (0x0000000091c58600) 
thrown [s\open\src\hotspot\share\prims\jni.cpp, line 519]
Event: 0.059 Thread 0x000001babd9764b0 Exception <a 'sun/nio/fs/WindowsException'{0x0000000091c59048}> (0x0000000091c59048) 
thrown [s\open\src\hotspot\share\prims\jni.cpp, line 519]
Event: 0.059 Thread 0x000001babd9764b0 Exception <a 'sun/nio/fs/WindowsException'{0x0000000091c5a2b0}> (0x0000000091c5a2b0) 
thrown [s\open\src\hotspot\share\prims\jni.cpp, line 519]
Event: 0.059 Thread 0x000001babd9764b0 Exception <a 'sun/nio/fs/WindowsException'{0x0000000091c5b108}> (0x0000000091c5b108) 
thrown [s\open\src\hotspot\share\prims\jni.cpp, line 519]
Event: 0.087 Thread 0x000001babd9764b0 Exception <a 'java/lang/ClassNotFoundException'{0x0000000091bacda8}: sun/awt/resources/spi/awtProvider> (0x0000000091bacda8) 
thrown [s\open\src\hotspot\share\classfile\systemDictionary.cpp, line 305]
Event: 0.103 Thread 0x000001babd9764b0 Exception <a 'java/io/FileNotFoundException'{0x0000000091a03a78}> (0x0000000091a03a78) 
thrown [s\open\src\hotspot\share\prims\jni.cpp, line 519]
Event: 0.108 Thread 0x000001babd9764b0 Exception <a 'java/io/FileNotFoundException'{0x0000000091a2da08}> (0x0000000091a2da08) 
thrown [s\open\src\hotspot\share\prims\jni.cpp, line 519]
Event: 0.217 Thread 0x000001badeb9bbd0 Exception <a 'java/lang/NoSuchMethodError'{0x0000000091955200}: 'void java.lang.invoke.DirectMethodHandle$Holder.invokeSpecial(java.lang.Object, java.lang.Object, java.lang.Object)'> (0x0000000091955200) 
thrown [s\open\src\hotspot\share\interpreter\linkResolver.cpp, line 773]
Event: 0.224 Thread 0x000001badeb9bbd0 Exception <a 'java/lang/NoSuchMethodError'{0x000000009197fbe8}: 'java.lang.Object java.lang.invoke.DirectMethodHandle$Holder.newInvokeSpecial(java.lang.Object, java.lang.Object, java.lang.Object, java.lang.Object, java.lang.Object)'> (0x000000009197fbe8) 
thrown [s\open\src\hotspot\share\interpreter\linkResolver.cpp, line 773]
Event: 0.229 Thread 0x000001badeb9bbd0 Exception <a 'java/lang/NoSuchMethodError'{0x00000000919b0490}: 'java.lang.Object java.lang.invoke.DirectMethodHandle$Holder.invokeStatic(java.lang.Object, int, java.lang.Object)'> (0x00000000919b0490) 
thrown [s\open\src\hotspot\share\interpreter\linkResolver.cpp, line 773]
Event: 0.247 Thread 0x000001badeb9bbd0 Exception <a 'java/lang/ClassNotFoundException'{0x000000009186b658}: com/sun/swing/internal/plaf/metal/resources/spi/metalProvider> (0x000000009186b658) 
thrown [s\open\src\hotspot\share\classfile\systemDictionary.cpp, line 305]
Event: 0.248 Thread 0x000001badeb9bbd0 Exception <a 'java/lang/ClassNotFoundException'{0x000000009186f588}: com/sun/swing/internal/plaf/basic/resources/spi/basicProvider> (0x000000009186f588) 
thrown [s\open\src\hotspot\share\classfile\systemDictionary.cpp, line 305]
Event: 0.257 Thread 0x000001badeb9bbd0 Exception <a 'java/lang/NoSuchMethodError'{0x000000009188e950}: 'int java.lang.invoke.Invokers$Holder.invokeExact_MT(java.lang.Object, java.lang.Object)'> (0x000000009188e950) 
thrown [s\open\src\hotspot\share\interpreter\linkResolver.cpp, line 773]
Event: 0.266 Thread 0x000001badeb8ae90 Exception <a 'java/lang/NoSuchMethodError'{0x0000000091afb730}: 'void java.lang.invoke.DirectMethodHandle$Holder.invokeVirtual(java.lang.Object, java.lang.Object)'> (0x0000000091afb730) 
thrown [s\open\src\hotspot\share\interpreter\linkResolver.cpp, line 773]
Event: 0.278 Thread 0x000001badeb9bbd0 Exception <a 'java/lang/NoSuchMethodError'{0x00000000918b7d98}: 'void java.lang.invoke.DirectMethodHandle$Holder.invokeStaticInit(java.lang.Object)'> (0x00000000918b7d98) 
thrown [s\open\src\hotspot\share\interpreter\linkResolver.cpp, line 773]
Event: 0.402 Thread 0x000001badeb9bbd0 Exception <a 'java/lang/NoSuchMethodError'{0x0000000091657788}: 'java.lang.Object java.lang.invoke.DirectMethodHandle$Holder.invokeInterface(java.lang.Object, java.lang.Object)'> (0x0000000091657788) 
thrown [s\open\src\hotspot\share\interpreter\linkResolver.cpp, line 773]
Event: 0.434 Thread 0x000001badeb9bbd0 Exception <a 'java/lang/NoSuchMethodError'{0x00000000916d2058}: 'void java.lang.invoke.DirectMethodHandle$Holder.invokeStatic(java.lang.Object, java.lang.Object, java.lang.Object)'> (0x00000000916d2058) 
thrown [s\open\src\hotspot\share\interpreter\linkResolver.cpp, line 773]
Event: 0.438 Thread 0x000001badeb9bbd0 Exception <a 'java/lang/NoSuchMethodError'{0x00000000916dbb68}: 'java.lang.Object java.lang.invoke.DirectMethodHandle$Holder.invokeVirtual(java.lang.Object, java.lang.Object, java.lang.Object)'> (0x00000000916dbb68) 
thrown [s\open\src\hotspot\share\interpreter\linkResolver.cpp, line 773]
Event: 0.539 Thread 0x000001badeb9bbd0 Exception <a 'java/lang/NoSuchMethodError'{0x00000000913e7458}: 'void java.lang.invoke.DirectMethodHandle$Holder.invokeStatic(java.lang.Object, java.lang.Object)'> (0x00000000913e7458) 
thrown [s\open\src\hotspot\share\interpreter\linkResolver.cpp, line 773]

VM Operations (20 events):
Event: 0.060 Executing VM operation: HandshakeAllThreads
Event: 0.060 Executing VM operation: HandshakeAllThreads done
Event: 0.114 Executing VM operation: HandshakeAllThreads
Event: 0.114 Executing VM operation: HandshakeAllThreads done
Event: 0.271 Executing VM operation: HandshakeAllThreads
Event: 0.271 Executing VM operation: HandshakeAllThreads done
Event: 0.383 Executing VM operation: HandshakeAllThreads
Event: 0.383 Executing VM operation: HandshakeAllThreads done
Event: 0.521 Executing VM operation: HandshakeAllThreads
Event: 0.521 Executing VM operation: HandshakeAllThreads done
Event: 0.640 Executing VM operation: HandshakeAllThreads
Event: 0.640 Executing VM operation: HandshakeAllThreads done
Event: 0.706 Executing VM operation: ICBufferFull
Event: 0.706 Executing VM operation: ICBufferFull done
Event: 0.727 Executing VM operation: HandshakeAllThreads
Event: 0.727 Executing VM operation: HandshakeAllThreads done
Event: 0.845 Executing VM operation: HandshakeAllThreads
Event: 0.845 Executing VM operation: HandshakeAllThreads done
Event: 0.848 Executing VM operation: HandshakeAllThreads
Event: 0.848 Executing VM operation: HandshakeAllThreads done

Events (20 events):
Event: 0.014 Thread 0x000001babd9764b0 Thread added: 0x000001babd9764b0
Event: 0.023 Thread 0x000001bad9bf0380 Thread added: 0x000001bad9bf0380
Event: 0.023 Thread 0x000001bad9bf0c30 Thread added: 0x000001bad9bf0c30
Event: 0.024 Thread 0x000001bad9bf4920 Thread added: 0x000001bad9bf4920
Event: 0.024 Thread 0x000001bad9bf8130 Thread added: 0x000001bad9bf8130
Event: 0.024 Thread 0x000001bad9bf8900 Thread added: 0x000001bad9bf8900
Event: 0.024 Thread 0x000001bad9bf9460 Thread added: 0x000001bad9bf9460
Event: 0.024 Thread 0x000001bad9c00bf0 Thread added: 0x000001bad9c00bf0
Event: 0.024 Thread 0x000001bade808090 Thread added: 0x000001bade808090
Event: 0.042 Thread 0x000001bad9bb5df0 Thread added: 0x000001bad9bb5df0
Event: 0.068 Thread 0x000001bade9afed0 Thread added: 0x000001bade9afed0
Event: 0.072 Thread 0x000001bade9f78f0 Thread added: 0x000001bade9f78f0
Event: 0.130 Thread 0x000001badeb6cc30 Thread added: 0x000001badeb6cc30
Event: 0.131 Thread 0x000001badeb22130 Thread added: 0x000001badeb22130
Event: 0.132 Thread 0x000001badeb8ae90 Thread added: 0x000001badeb8ae90
Event: 0.146 Thread 0x000001badeb9bbd0 Thread added: 0x000001badeb9bbd0
Event: 0.146 Thread 0x000001babd9764b0 Thread exited: 0x000001babd9764b0
Event: 0.146 Thread 0x000001babd9764b0 Thread added: 0x000001babd9764b0
Event: 0.373 Thread 0x000001badee10620 Thread added: 0x000001badee10620
Event: 0.745 Thread 0x000001badee12600 Thread added: 0x000001badee12600


Dynamic libraries:
0x00007ff77fed0000 - 0x00007ff77fee0000 	C:\Program Files\Java\jdk-20\bin\java.exe
0x00007fffe6050000 - 0x00007fffe6267000 	C:\WINDOWS\SYSTEM32\ntdll.dll
0x00007fffe58b0000 - 0x00007fffe5974000 	C:\WINDOWS\System32\KERNEL32.DLL
0x00007fffe3730000 - 0x00007fffe3ad6000 	C:\WINDOWS\System32\KERNELBASE.dll
0x00007fffe3b60000 - 0x00007fffe3c71000 	C:\WINDOWS\System32\ucrtbase.dll
0x00007fffd7b70000 - 0x00007fffd7b8b000 	C:\Program Files\Java\jdk-20\bin\VCRUNTIME140.dll
0x00007fffe06f0000 - 0x00007fffe0709000 	C:\Program Files\Java\jdk-20\bin\jli.dll
0x00007fffe5c80000 - 0x00007fffe5d30000 	C:\WINDOWS\System32\ADVAPI32.dll
0x00007fffe5bc0000 - 0x00007fffe5c67000 	C:\WINDOWS\System32\msvcrt.dll
0x00007fffe5720000 - 0x00007fffe57c6000 	C:\WINDOWS\System32\sechost.dll
0x00007fffe3e30000 - 0x00007fffe3f47000 	C:\WINDOWS\System32\RPCRT4.dll
0x00007fffe3f50000 - 0x00007fffe40fd000 	C:\WINDOWS\System32\USER32.dll
0x00007fffe33d0000 - 0x00007fffe33f6000 	C:\WINDOWS\System32\win32u.dll
0x00007fffd2600000 - 0x00007fffd2893000 	C:\WINDOWS\WinSxS\amd64_microsoft.windows.common-controls_6595b64144ccf1df_6.0.22621.2361_none_2712ced57382f843\COMCTL32.dll
0x00007fffe5de0000 - 0x00007fffe5e09000 	C:\WINDOWS\System32\GDI32.dll
0x00007fffe3400000 - 0x00007fffe3518000 	C:\WINDOWS\System32\gdi32full.dll
0x00007fffe3520000 - 0x00007fffe35ba000 	C:\WINDOWS\System32\msvcp_win.dll
0x00007fffda820000 - 0x00007fffda82a000 	C:\WINDOWS\SYSTEM32\VERSION.dll
0x00007fffe4100000 - 0x00007fffe4131000 	C:\WINDOWS\System32\IMM32.DLL
0x00007fffdcc30000 - 0x00007fffdcc3c000 	C:\Program Files\Java\jdk-20\bin\vcruntime140_1.dll
0x00007fffc2ea0000 - 0x00007fffc2f2e000 	C:\Program Files\Java\jdk-20\bin\msvcp140.dll
0x00007fffc9760000 - 0x00007fffca3f7000 	C:\Program Files\Java\jdk-20\bin\server\jvm.dll
0x00007fffc95d0000 - 0x00007fffc95d9000 	C:\WINDOWS\SYSTEM32\WSOCK32.dll
0x00007fffdc510000 - 0x00007fffdc544000 	C:\WINDOWS\SYSTEM32\WINMM.dll
0x00007fffe5d40000 - 0x00007fffe5db1000 	C:\WINDOWS\System32\WS2_32.dll
0x00007fffe23b0000 - 0x00007fffe23c8000 	C:\WINDOWS\SYSTEM32\kernel.appcore.dll
0x00007fffca480000 - 0x00007fffca48a000 	C:\Program Files\Java\jdk-20\bin\jimage.dll
0x00007fffd9b10000 - 0x00007fffd9d3e000 	C:\WINDOWS\SYSTEM32\DBGHELP.DLL
0x00007fffe4950000 - 0x00007fffe4cda000 	C:\WINDOWS\System32\combase.dll
0x00007fffe57d0000 - 0x00007fffe58a7000 	C:\WINDOWS\System32\OLEAUT32.dll
0x00007fffce9e0000 - 0x00007fffcea12000 	C:\WINDOWS\SYSTEM32\dbgcore.DLL
0x00007fffe3ae0000 - 0x00007fffe3b5a000 	C:\WINDOWS\System32\bcryptPrimitives.dll
0x00007fffc95e0000 - 0x00007fffc9606000 	C:\Program Files\Java\jdk-20\bin\java.dll
0x00007fffc70b0000 - 0x00007fffc7187000 	C:\Program Files\Java\jdk-20\bin\jsvml.dll
0x00007fffe4ea0000 - 0x00007fffe56f8000 	C:\WINDOWS\System32\SHELL32.dll
0x00007fffe1330000 - 0x00007fffe1c22000 	C:\WINDOWS\SYSTEM32\windows.storage.dll
0x00007fffe11f0000 - 0x00007fffe132e000 	C:\WINDOWS\SYSTEM32\wintypes.dll
0x00007fffe4da0000 - 0x00007fffe4e93000 	C:\WINDOWS\System32\SHCORE.dll
0x00007fffe4d40000 - 0x00007fffe4d9e000 	C:\WINDOWS\System32\shlwapi.dll
0x00007fffe3300000 - 0x00007fffe3326000 	C:\WINDOWS\SYSTEM32\profapi.dll
0x00007fffdcfd0000 - 0x00007fffdcfe3000 	C:\Program Files\Java\jdk-20\bin\net.dll
0x00007fffdae80000 - 0x00007fffdafb7000 	C:\WINDOWS\SYSTEM32\WINHTTP.dll
0x00007fffe2890000 - 0x00007fffe28f9000 	C:\WINDOWS\system32\mswsock.dll
0x00007fffdc570000 - 0x00007fffdc586000 	C:\Program Files\Java\jdk-20\bin\nio.dll
0x00007fffc0de0000 - 0x00007fffc0df8000 	C:\Program Files\Java\jdk-20\bin\zip.dll
0x00007fffc2f30000 - 0x00007fffc30c1000 	C:\Program Files\Java\jdk-20\bin\awt.dll
0x00007fffe0780000 - 0x00007fffe0817000 	C:\WINDOWS\SYSTEM32\apphelp.dll
0x00007fffe0940000 - 0x00007fffe09eb000 	C:\WINDOWS\system32\uxtheme.dll
0x00007fffe5ec0000 - 0x00007fffe600c000 	C:\WINDOWS\System32\MSCTF.dll
0x00007fffe47b0000 - 0x00007fffe494f000 	C:\WINDOWS\System32\ole32.dll
0x00007fffe0ba0000 - 0x00007fffe0bcb000 	C:\WINDOWS\system32\DWMAPI.DLL
0x00007fff97530000 - 0x00007fff97630000 	C:\WINDOWS\system32\opengl32.dll
0x00007fffa78f0000 - 0x00007fffa791d000 	C:\WINDOWS\SYSTEM32\GLU32.dll
0x00007fffe0a50000 - 0x00007fffe0a86000 	C:\WINDOWS\SYSTEM32\dxcore.dll
0x00007fffd8350000 - 0x00007fffd84f9000 	C:\WINDOWS\system32\d3d9.dll
0x00007fffd93f0000 - 0x00007fffd95cb000 	C:\WINDOWS\System32\DriverStore\FileRepository\u0371182.inf_amd64_e046f8d87ec91fad\B371034\aticfx64.dll
0x00007fffa6290000 - 0x00007fffa62c3000 	C:\WINDOWS\System32\DriverStore\FileRepository\u0371182.inf_amd64_e046f8d87ec91fad\B371034\atiu9p64.dll
0x00007fff95820000 - 0x00007fff9652c000 	C:\WINDOWS\System32\DriverStore\FileRepository\u0371182.inf_amd64_e046f8d87ec91fad\B371034\atiumd64.dll
0x00000000532d0000 - 0x000000005418e000 	C:\WINDOWS\System32\DriverStore\FileRepository\u0371182.inf_amd64_e046f8d87ec91fad\B371034\atiumd6a.dll
0x00007fffe32a0000 - 0x00007fffe32ed000 	C:\WINDOWS\SYSTEM32\POWRPROF.dll
0x00007fffe2ca0000 - 0x00007fffe2cc8000 	C:\WINDOWS\SYSTEM32\bcrypt.dll
0x00007fffe30d0000 - 0x00007fffe30e3000 	C:\WINDOWS\SYSTEM32\UMPDC.dll
0x00007fffd8bd0000 - 0x00007fffd8bff000 	C:\WINDOWS\SYSTEM32\amdihk64.dll
0x00007fffdd3e0000 - 0x00007fffdd42a000 	C:\WINDOWS\SYSTEM32\directxdatabasehelper.dll
0x00007fffc2e10000 - 0x00007fffc2e96000 	C:\Program Files\Java\jdk-20\bin\freetype.dll
0x00007fffc2d40000 - 0x00007fffc2e06000 	C:\Program Files\Java\jdk-20\bin\fontmanager.dll
0x00007fffcf360000 - 0x00007fffcf4aa000 	C:\WINDOWS\SYSTEM32\textinputframework.dll
0x00007fffe1f00000 - 0x00007fffe1ff9000 	C:\WINDOWS\SYSTEM32\DNSAPI.dll
0x00007fffe1e90000 - 0x00007fffe1ebd000 	C:\WINDOWS\SYSTEM32\IPHLPAPI.DLL
0x00007fffe4ce0000 - 0x00007fffe4ce9000 	C:\WINDOWS\System32\NSI.dll
0x00007fffd6870000 - 0x00007fffd687a000 	C:\Windows\System32\rasadhlp.dll
0x00007fffd9eb0000 - 0x00007fffd9f34000 	C:\WINDOWS\System32\fwpuclnt.dll
0x00007fffbaf60000 - 0x00007fffbaf67000 	C:\Program Files\Java\jdk-20\bin\extnet.dll
0x00007fffe0390000 - 0x00007fffe04c3000 	C:\WINDOWS\SYSTEM32\CoreMessaging.dll
0x00007fffdc0f0000 - 0x00007fffdc45c000 	C:\WINDOWS\SYSTEM32\CoreUIComponents.dll
0x00007fffe2ae0000 - 0x00007fffe2aec000 	C:\WINDOWS\SYSTEM32\CRYPTBASE.DLL

dbghelp: loaded successfully - version: 4.0.5 - missing functions: none
symbol engine: initialized successfully - sym options: 0x614 - pdb path: .;C:\Program Files\Java\jdk-20\bin;C:\WINDOWS\SYSTEM32;C:\WINDOWS\WinSxS\amd64_microsoft.windows.common-controls_6595b64144ccf1df_6.0.22621.2361_none_2712ced57382f843;C:\Program Files\Java\jdk-20\bin\server;C:\WINDOWS\System32\DriverStore\FileRepository\u0371182.inf_amd64_e046f8d87ec91fad\B371034

VM Arguments:
jvm_args: -Dfile.encoding=UTF-8 --module-path=C:\Users\Acer\Documents\NetBeansProjects\Trial1\build\classes 
java_command: View
java_class_path (initial): C:\Users\Acer\Desktop\mysql-connector-j-8.1.0\mysql-connector-j-8.1.0\mysql-connector-j-8.1.0.jar;C:\Users\Acer\Desktop\rs2xml.jar;C:\Users\Acer\Documents\NetBeansProjects\Trial1\build\classes
Launcher Type: SUN_STANDARD

[Global flags]
     intx CICompilerCount                          = 4                                         {product} {ergonomic}
     uint ConcGCThreads                            = 3                                         {product} {ergonomic}
     uint G1ConcRefinementThreads                  = 10                                        {product} {ergonomic}
   size_t G1HeapRegionSize                         = 1048576                                   {product} {ergonomic}
    uintx GCDrainStackTargetSize                   = 64                                        {product} {ergonomic}
   size_t InitialHeapSize                          = 123731968                                 {product} {ergonomic}
   size_t MarkStackSize                            = 4194304                                   {product} {ergonomic}
   size_t MaxHeapSize                              = 1971322880                                {product} {ergonomic}
   size_t MaxNewSize                               = 1182793728                                {product} {ergonomic}
   size_t MinHeapDeltaBytes                        = 1048576                                   {product} {ergonomic}
   size_t MinHeapSize                              = 8388608                                   {product} {ergonomic}
    uintx NonNMethodCodeHeapSize                   = 5839372                                {pd product} {ergonomic}
    uintx NonProfiledCodeHeapSize                  = 122909434                              {pd product} {ergonomic}
    uintx ProfiledCodeHeapSize                     = 122909434                              {pd product} {ergonomic}
    uintx ReservedCodeCacheSize                    = 251658240                              {pd product} {ergonomic}
     bool SegmentedCodeCache                       = true                                      {product} {ergonomic}
   size_t SoftMaxHeapSize                          = 1971322880                             {manageable} {ergonomic}
     bool UseCompressedClassPointers               = true                           {product lp64_product} {ergonomic}
     bool UseCompressedOops                        = true                           {product lp64_product} {ergonomic}
     bool UseG1GC                                  = true                                      {product} {ergonomic}
     bool UseLargePagesIndividualAllocation        = false                                  {pd product} {ergonomic}

Logging:
Log output configuration:
 #0: stdout all=warning uptime,level,tags foldmultilines=false
 #1: stderr all=off uptime,level,tags foldmultilines=false

Environment Variables:
PATH=C:\Python311\Scripts\;C:\Python311\;C:\Users\Acer\Documents\JAVA-CODES;C:\Program Files\MySQL\MySQL Shell 8.0\bin\;C:\Users\Acer\AppData\Local\Microsoft\WindowsApps;C:\Users\Acer\AppData\Local\Programs\Microsoft VS Code\bin;C:\MinGW\bin;C:\Program Files\MongoDB\Tools\100\bin;C:\Users\Acer\AppData\Roaming\npm;C:\Program Files\MongoDB\Server\6.0\bin\;C:\Program Files\mongosh\mongosh-1.10.3-win32-x64\bin;C:\Program Files\Java\jdk-20\bin\;C:\Program Files\nodejs;C:\Users\Acer\AppData\Roaming\nvm;C:\Program Files\nodejs;C:\Users\Acer\Desktop\mongodb-database-tools-windows-x86_64-100.7.5\mongodb-database-tools-windows-x86_64-100.7.5\bin;C:\Program Files\Git\cmd;C:\Program Files\nodejs\;C:\Program Files\nodejs\node_modules\npm\bin;C:\Program Files\NetBeans-18\netbeans\bin;C:\Program Files\MySQL\MySQL Shell 8.0\bin;C:\Program Files\MySQL;C:\Program Files\MySQL\MySQL Shell 8.0\bin\;C:\Users\Acer\AppData\Local\Microsoft\WindowsApps;C:\Users\Acer\AppData\Local\Programs\Microsoft VS Code\bin;C:\MinGW\bin;C:\Program Files\MongoDB\Tools\100\bin;C:\Program Files\MongoDB\Server\6.0\bin\;C:\Program Files\mongosh\mongosh-1.10.3-win32-x64\bin;C:\Users\Acer\AppData\Roaming\nvm;C:\Program Files\nodejs;C:\Users\Acer\AppData\Roaming\npm
USERNAME=Acer
OS=Windows_NT
PROCESSOR_IDENTIFIER=AMD64 Family 23 Model 104 Stepping 1, AuthenticAMD
TMP=C:\Users\Acer\AppData\Local\Temp
TEMP=C:\Users\Acer\AppData\Local\Temp




---------------  S Y S T E M  ---------------

OS:
 Windows 11 , 64 bit Build 22621 (10.0.22621.2428)
OS uptime: 1 days 0:12 hours

CPU: total 12 (initial active 12) (12 cores per cpu, 2 threads per core) family 23 model 104 stepping 1 microcode 0x0, cx8, cmov, fxsr, ht, mmx, 3dnowpref, sse, sse2, sse3, ssse3, sse4a, sse4.1, sse4.2, popcnt, lzcnt, tsc, tscinvbit, avx, avx2, aes, clmul, bmi1, bmi2, adx, sha, fma, vzeroupper, clflush, clflushopt, rdtscp, rdpid, f16c

Memory: 4k page, system-wide physical 7514M (524M free)
TotalPageFile size 31066M (AvailPageFile size 0M)
current process WorkingSet (physical memory assigned to process): 104M, peak: 104M
current process commit charge ("private bytes"): 260M, peak: 267M

vm_info: Java HotSpot(TM) 64-Bit Server VM (20.0.1+9-29) for windows-amd64 JRE (20.0.1+9-29), built on 2023-03-07T13:56:11Z by "mach5one" with MS VC++ 17.1 (VS2022)

END.
